Logging started @ 2025-09-01 02:56
DLL version: V8.60 , Compiled: Aug 13 2025 12:08:34
T42B4 003:780.601   Firmware: J-Link V11 compiled Apr  1 2025 10:02:30
T42B4 003:782.215   Firmware: J-Link V11 compiled Apr  1 2025 10:02:30
T42B4 003:803.210   Hardware: V11.00
T42B4 003:803.260   S/N: 601002656
T42B4 003:803.271   OEM: SEGGER
T42B4 003:803.283   Feature(s): RDI, FlashBP, FlashDL, JFlash, GDB
T42B4 003:805.019   Bootloader: 2019 Jul 04
T42B4 003:805.872   USB speed mode: High speed (480 MBit/s)
T42B4 003:806.344   TELNET listener socket opened on port 19021
T42B4 003:806.455   WEBSRV WEBSRV_Init(): Starting webserver thread(s)
T42B4 003:806.655   WEBSRV Webserver running on local port 19080
T42B4 003:806.830   Looking for J-Link GUI Server exe at: D:\ProgramFiles\IAR Systems\Embedded Workbench 9.1\arm\bin\JLinkGUIServer.exe
T42B4 003:806.921   Looking for J-Link GUI Server exe at: D:\ProgramFiles\SEGGER\JLink_V860\JLinkGUIServer.exe
T42B4 003:806.943   Forking J-Link GUI Server: D:\ProgramFiles\SEGGER\JLink_V860\JLinkGUIServer.exe
T42B4 003:838.368   J-Link GUI Server info: "J-Link GUI server V8.60 "
T42B4 003:840.813 - 64.816ms returns "O.K."
T42B4 003:841.569 JLINK_ExecCommand("ProjectFile = D:\02_ESTec\01_PRJ\07_HKMC\02_AVAS_Car_Test_Sample\03_Source\02_SDL\01_Working\tviibh4m\tools\iar\sram\cm0plus\settings\cm0plus_rev_b.jlink", ...). 
T42B4 003:854.820   Ref file found at: D:\ProgramFiles\IAR Systems\Embedded Workbench 9.1\arm\bin\JLinkDevices.ref
T42B4 003:854.984   REF file references invalid XML file: D:\ProgramFiles\SEGGER\JLink_V860\JLinkDevices.xml
T42B4 003:855.957 - 14.372ms returns 0x00
T42B4 003:856.270 JLINK_ExecCommand("device = CYT3BB_M0+", ...). 
T42B4 003:856.877   Flash bank @ 0x10000000: SFL: Parsing sectorization info from ELF file
T42B4 003:856.906     FlashDevice.SectorInfo[0]: .SectorSize = 0x00008000, .SectorStartAddr = 0x00000000
T42B4 003:856.919     FlashDevice.SectorInfo[1]: .SectorSize = 0x00002000, .SectorStartAddr = 0x001F0000
T42B4 003:856.931   FlashBank @0x10000000: Sectorization info from SFL ELF file ignored because sectorization override from DLL / XML file is active.
T42B4 003:857.291   Flash bank @ 0x14000000: SFL: Parsing sectorization info from ELF file
T42B4 003:857.317     FlashDevice.SectorInfo[0]: .SectorSize = 0x00000800, .SectorStartAddr = 0x00000000
T42B4 003:857.330     FlashDevice.SectorInfo[1]: .SectorSize = 0x00000080, .SectorStartAddr = 0x00018000
T42B4 003:857.342   FlashBank @0x14000000: Sectorization info from SFL ELF file ignored because sectorization override from DLL / XML file is active.
T42B4 003:857.476   Flash bank @ 0x10000000: SFL: Parsing sectorization info from ELF file
T42B4 003:857.490     FlashDevice.SectorInfo[0]: .SectorSize = 0x00000200, .SectorStartAddr = 0x17000800
T42B4 003:857.502   FlashBank @0x17000800: Sectorization info from SFL ELF file ignored because sectorization override from DLL / XML file is active.
T42B4 003:857.558   Device "CYT3BBBCEB_M0" selected.
T42B4 003:857.965 - 1.671ms returns 0x00
T42B4 003:857.996 JLINK_ExecCommand("CORESIGHT_SetMTBBaseAddr 0xf0003000", ...). 
T42B4 003:858.014 - 0.003ms returns 0x00
T42B4 003:858.026 JLINK_GetDLLVersion()
T42B4 003:858.038 - 0.011ms returns 86000
T42B4 003:858.064 JLINK_GetCompileDateTime()
T42B4 003:858.076 - 0.012ms 
T42B4 003:858.128 JLINK_GetFirmwareString(...)
T42B4 003:858.141 - 0.013ms 
T42B4 003:858.170 JLINK_TIF_Select(JLINKARM_TIF_SWD)
T42B4 003:859.192 - 1.024ms returns 0x00
T42B4 003:859.233 JLINK_EMU_GetProductId()
T42B4 003:859.248 - 0.015ms 
T42B4 003:859.261 JLINK_SelectDeviceFamily(6)
T42B4 003:859.274 - 0.013ms 
T42B4 003:859.304 JLINK_SetSpeed(1000)
T42B4 003:859.532 - 0.227ms 
T42B4 003:859.563 JLINK_SetResetType(JLINKARM_RESET_TYPE_NORMAL)
T42B4 003:859.576 - 0.013ms returns JLINKARM_RESET_TYPE_NORMAL
T42B4 003:859.589 JLINK_ExecCommand("SetResetPulseLen = 200", ...). 
T42B4 003:859.607 - 0.004ms returns 0x14
T42B4 003:859.620 JLINK_SetResetDelay(0)
T42B4 003:859.632 - 0.011ms 
T42B4 003:859.644 JLINK_ResetPullsRESET(ON)
T42B4 003:859.689 - 0.045ms 
T42B4 003:859.705 JLINK_Reset()
T42B4 003:860.052   ConfigTargetSettings() start
T42B4 003:860.069    J-Link Script File: Executing ConfigTargetSettings()
T42B4 003:860.114   Disabling optimizations:
 - Compare
 - SkipBlankDataOnProg
 - Flash breakpoints
T42B4 003:868.717   ConfigTargetSettings() end - Took 8.57ms
T42B4 003:869.742   Found SW-DP with ID 0x6BA02477
T42B4 003:873.180   DPIDR: 0x6BA02477
T42B4 003:873.224   CoreSight SoC-400 or earlier
T42B4 003:873.255   AP map detection skipped. Manually configured AP map found.
T42B4 003:873.280   AP[0]: APB-AP (IDR: Not set, ADDR: 0x00000000)
T42B4 003:873.302   AP[1]: AHB-AP (IDR: Not set, ADDR: 0x00000000)
T42B4 003:873.325   AP[2]: AHB-AP (IDR: Not set, ADDR: 0x00000000)
T42B4 003:873.347   AP[3]: AHB-AP (IDR: Not set, ADDR: 0x00000000)
T42B4 003:874.333   AP[1]: Core found
T42B4 003:874.406   AP[1]: AHB-AP ROM base: 0xF0000000
T42B4 003:874.986   CPUID register: 0x410CC601. Implementer code: 0x41 (ARM)
T42B4 003:875.014   Found Cortex-M0 r0p1, Little endian.
T42B4 003:875.558   -- Max. mem block: 0x00005CF8
T42B4 003:876.106   CPU_ReadMem(4 bytes @ 0xE000EDF0)
T42B4 003:876.724   CPU_WriteMem(4 bytes @ 0xE000EDF0)
T42B4 003:877.314   CPU_ReadMem(4 bytes @ 0xE0002000)
T42B4 003:877.946   FPUnit: 4 code (BP) slots and 0 literal slots
T42B4 003:877.962   CPU_ReadMem(4 bytes @ 0xE000EDFC)
T42B4 003:878.519   CPU_WriteMem(4 bytes @ 0xE000EDFC)
T42B4 003:879.144   CPU_ReadMem(4 bytes @ 0xE0001000)
T42B4 003:879.774   CPU_WriteMem(4 bytes @ 0xE0001000)
T42B4 003:880.496   CoreSight components:
T42B4 003:880.532   ROMTbl[0] @ F0000000
T42B4 003:880.546   CPU_ReadMem(64 bytes @ 0xF0000000)
T42B4 003:882.025   CPU_ReadMem(32 bytes @ 0xE00FFFE0)
T42B4 003:883.101   [0][0]: E00FF000 CID B105100D PID 000BB4C0 ROM Table
T42B4 003:883.137   ROMTbl[1] @ E00FF000
T42B4 003:883.151   CPU_ReadMem(64 bytes @ 0xE00FF000)
T42B4 003:884.723   CPU_ReadMem(32 bytes @ 0xE000EFE0)
T42B4 003:885.736   [1][0]: E000E000 CID B105E00D PID 000BB008 SCS
T42B4 003:885.751   CPU_ReadMem(32 bytes @ 0xE0001FE0)
T42B4 003:886.766   [1][1]: E0001000 CID B105E00D PID 000BB00A DWT
T42B4 003:886.780   CPU_ReadMem(32 bytes @ 0xE0002FE0)
T42B4 003:887.861   [1][2]: E0002000 CID B105E00D PID 000BB00B FPB
T42B4 003:887.884   CPU_ReadMem(32 bytes @ 0xF0002FE0)
T42B4 003:888.850   [0][1]: F0002000 CID B105900D PID 005BB906 CTI
T42B4 003:888.866   CPU_ReadMem(32 bytes @ 0xF0003FE0)
T42B4 003:889.866   [0][2]: F0003000 CID B105900D PID 001BB932 MTB-M0+
T42B4 003:889.914   JLINK_GetResetTypeDesc
T42B4 003:889.927   - 0.013ms 
T42B4 003:889.952   Reset type: NORMAL (https://wiki.segger.com/J-Link_Reset_Strategies)
T42B4 003:889.968   CPU is running
T42B4 003:889.981   CPU_WriteMem(4 bytes @ 0xE000EDF0)
T42B4 003:890.682   CPU is running
T42B4 003:890.696   CPU_WriteMem(4 bytes @ 0xE000EDFC)
T42B4 003:891.340   Reset: Halt core after reset via DEMCR.VC_CORERESET.
T42B4 003:891.915   Reset: Reset device via AIRCR.SYSRESETREQ.
T42B4 003:891.931   CPU is running
T42B4 003:891.943   CPU_WriteMem(4 bytes @ 0xE000ED0C)
T42B4 004:047.049   CPU_ReadMem(4 bytes @ 0xE000EDF0)
T42B4 004:047.799   CPU_ReadMem(4 bytes @ 0xE000EDF0)
T42B4 004:049.258   Core did not halt after reset, halting it manually.
T42B4 004:049.295   CPU is running
T42B4 004:049.309   CPU_WriteMem(4 bytes @ 0xE000EDF0)
T42B4 004:049.869   CPU is running
T42B4 004:049.893   CPU_WriteMem(4 bytes @ 0xE000EDFC)
T42B4 004:056.945   CPU_ReadMem(4 bytes @ 0xE000EDF0)
T42B4 004:064.124   CPU_WriteMem(4 bytes @ 0xE0002000)
T42B4 004:064.766   CPU_ReadMem(4 bytes @ 0xE000EDFC)
T42B4 004:065.368   CPU_ReadMem(4 bytes @ 0xE0001000)
T42B4 004:065.950   CPU_WriteMem(4 bytes @ 0xE0001000)
T42B4 004:066.564 - 206.858ms 
T42B4 004:066.656 JLINK_IsHalted()
T42B4 004:066.673 - 0.016ms returns TRUE
T42B4 004:066.686 JLINK_Halt()
T42B4 004:066.698 - 0.011ms returns 0x00
T42B4 004:067.652 JLINK_ReadMemU32(0xE000ED00, 0x1 Items)
T42B4 004:067.697   CPU_ReadMem(4 bytes @ 0xE000ED00)
T42B4 004:068.544   Data:  01 C6 0C 41
T42B4 004:068.577   Debug reg: CPUID
T42B4 004:068.590 - 0.937ms returns 1 (0x1)
T42B4 004:068.613 JLINK_ReadMemU32(0xE00FF000, 0x1 Items)
T42B4 004:068.630   CPU_ReadMem(4 bytes @ 0xE00FF000)
T42B4 004:069.191   Data:  03 F0 F0 FF
T42B4 004:069.214 - 0.600ms returns 1 (0x1)
T42B4 004:069.230 JLINK_ReadMemU32(0xE00FF004, 0x1 Items)
T42B4 004:069.245   CPU_ReadMem(4 bytes @ 0xE00FF004)
T42B4 004:069.807   Data:  03 20 F0 FF
T42B4 004:069.848 - 0.617ms returns 1 (0x1)
T42B4 004:069.868 JLINK_ReadMemU32(0xE00FF008, 0x1 Items)
T42B4 004:069.884   CPU_ReadMem(4 bytes @ 0xE00FF008)
T42B4 004:070.595   Data:  03 30 F0 FF
T42B4 004:070.625 - 0.756ms returns 1 (0x1)
T42B4 004:070.641 JLINK_ReadMemU32(0xE00FF00C, 0x1 Items)
T42B4 004:070.656   CPU_ReadMem(4 bytes @ 0xE00FF00C)
T42B4 004:071.368   Data:  00 00 00 00
T42B4 004:071.384 - 0.742ms returns 1 (0x1)
T42B4 004:071.398 JLINK_ReadMemU32(0xE00FFFD0, 0x1 Items)
T42B4 004:071.412   CPU_ReadMem(4 bytes @ 0xE00FFFD0)
T42B4 004:072.125   Data:  04 00 00 00
T42B4 004:072.140 - 0.742ms returns 1 (0x1)
T42B4 004:072.156 JLINK_ReadMemU32(0xE00FFFD4, 0x1 Items)
T42B4 004:072.168   CPU_ReadMem(4 bytes @ 0xE00FFFD4)
T42B4 004:072.869   Data:  00 00 00 00
T42B4 004:072.884 - 0.728ms returns 1 (0x1)
T42B4 004:072.897 JLINK_ReadMemU32(0xE00FFFD8, 0x1 Items)
T42B4 004:072.910   CPU_ReadMem(4 bytes @ 0xE00FFFD8)
T42B4 004:073.622   Data:  00 00 00 00
T42B4 004:073.636 - 0.738ms returns 1 (0x1)
T42B4 004:073.650 JLINK_ReadMemU32(0xE00FFFDC, 0x1 Items)
T42B4 004:073.663   CPU_ReadMem(4 bytes @ 0xE00FFFDC)
T42B4 004:074.354   Data:  00 00 00 00
T42B4 004:074.368 - 0.718ms returns 1 (0x1)
T42B4 004:074.382 JLINK_ReadMemU32(0xE00FFFE0, 0x1 Items)
T42B4 004:074.395   CPU_ReadMem(4 bytes @ 0xE00FFFE0)
T42B4 004:075.100   Data:  C0 00 00 00
T42B4 004:075.114 - 0.732ms returns 1 (0x1)
T42B4 004:075.128 JLINK_ReadMemU32(0xE00FFFE4, 0x1 Items)
T42B4 004:075.141   CPU_ReadMem(4 bytes @ 0xE00FFFE4)
T42B4 004:075.810   Data:  B4 00 00 00
T42B4 004:075.824 - 0.696ms returns 1 (0x1)
T42B4 004:075.838 JLINK_ReadMemU32(0xE00FFFE8, 0x1 Items)
T42B4 004:075.851   CPU_ReadMem(4 bytes @ 0xE00FFFE8)
T42B4 004:076.436   Data:  0B 00 00 00
T42B4 004:076.450 - 0.612ms returns 1 (0x1)
T42B4 004:076.464 JLINK_ReadMemU32(0xE00FFFEC, 0x1 Items)
T42B4 004:076.476   CPU_ReadMem(4 bytes @ 0xE00FFFEC)
T42B4 004:077.188   Data:  00 00 00 00
T42B4 004:077.202 - 0.737ms returns 1 (0x1)
T42B4 004:077.215 JLINK_ReadMemU32(0xE00FFFF0, 0x1 Items)
T42B4 004:077.228   CPU_ReadMem(4 bytes @ 0xE00FFFF0)
T42B4 004:077.788   Data:  0D 00 00 00
T42B4 004:077.803 - 0.588ms returns 1 (0x1)
T42B4 004:077.816 JLINK_ReadMemU32(0xE00FFFF4, 0x1 Items)
T42B4 004:077.829   CPU_ReadMem(4 bytes @ 0xE00FFFF4)
T42B4 004:078.536   Data:  10 00 00 00
T42B4 004:078.550 - 0.733ms returns 1 (0x1)
T42B4 004:078.564 JLINK_ReadMemU32(0xE00FFFF8, 0x1 Items)
T42B4 004:078.576   CPU_ReadMem(4 bytes @ 0xE00FFFF8)
T42B4 004:079.285   Data:  05 00 00 00
T42B4 004:079.300 - 0.736ms returns 1 (0x1)
T42B4 004:079.313 JLINK_ReadMemU32(0xE00FFFFC, 0x1 Items)
T42B4 004:079.326   CPU_ReadMem(4 bytes @ 0xE00FFFFC)
T42B4 004:080.023   Data:  B1 00 00 00
T42B4 004:080.043 - 0.729ms returns 1 (0x1)
T42B4 004:080.057 JLINK_ReadMemU32(0xE000EFD0, 0x1 Items)
T42B4 004:080.071   CPU_ReadMem(4 bytes @ 0xE000EFD0)
T42B4 004:080.652   Data:  04 00 00 00
T42B4 004:080.684 - 0.626ms returns 1 (0x1)
T42B4 004:080.700 JLINK_ReadMemU32(0xE000EFD4, 0x1 Items)
T42B4 004:080.716   CPU_ReadMem(4 bytes @ 0xE000EFD4)
T42B4 004:081.399   Data:  00 00 00 00
T42B4 004:081.414 - 0.713ms returns 1 (0x1)
T42B4 004:081.428 JLINK_ReadMemU32(0xE000EFD8, 0x1 Items)
T42B4 004:081.441   CPU_ReadMem(4 bytes @ 0xE000EFD8)
T42B4 004:082.140   Data:  00 00 00 00
T42B4 004:082.155 - 0.727ms returns 1 (0x1)
T42B4 004:082.169 JLINK_ReadMemU32(0xE000EFDC, 0x1 Items)
T42B4 004:082.182   CPU_ReadMem(4 bytes @ 0xE000EFDC)
T42B4 004:082.840   Data:  00 00 00 00
T42B4 004:082.864 - 0.694ms returns 1 (0x1)
T42B4 004:082.883 JLINK_ReadMemU32(0xE000EFE0, 0x1 Items)
T42B4 004:082.900   CPU_ReadMem(4 bytes @ 0xE000EFE0)
T42B4 004:083.486   Data:  08 00 00 00
T42B4 004:083.500 - 0.617ms returns 1 (0x1)
T42B4 004:083.514 JLINK_ReadMemU32(0xE000EFE4, 0x1 Items)
T42B4 004:083.527   CPU_ReadMem(4 bytes @ 0xE000EFE4)
T42B4 004:084.094   Data:  B0 00 00 00
T42B4 004:084.108 - 0.593ms returns 1 (0x1)
T42B4 004:084.121 JLINK_ReadMemU32(0xE000EFE8, 0x1 Items)
T42B4 004:084.134   CPU_ReadMem(4 bytes @ 0xE000EFE8)
T42B4 004:084.827   Data:  0B 00 00 00
T42B4 004:084.841 - 0.719ms returns 1 (0x1)
T42B4 004:084.854 JLINK_ReadMemU32(0xE000EFEC, 0x1 Items)
T42B4 004:084.867   CPU_ReadMem(4 bytes @ 0xE000EFEC)
T42B4 004:085.459   Data:  00 00 00 00
T42B4 004:085.474 - 0.619ms returns 1 (0x1)
T42B4 004:085.487 JLINK_ReadMemU32(0xE000EFF0, 0x1 Items)
T42B4 004:085.500   CPU_ReadMem(4 bytes @ 0xE000EFF0)
T42B4 004:086.236   Data:  0D 00 00 00
T42B4 004:086.251 - 0.763ms returns 1 (0x1)
T42B4 004:086.264 JLINK_ReadMemU32(0xE000EFF4, 0x1 Items)
T42B4 004:086.277   CPU_ReadMem(4 bytes @ 0xE000EFF4)
T42B4 004:086.936   Data:  E0 00 00 00
T42B4 004:086.950 - 0.685ms returns 1 (0x1)
T42B4 004:086.963 JLINK_ReadMemU32(0xE000EFF8, 0x1 Items)
T42B4 004:086.976   CPU_ReadMem(4 bytes @ 0xE000EFF8)
T42B4 004:087.713   Data:  05 00 00 00
T42B4 004:087.728 - 0.764ms returns 1 (0x1)
T42B4 004:087.741 JLINK_ReadMemU32(0xE000EFFC, 0x1 Items)
T42B4 004:087.755   CPU_ReadMem(4 bytes @ 0xE000EFFC)
T42B4 004:088.414   Data:  B1 00 00 00
T42B4 004:088.428 - 0.687ms returns 1 (0x1)
T42B4 004:088.442 JLINK_ReadMemU32(0xE0001FD0, 0x1 Items)
T42B4 004:088.455   CPU_ReadMem(4 bytes @ 0xE0001FD0)
T42B4 004:089.056   Data:  04 00 00 00
T42B4 004:089.070   Debug reg: DWT_PID4
T42B4 004:089.082 - 0.639ms returns 1 (0x1)
T42B4 004:089.094 JLINK_ReadMemU32(0xE0001FD4, 0x1 Items)
T42B4 004:089.107   CPU_ReadMem(4 bytes @ 0xE0001FD4)
T42B4 004:089.789   Data:  00 00 00 00
T42B4 004:089.804   Debug reg: DWT_PID5
T42B4 004:089.815 - 0.720ms returns 1 (0x1)
T42B4 004:089.828 JLINK_ReadMemU32(0xE0001FD8, 0x1 Items)
T42B4 004:089.842   CPU_ReadMem(4 bytes @ 0xE0001FD8)
T42B4 004:090.484   Data:  00 00 00 00
T42B4 004:090.508   Debug reg: DWT_PID6
T42B4 004:090.520 - 0.691ms returns 1 (0x1)
T42B4 004:090.534 JLINK_ReadMemU32(0xE0001FDC, 0x1 Items)
T42B4 004:090.548   CPU_ReadMem(4 bytes @ 0xE0001FDC)
T42B4 004:091.153   Data:  00 00 00 00
T42B4 004:091.170   Debug reg: DWT_PID7
T42B4 004:091.183 - 0.648ms returns 1 (0x1)
T42B4 004:091.201 JLINK_ReadMemU32(0xE0001FE0, 0x1 Items)
T42B4 004:091.214   CPU_ReadMem(4 bytes @ 0xE0001FE0)
T42B4 004:091.890   Data:  0A 00 00 00
T42B4 004:091.905   Debug reg: DWT_PID[0]
T42B4 004:091.917 - 0.716ms returns 1 (0x1)
T42B4 004:091.934 JLINK_ReadMemU32(0xE0001FE4, 0x1 Items)
T42B4 004:091.948   CPU_ReadMem(4 bytes @ 0xE0001FE4)
T42B4 004:092.628   Data:  B0 00 00 00
T42B4 004:092.642   Debug reg: DWT_PID[1]
T42B4 004:092.653 - 0.719ms returns 1 (0x1)
T42B4 004:092.669 JLINK_ReadMemU32(0xE0001FE8, 0x1 Items)
T42B4 004:092.683   CPU_ReadMem(4 bytes @ 0xE0001FE8)
T42B4 004:093.406   Data:  0B 00 00 00
T42B4 004:093.420   Debug reg: DWT_PID[2]
T42B4 004:093.432 - 0.762ms returns 1 (0x1)
T42B4 004:093.447 JLINK_ReadMemU32(0xE0001FEC, 0x1 Items)
T42B4 004:093.460   CPU_ReadMem(4 bytes @ 0xE0001FEC)
T42B4 004:094.143   Data:  00 00 00 00
T42B4 004:094.157   Debug reg: DWT_PID[3]
T42B4 004:094.169 - 0.722ms returns 1 (0x1)
T42B4 004:094.184 JLINK_ReadMemU32(0xE0001FF0, 0x1 Items)
T42B4 004:094.198   CPU_ReadMem(4 bytes @ 0xE0001FF0)
T42B4 004:094.872   Data:  0D 00 00 00
T42B4 004:094.887   Debug reg: DWT_CID[0]
T42B4 004:094.899 - 0.714ms returns 1 (0x1)
T42B4 004:094.914 JLINK_ReadMemU32(0xE0001FF4, 0x1 Items)
T42B4 004:094.928   CPU_ReadMem(4 bytes @ 0xE0001FF4)
T42B4 004:095.644   Data:  E0 00 00 00
T42B4 004:095.658   Debug reg: DWT_CID[1]
T42B4 004:095.670 - 0.755ms returns 1 (0x1)
T42B4 004:095.685 JLINK_ReadMemU32(0xE0001FF8, 0x1 Items)
T42B4 004:095.698   CPU_ReadMem(4 bytes @ 0xE0001FF8)
T42B4 004:096.376   Data:  05 00 00 00
T42B4 004:096.392   Debug reg: DWT_CID[2]
T42B4 004:096.403 - 0.718ms returns 1 (0x1)
T42B4 004:096.448 JLINK_ReadMemU32(0xE0001FFC, 0x1 Items)
T42B4 004:096.463   CPU_ReadMem(4 bytes @ 0xE0001FFC)
T42B4 004:097.142   Data:  B1 00 00 00
T42B4 004:097.156   Debug reg: DWT_CID[3]
T42B4 004:097.168 - 0.720ms returns 1 (0x1)
T42B4 004:097.181 JLINK_ReadMemU32(0xE0002FD0, 0x1 Items)
T42B4 004:097.194   CPU_ReadMem(4 bytes @ 0xE0002FD0)
T42B4 004:097.888   Data:  04 00 00 00
T42B4 004:097.909   Debug reg: FP_PID4
T42B4 004:097.925 - 0.743ms returns 1 (0x1)
T42B4 004:097.945 JLINK_ReadMemU32(0xE0002FD4, 0x1 Items)
T42B4 004:097.965   CPU_ReadMem(4 bytes @ 0xE0002FD4)
T42B4 004:098.632   Data:  00 00 00 00
T42B4 004:098.652   Debug reg: FP_PID5
T42B4 004:098.664 - 0.719ms returns 1 (0x1)
T42B4 004:098.678 JLINK_ReadMemU32(0xE0002FD8, 0x1 Items)
T42B4 004:098.692   CPU_ReadMem(4 bytes @ 0xE0002FD8)
T42B4 004:099.372   Data:  00 00 00 00
T42B4 004:099.388   Debug reg: FP_PID6
T42B4 004:099.399 - 0.721ms returns 1 (0x1)
T42B4 004:099.412 JLINK_ReadMemU32(0xE0002FDC, 0x1 Items)
T42B4 004:099.426   CPU_ReadMem(4 bytes @ 0xE0002FDC)
T42B4 004:100.074   Data:  00 00 00 00
T42B4 004:100.098   Debug reg: FP_PID7
T42B4 004:100.110 - 0.697ms returns 1 (0x1)
T42B4 004:100.125 JLINK_ReadMemU32(0xE0002FE0, 0x1 Items)
T42B4 004:100.139   CPU_ReadMem(4 bytes @ 0xE0002FE0)
T42B4 004:100.736   Data:  0B 00 00 00
T42B4 004:100.750   Debug reg: FP_PID[0]
T42B4 004:100.762 - 0.637ms returns 1 (0x1)
T42B4 004:100.776 JLINK_ReadMemU32(0xE0002FE4, 0x1 Items)
T42B4 004:100.789   CPU_ReadMem(4 bytes @ 0xE0002FE4)
T42B4 004:101.485   Data:  B0 00 00 00
T42B4 004:101.499   Debug reg: FP_PID[1]
T42B4 004:101.511 - 0.735ms returns 1 (0x1)
T42B4 004:101.524 JLINK_ReadMemU32(0xE0002FE8, 0x1 Items)
T42B4 004:101.536   CPU_ReadMem(4 bytes @ 0xE0002FE8)
T42B4 004:102.174   Data:  0B 00 00 00
T42B4 004:102.189   Debug reg: FP_PID[2]
T42B4 004:102.201 - 0.676ms returns 1 (0x1)
T42B4 004:102.214 JLINK_ReadMemU32(0xE0002FEC, 0x1 Items)
T42B4 004:102.226   CPU_ReadMem(4 bytes @ 0xE0002FEC)
T42B4 004:102.999   Data:  00 00 00 00
T42B4 004:103.013   Debug reg: FP_PID[3]
T42B4 004:103.025 - 0.811ms returns 1 (0x1)
T42B4 004:103.038 JLINK_ReadMemU32(0xE0002FF0, 0x1 Items)
T42B4 004:103.051   CPU_ReadMem(4 bytes @ 0xE0002FF0)
T42B4 004:103.729   Data:  0D 00 00 00
T42B4 004:103.743   Debug reg: FP_CID[0]
T42B4 004:103.755 - 0.716ms returns 1 (0x1)
T42B4 004:103.768 JLINK_ReadMemU32(0xE0002FF4, 0x1 Items)
T42B4 004:103.781   CPU_ReadMem(4 bytes @ 0xE0002FF4)
T42B4 004:104.512   Data:  E0 00 00 00
T42B4 004:104.527   Debug reg: FP_CID[1]
T42B4 004:104.538 - 0.770ms returns 1 (0x1)
T42B4 004:104.552 JLINK_ReadMemU32(0xE0002FF8, 0x1 Items)
T42B4 004:104.564   CPU_ReadMem(4 bytes @ 0xE0002FF8)
T42B4 004:105.193   Data:  05 00 00 00
T42B4 004:105.208   Debug reg: FP_CID[2]
T42B4 004:105.220 - 0.668ms returns 1 (0x1)
T42B4 004:105.233 JLINK_ReadMemU32(0xE0002FFC, 0x1 Items)
T42B4 004:105.246   CPU_ReadMem(4 bytes @ 0xE0002FFC)
T42B4 004:105.977   Data:  B1 00 00 00
T42B4 004:105.991   Debug reg: FP_CID[3]
T42B4 004:106.003 - 0.769ms returns 1 (0x1)
T42B4 004:108.014 JLINK_ReadMemU32(0x40240000, 0x1 Items)
T42B4 004:108.048   CPU_ReadMem(4 bytes @ 0x40240000)
T42B4 004:108.785   Data:  00 00 01 01
T42B4 004:108.803 - 0.789ms returns 1 (0x1)
T42B4 004:121.185 JLINK_GetSpeed()
T42B4 004:121.224 - 0.039ms returns 1000
T42B4 004:121.238 JLINK_SetMaxSpeed()
T42B4 004:121.528 - 0.289ms 
T42B4 004:121.587 JLINK_BeginDownload(Flags = 0x00000003)
T42B4 004:121.603 - 0.015ms 
T42B4 004:493.694 JLINK_WriteMem(0x28000800, 0x290C Bytes, ...)
T42B4 004:493.747   Data:  00 00 02 28 E1 27 00 28 F5 29 00 28 F1 28 00 28 ...
T42B4 004:493.949    -- Need to split memory access
T42B4 004:493.972    -- #0: 0x28000800, 0x00000400 bytes
T42B4 004:493.993   CPU_WriteMem(1024 bytes @ 0x28000800)
T42B4 004:500.785    -- #1: 0x28000C00, 0x0000250C bytes
T42B4 004:500.858   CPU_WriteMem(9484 bytes @ 0x28000C00)
T42B4 004:559.370 - 65.675ms returns 0x290C
T42B4 004:559.595 JLINK_WriteMem(0x28003280, 0x128 Bytes, ...)
T42B4 004:559.647   Data:  F0 02 FF 09 24 00 28 04 F1 FF 04 F1 FF 04 F1 FF ...
T42B4 004:559.706   CPU_WriteMem(296 bytes @ 0x28003280)
T42B4 004:562.334 - 2.739ms returns 0x128
T42B4 004:562.455 JLINK_WriteU16(0x280033A8, 0x00000000)
T42B4 004:562.512   CPU_WriteMem(2 bytes @ 0x280033A8)
T42B4 004:563.269 - 0.813ms returns 0 (0x00000000)
T42B4 004:563.402 JLINK_EndDownload()
T42B4 004:563.449 - 0.047ms returns 0 (0x0)
T42B4 004:563.511 JLINK_ReadMemU32(0x28000800, 0x800 Items)
T42B4 004:563.561   CPU_ReadMem(1024 bytes @ 0x28000800)
T42B4 004:570.740   CPU_ReadMem(7168 bytes @ 0x28000C00)
T42B4 004:616.649    -- Updating C cache (7168 bytes @ 0x28000C00)
T42B4 004:616.793    -- Read from C cache (7168 bytes @ 0x28000C00)
T42B4 004:616.839   Data:  00 00 02 28 E1 27 00 28 F5 29 00 28 F1 28 00 28 ...
T42B4 004:616.881 - 53.370ms returns 2048 (0x800)
T42B4 004:616.961 JLINK_ReadMemU32(0x28002800, 0x243 Items)
T42B4 004:617.022   CPU_ReadMem(2368 bytes @ 0x28002800)
T42B4 004:632.733    -- Updating C cache (2368 bytes @ 0x28002800)
T42B4 004:632.882    -- Read from C cache (2316 bytes @ 0x28002800)
T42B4 004:632.927   Data:  0C 49 0A 68 02 43 0A 60 00 20 00 21 0D 4A 03 C2 ...
T42B4 004:632.969 - 16.008ms returns 579 (0x243)
T42B4 004:633.094 JLINK_ReadMemU32(0x28003280, 0x4A Items)
T42B4 004:633.153   CPU_ReadMem(320 bytes @ 0x28003280)
T42B4 004:636.055    -- Updating C cache (320 bytes @ 0x28003280)
T42B4 004:636.150    -- Read from C cache (296 bytes @ 0x28003280)
T42B4 004:636.193   Data:  F0 02 FF 09 24 00 28 04 F1 FF 04 F1 FF 04 F1 FF ...
T42B4 004:636.233 - 3.138ms returns 74 (0x4A)
T42B4 004:636.317 JLINK_ReadMemU16(0x280033A8, 0x1 Items)
T42B4 004:636.367    -- Read from C cache (2 bytes @ 0x280033A8)
T42B4 004:636.409   Data:  00 00
T42B4 004:636.454 - 0.137ms returns 1 (0x1)
T42B4 004:646.934 JLINK_CORESIGHT_WriteAPDPReg(DP reg 0x02, 0x01000000)
T42B4 004:647.360 - 0.425ms returns 0
T42B4 004:647.459 JLINK_CORESIGHT_ReadAPDPReg(AP reg 0x00)
T42B4 004:647.941   Value=0x03800052
T42B4 004:647.960 - 0.501ms returns 0
T42B4 004:647.973 JLINK_CORESIGHT_WriteAPDPReg(AP reg 0x00, 0x03800042)
T42B4 004:648.242 - 0.268ms returns 0
T42B4 004:648.258 JLINK_CORESIGHT_WriteAPDPReg(AP reg 0x01, 0x17000000)
T42B4 004:648.581 - 0.322ms returns 0
T42B4 004:648.616 JLINK_CORESIGHT_ReadAPDPReg(AP reg 0x03)
T42B4 004:648.916   Value=0xE91A12FF
T42B4 004:648.931 - 0.315ms returns 0
T42B4 004:648.983 JLINK_CORESIGHT_WriteAPDPReg(DP reg 0x02, 0x01000000)
T42B4 004:649.245 - 0.261ms returns 0
T42B4 004:649.268 JLINK_CORESIGHT_ReadAPDPReg(AP reg 0x00)
T42B4 004:649.727   Value=0x03800042
T42B4 004:649.758 - 0.489ms returns 0
T42B4 004:649.772 JLINK_CORESIGHT_WriteAPDPReg(AP reg 0x01, 0xF0000FEC)
T42B4 004:650.120 - 0.347ms returns 0
T42B4 004:650.153 JLINK_CORESIGHT_ReadAPDPReg(AP reg 0x03)
T42B4 004:650.460   Value=0x00000020
T42B4 004:650.482 - 0.329ms returns 0
T42B4 004:650.537 JLINK_CORESIGHT_WriteAPDPReg(DP reg 0x02, 0x01000000)
T42B4 004:650.749 - 0.212ms returns 0
T42B4 004:650.766 JLINK_CORESIGHT_ReadAPDPReg(AP reg 0x00)
T42B4 004:651.157   Value=0x03800042
T42B4 004:651.173 - 0.407ms returns 0
T42B4 004:651.186 JLINK_CORESIGHT_WriteAPDPReg(AP reg 0x01, 0x17002004)
T42B4 004:651.525 - 0.339ms returns 0
T42B4 004:651.541 JLINK_CORESIGHT_ReadAPDPReg(AP reg 0x03)
T42B4 004:651.933   Value=0x23018001
T42B4 004:651.948 - 0.407ms returns 0
T42B4 004:651.973 JLINK_CORESIGHT_WriteAPDPReg(DP reg 0x02, 0x01000000)
T42B4 004:652.339 - 0.366ms returns 0
T42B4 004:652.355 JLINK_CORESIGHT_ReadAPDPReg(AP reg 0x00)
T42B4 004:652.657   Value=0x03800042
T42B4 004:652.673 - 0.317ms returns 0
T42B4 004:652.685 JLINK_CORESIGHT_WriteAPDPReg(AP reg 0x01, 0x17007DF8)
T42B4 004:653.001 - 0.315ms returns 0
T42B4 004:653.015 JLINK_CORESIGHT_ReadAPDPReg(AP reg 0x03)
T42B4 004:653.397   Value=0x00000243
T42B4 004:653.411 - 0.395ms returns 0
T42B4 004:653.444 JLINK_CORESIGHT_WriteAPDPReg(DP reg 0x02, 0x01000000)
T42B4 004:653.743 - 0.299ms returns 0
T42B4 004:653.759 JLINK_CORESIGHT_ReadAPDPReg(AP reg 0x00)
T42B4 004:654.147   Value=0x03800042
T42B4 004:654.161 - 0.401ms returns 0
T42B4 004:654.173 JLINK_CORESIGHT_WriteAPDPReg(AP reg 0x01, 0x402020C4)
T42B4 004:654.497 - 0.324ms returns 0
T42B4 004:654.512 JLINK_CORESIGHT_ReadAPDPReg(AP reg 0x03)
T42B4 004:654.897   Value=0x00000002
T42B4 004:654.911 - 0.399ms returns 0
T42B4 004:654.947 JLINK_CORESIGHT_WriteAPDPReg(DP reg 0x02, 0x01000000)
T42B4 004:655.271 - 0.323ms returns 0
T42B4 004:655.286 JLINK_CORESIGHT_ReadAPDPReg(AP reg 0x00)
T42B4 004:655.657   Value=0x03800042
T42B4 004:655.671 - 0.384ms returns 0
T42B4 004:655.683 JLINK_CORESIGHT_WriteAPDPReg(AP reg 0x01, 0x17002018)
T42B4 004:656.062 - 0.378ms returns 0
T42B4 004:656.077 JLINK_CORESIGHT_ReadAPDPReg(AP reg 0x03)
T42B4 004:656.415   Value=0x0000022A
T42B4 004:656.430 - 0.352ms returns 0
T42B4 004:656.487 JLINK_CORESIGHT_WriteAPDPReg(DP reg 0x02, 0x01000000)
T42B4 004:656.813 - 0.326ms returns 0
T42B4 004:656.829 JLINK_CORESIGHT_ReadAPDPReg(AP reg 0x00)
T42B4 004:657.165   Value=0x03800042
T42B4 004:657.179 - 0.350ms returns 0
T42B4 004:657.192 JLINK_CORESIGHT_WriteAPDPReg(AP reg 0x01, 0xF0000FE0)
T42B4 004:657.500 - 0.308ms returns 0
T42B4 004:657.515 JLINK_CORESIGHT_ReadAPDPReg(AP reg 0x03)
T42B4 004:657.896   Value=0x00000007
T42B4 004:657.910 - 0.395ms returns 0
T42B4 004:657.933 JLINK_CORESIGHT_WriteAPDPReg(DP reg 0x02, 0x01000000)
T42B4 004:658.248 - 0.314ms returns 0
T42B4 004:658.291 JLINK_CORESIGHT_ReadAPDPReg(AP reg 0x00)
T42B4 004:658.661   Value=0x03800042
T42B4 004:658.690 - 0.399ms returns 0
T42B4 004:658.704 JLINK_CORESIGHT_WriteAPDPReg(AP reg 0x01, 0xF0000FE4)
T42B4 004:658.998 - 0.293ms returns 0
T42B4 004:659.031 JLINK_CORESIGHT_ReadAPDPReg(AP reg 0x03)
T42B4 004:659.339   Value=0x00000041
T42B4 004:659.361 - 0.330ms returns 0
T42B4 004:659.489 JLINK_CORESIGHT_WriteAPDPReg(DP reg 0x02, 0x01000000)
T42B4 004:659.744 - 0.254ms returns 0
T42B4 004:659.761 JLINK_CORESIGHT_ReadAPDPReg(AP reg 0x00)
T42B4 004:660.118   Value=0x03800042
T42B4 004:660.132 - 0.371ms returns 0
T42B4 004:660.145 JLINK_CORESIGHT_WriteAPDPReg(AP reg 0x01, 0xF0000FE8)
T42B4 004:660.371 - 0.226ms returns 0
T42B4 004:660.386 JLINK_CORESIGHT_ReadAPDPReg(AP reg 0x03)
T42B4 004:660.739   Value=0x0000001B
T42B4 004:660.753 - 0.366ms returns 0
T42B4 004:660.922 JLINK_SetResetType(JLINKARM_CM3_RESET_TYPE_NORMAL)
T42B4 004:660.940 - 0.017ms returns JLINKARM_CM3_RESET_TYPE_NORMAL
T42B4 004:660.955 JLINK_ExecCommand("SetResetPulseLen = 200", ...). 
T42B4 004:660.969 - 0.001ms returns 0xC8
T42B4 004:660.982 JLINK_SetResetDelay(0)
T42B4 004:660.994 - 0.011ms 
T42B4 004:661.008 JLINK_ResetPullsRESET(ON)
T42B4 004:661.020 - 0.011ms 
T42B4 004:661.032 JLINK_Reset()
T42B4 004:661.055   CPU_ReadMem(4 bytes @ 0x28003280)
T42B4 004:661.441   CPU_WriteMem(4 bytes @ 0x28003280)
T42B4 004:661.970   JLINK_GetResetTypeDesc
T42B4 004:661.985   - 0.014ms 
T42B4 004:662.023   Reset type: NORMAL (https://wiki.segger.com/J-Link_Reset_Strategies)
T42B4 004:662.037   CPU_WriteMem(4 bytes @ 0xE000EDF0)
T42B4 004:662.552   CPU_WriteMem(4 bytes @ 0xE000EDFC)
T42B4 004:663.011   Reset: Halt core after reset via DEMCR.VC_CORERESET.
T42B4 004:663.600   Reset: Reset device via AIRCR.SYSRESETREQ.
T42B4 004:663.616   CPU_WriteMem(4 bytes @ 0xE000ED0C)
T42B4 004:719.456   CPU_ReadMem(4 bytes @ 0xE000EDF0)
T42B4 004:720.438   CPU_ReadMem(4 bytes @ 0xE000EDF0)
T42B4 004:722.025   Core did not halt after reset, halting it manually.
T42B4 004:722.117   CPU is running
T42B4 004:722.161   CPU_WriteMem(4 bytes @ 0xE000EDF0)
T42B4 004:722.708   CPU is running
T42B4 004:722.760   CPU_WriteMem(4 bytes @ 0xE000EDFC)
T42B4 004:728.664   CPU_ReadMem(4 bytes @ 0xE000EDF0)
T42B4 004:732.554   CPU_WriteMem(4 bytes @ 0xE0002000)
T42B4 004:733.043   CPU_ReadMem(4 bytes @ 0xE000EDFC)
T42B4 004:733.480   CPU_ReadMem(4 bytes @ 0xE0001000)
T42B4 004:733.959   CPU_WriteMem(4 bytes @ 0xE0001000)
T42B4 004:734.419 - 73.386ms 
T42B4 004:734.490 JLINK_GetHWStatus(...)
T42B4 004:734.741 - 0.251ms returns 0
T42B4 004:734.757 JLINK_IsHalted()
T42B4 004:734.769 - 0.012ms returns TRUE
T42B4 004:734.782 JLINK_ReadMemU32(0xE000EDFC, 0x1 Items)
T42B4 004:734.801   CPU_ReadMem(4 bytes @ 0xE000EDFC)
T42B4 004:735.228   Data:  00 00 00 01
T42B4 004:735.270   Debug reg: DEMCR
T42B4 004:735.288 - 0.505ms returns 1 (0x1)
T42B4 004:735.315 JLINK_BeginDownload(Flags = 0x00000001)
T42B4 004:735.332 - 0.017ms 
T42B4 004:735.347 JLINK_WriteU32(0xE000EDFC, 0x01000000)
T42B4 004:735.359   Debug reg: DEMCR
T42B4 004:735.538 - 0.191ms returns 0 (0x00000000)
T42B4 004:735.556 JLINK_EndDownload()
T42B4 004:735.568 - 0.012ms returns 0 (0x0)
T42B4 004:735.582 JLINK_ReadMemU32(0xE0001004, 0x1 Items)
T42B4 004:735.596   CPU_ReadMem(4 bytes @ 0xE0001004)
T42B4 004:736.086   Data:  00 00 00 00
T42B4 004:736.109   Debug reg: DWT_CYCCNT
T42B4 004:736.122 - 0.540ms returns 1 (0x1)
T42B4 004:736.147 JLINK_ReadMemU32(0x28000800, 0x1 Items)
T42B4 004:736.162   CPU_ReadMem(4 bytes @ 0x28000800)
T42B4 004:736.544   Data:  00 00 02 28
T42B4 004:736.559 - 0.412ms returns 1 (0x1)
T42B4 004:736.573 JLINK_ReadMemU32(0x28000804, 0x1 Items)
T42B4 004:736.585   CPU_ReadMem(4 bytes @ 0x28000804)
T42B4 004:736.997   Data:  E1 27 00 28
T42B4 004:737.012 - 0.439ms returns 1 (0x1)
T42B4 004:737.031 JLINK_ReadRegs(NumRegs = 1)
T42B4 004:737.045     MSP (17) = 0x280BF7E8        
T42B4 004:737.057 - 0.026ms returns 0x00
T42B4 004:737.069 JLINK_ReadRegs(NumRegs = 1)
T42B4 004:737.081     PSP (18) = 0x2801FFF8        
T42B4 004:737.093 - 0.023ms returns 0x00
T42B4 004:737.105 JLINK_ReadRegs(NumRegs = 1)
T42B4 004:737.117     CFBP (20) = 0x00              
T42B4 004:737.129 - 0.024ms returns 0x00
T42B4 004:737.142 JLINK_WriteReg(MSP, 0x28020000)
T42B4 004:737.157 - 0.015ms returns 0
T42B4 004:737.171 JLINK_ReadRegs(NumRegs = 1)
T42B4 004:737.183     R15 (PC) (15) = 0x17004316        
T42B4 004:737.195 - 0.024ms returns 0x00
T42B4 004:737.207 JLINK_WriteReg(R15 (PC), 0x280027E0)
T42B4 004:737.219 - 0.011ms returns 0
T42B4 004:737.233 JLINK_ReadRegs(NumRegs = 1)
T42B4 004:737.247     R0 (0)  = 0x16F6D45         
T42B4 004:737.259 - 0.026ms returns 0x00
T42B4 004:737.271 JLINK_ReadRegs(NumRegs = 1)
T42B4 004:737.282     R1 (1)  = 0xF4240           
T42B4 004:737.294 - 0.023ms returns 0x00
T42B4 004:737.306 JLINK_ReadRegs(NumRegs = 1)
T42B4 004:737.317     R2 (2)  = 0x243             
T42B4 004:737.329 - 0.023ms returns 0x00
T42B4 004:737.341 JLINK_ReadRegs(NumRegs = 1)
T42B4 004:737.352     R3 (3)  = 0x20002           
T42B4 004:737.363 - 0.022ms returns 0x00
T42B4 004:737.376 JLINK_ReadRegs(NumRegs = 1)
T42B4 004:737.387     R4 (4)  = 0xF1000107        
T42B4 004:737.399 - 0.022ms returns 0x00
T42B4 004:737.411 JLINK_ReadRegs(NumRegs = 1)
T42B4 004:737.423     R5 (5)  = 0xFFFF0000        
T42B4 004:737.434 - 0.023ms returns 0x00
T42B4 004:737.446 JLINK_ReadRegs(NumRegs = 1)
T42B4 004:737.458     R6 (6)  = 0x02              
T42B4 004:737.469 - 0.023ms returns 0x00
T42B4 004:737.481 JLINK_ReadRegs(NumRegs = 1)
T42B4 004:737.493     R7 (7)  = 0x17007C00        
T42B4 004:737.505 - 0.023ms returns 0x00
T42B4 004:737.517 JLINK_ReadRegs(NumRegs = 1)
T42B4 004:737.529     R8 (8)  = 0xD3DD8DD1        
T42B4 004:737.541 - 0.024ms returns 0x00
T42B4 004:737.553 JLINK_ReadRegs(NumRegs = 1)
T42B4 004:737.565     R9 (9)  = 0x91FB9E6C        
T42B4 004:737.576 - 0.022ms returns 0x00
T42B4 004:737.589 JLINK_ReadRegs(NumRegs = 1)
T42B4 004:737.601     R10 (10) = 0xD7063F35        
T42B4 004:737.612 - 0.023ms returns 0x00
T42B4 004:737.624 JLINK_ReadRegs(NumRegs = 1)
T42B4 004:737.636     R11 (11) = 0xF1D78822        
T42B4 004:737.647 - 0.023ms returns 0x00
T42B4 004:737.659 JLINK_ReadRegs(NumRegs = 1)
T42B4 004:737.671     R12 (12) = 0x280BF334        
T42B4 004:737.682 - 0.023ms returns 0x00
T42B4 004:737.694 JLINK_ReadRegs(NumRegs = 1)
T42B4 004:737.706     MSP (17) = 0x28020000        
T42B4 004:737.764 - 0.069ms returns 0x00
T42B4 004:737.777 JLINK_ReadRegs(NumRegs = 1)
T42B4 004:737.789     PSP (18) = 0x2801FFF8        
T42B4 004:737.801 - 0.023ms returns 0x00
T42B4 004:737.813 JLINK_ReadRegs(NumRegs = 1)
T42B4 004:737.825     R14 (14) = 0x1700419B        
T42B4 004:737.836 - 0.023ms returns 0x00
T42B4 004:737.847 JLINK_ReadRegs(NumRegs = 1)
T42B4 004:737.859     R15 (PC) (15) = 0x280027E0        
T42B4 004:737.871 - 0.023ms returns 0x00
T42B4 004:737.883 JLINK_ReadRegs(NumRegs = 1)
T42B4 004:737.894     XPSR (16) = 0x21000000        
T42B4 004:737.905 - 0.023ms returns 0x00
T42B4 004:737.917 JLINK_ReadRegs(NumRegs = 1)
T42B4 004:737.929     CFBP (20) = 0x00              
T42B4 004:737.941 - 0.023ms returns 0x00
T42B4 004:737.954 JLINK_WriteReg(XPSR, 0x21000000)
T42B4 004:737.966 - 0.011ms returns 0
T42B4 004:737.989 JLINK_ReadRegs(NumRegs = 1)
T42B4 004:738.001     R15 (PC) (15) = 0x280027E0        
T42B4 004:738.013 - 0.024ms returns 0x00
T42B4 004:738.304 JLINK_SetBPEx(Addr = 0x280028D0, Type = 0xFFFFFFF2)
T42B4 004:738.329   CPU_ReadMem(2 bytes @ 0x280028D0)
T42B4 004:738.775 - 0.471ms returns 0x00000001
T42B4 004:738.796 JLINK_WriteVectorCatch(0x00000000)
T42B4 004:738.809 - 0.013ms returns 0
T3640 004:761.866 JLINK_ReadMemU16(0x280027E0, 0x1 Items)
T3640 004:761.947   CPU_ReadMem(64 bytes @ 0x280027C0)
T3640 004:762.965    -- Updating C cache (64 bytes @ 0x280027C0)
T3640 004:762.990    -- Read from C cache (2 bytes @ 0x280027E0)
T3640 004:763.005   Data:  72 B6
T3640 004:763.017 - 1.154ms returns 1 (0x1)
T3640 004:763.050 JLINK_WriteVectorCatch(0x00000000)
T3640 004:763.066 - 0.015ms returns 0
T3640 004:763.085 JLINK_ReadMemU32(0xE000EDFC, 0x1 Items)
T3640 004:763.100   Data:  00 00 00 01
T3640 004:763.113   Debug reg: DEMCR
T3640 004:763.125 - 0.039ms returns 1 (0x1)
T3640 004:763.139 JLINK_BeginDownload(Flags = 0x00000001)
T3640 004:763.151 - 0.012ms 
T3640 004:763.165 JLINK_WriteU32(0xE000EDFC, 0x01000000)
T3640 004:763.177   Debug reg: DEMCR
T3640 004:763.191   CPU_WriteMem(2 bytes @ 0x280028D0)
T3640 004:763.683 - 0.518ms returns 0 (0x00000000)
T3640 004:763.703 JLINK_EndDownload()
T3640 004:763.715 - 0.012ms returns 0 (0x0)
T3640 004:763.727 JLINK_ReadMemU32(0xE0002000, 0x1 Items)
T3640 004:763.741   CPU_ReadMem(4 bytes @ 0xE0002000)
T3640 004:764.137   Data:  41 00 00 00
T3640 004:764.176 - 0.448ms returns 1 (0x1)
T3640 004:764.189 JLINK_ReadMemU32(0xE0002000, 0x1 Items)
T3640 004:764.203   CPU_ReadMem(4 bytes @ 0xE0002000)
T3640 004:764.588   Data:  41 00 00 00
T3640 004:764.603 - 0.413ms returns 1 (0x1)
T3640 004:764.617 JLINK_ReadMemU32(0xE0001000, 0x1 Items)
T3640 004:764.630   CPU_ReadMem(4 bytes @ 0xE0001000)
T3640 004:765.056   Data:  00 00 00 20
T3640 004:765.093   Debug reg: DWT_CTRL
T3640 004:765.105 - 0.488ms returns 1 (0x1)
T3640 004:765.123 JLINK_ReadMemU32(0xE000EDFC, 0x1 Items)
T3640 004:765.139   Data:  00 00 00 01
T3640 004:765.151   Debug reg: DEMCR
T3640 004:765.162 - 0.040ms returns 1 (0x1)
T3640 004:765.176 JLINK_BeginDownload(Flags = 0x00000001)
T3640 004:765.188 - 0.012ms 
T3640 004:765.201 JLINK_WriteU32(0xE000EDFC, 0x01000000)
T3640 004:765.213   Debug reg: DEMCR
T3640 004:765.228 - 0.026ms returns 0 (0x00000000)
T3640 004:765.241 JLINK_EndDownload()
T3640 004:765.253 - 0.011ms returns 0 (0x0)
T3640 004:765.266 JLINK_BeginDownload(Flags = 0x00000001)
T3640 004:765.277 - 0.011ms 
T3640 004:765.290 JLINK_WriteU32(0xE0001028, 0x00000000)
T3640 004:765.302   Debug reg: DWT_FUNC[0]
T3640 004:765.315 - 0.025ms returns 0 (0x00000000)
T3640 004:765.328 JLINK_EndDownload()
T3640 004:765.340 - 0.011ms returns 0 (0x0)
T3640 004:765.352 JLINK_BeginDownload(Flags = 0x00000001)
T3640 004:765.364 - 0.011ms 
T3640 004:765.376 JLINK_WriteU32(0xE0001038, 0x00000000)
T3640 004:765.388   Debug reg: DWT_FUNC[1]
T3640 004:765.401 - 0.024ms returns 0 (0x00000000)
T3640 004:765.413 JLINK_EndDownload()
T3640 004:765.426 - 0.012ms returns 0 (0x0)
T3640 004:765.450 JLINK_Go()
T3640 004:765.519   CPU_ReadMem(4 bytes @ 0xE0001000)
T3640 004:765.943   CPU_WriteMem(4 bytes @ 0xE0001000)
T3640 004:766.450   CPU_WriteMem(4 bytes @ 0xE0001028)
T3640 004:766.482   CPU_WriteMem(4 bytes @ 0xE0001038)
T3640 004:766.495   CPU_WriteMem(4 bytes @ 0xE0002008)
T3640 004:766.507   CPU_WriteMem(4 bytes @ 0xE000200C)
T3640 004:766.519   CPU_WriteMem(4 bytes @ 0xE0002010)
T3640 004:766.531   CPU_WriteMem(4 bytes @ 0xE0002014)
T3640 004:769.291   Memory map 'after startup completion point' is active
T3640 004:769.334 - 3.882ms 
T3640 004:771.406 JLINK_GetHWStatus(...)
T3640 004:771.688 - 0.281ms returns 0
T3640 004:771.721 JLINK_IsHalted()
T3640 004:775.166   CPU_ReadMem(2 bytes @ 0x280028D0)
T3640 004:775.674 - 3.952ms returns TRUE
T3640 004:775.745 JLINK_ReadRegs(NumRegs = 1)
T3640 004:775.764     R15 (PC) (15) = 0x280028D0        
T3640 004:775.778 - 0.032ms returns 0x00
T3640 004:775.794 JLINK_ReadMemU16(0x280028D0, 0x1 Items)
T3640 004:775.809    -- Merging existing BP[0]: 0xB580 @ 0x280028D0
T3640 004:775.821    -- Merging existing BP[0]: 0xB580 @ 0x280028D0
T3640 004:775.834   Data:  80 B5
T3640 004:775.846 - 0.051ms returns 1 (0x1)
T3640 004:775.861 JLINK_ReadMemU32(0xE000EDFC, 0x1 Items)
T3640 004:775.880   Data:  00 00 00 01
T3640 004:775.893   Debug reg: DEMCR
T3640 004:775.904 - 0.042ms returns 1 (0x1)
T3640 004:775.918 JLINK_BeginDownload(Flags = 0x00000001)
T3640 004:775.930 - 0.012ms 
T3640 004:775.943 JLINK_WriteU32(0xE000EDFC, 0x01000000)
T3640 004:775.955   Debug reg: DEMCR
T3640 004:775.971 - 0.027ms returns 0 (0x00000000)
T3640 004:775.985 JLINK_EndDownload()
T3640 004:775.998 - 0.012ms returns 0 (0x0)
T3640 004:776.012 JLINK_WriteVectorCatch(0x00000000)
T3640 004:776.024 - 0.012ms returns 0
T3640 004:776.037 JLINK_BeginDownload(Flags = 0x00000001)
T3640 004:776.049 - 0.011ms 
T3640 004:776.061 JLINK_WriteU32(0xE0001028, 0x00000000)
T3640 004:776.073   Debug reg: DWT_FUNC[0]
T3640 004:776.087 - 0.025ms returns 0 (0x00000000)
T3640 004:776.100 JLINK_EndDownload()
T3640 004:776.113 - 0.012ms returns 0 (0x0)
T3640 004:776.126 JLINK_BeginDownload(Flags = 0x00000001)
T3640 004:776.138 - 0.012ms 
T3640 004:776.151 JLINK_WriteU32(0xE0001038, 0x00000000)
T3640 004:776.163   Debug reg: DWT_FUNC[1]
T3640 004:776.176 - 0.025ms returns 0 (0x00000000)
T3640 004:776.188 JLINK_EndDownload()
T3640 004:776.199 - 0.011ms returns 0 (0x0)
T3640 004:776.364 JLINK_ReadMemU32(0xE0001004, 0x1 Items)
T3640 004:776.385   CPU_ReadMem(4 bytes @ 0xE0001004)
T3640 004:776.860   Data:  00 00 00 00
T3640 004:776.888   Debug reg: DWT_CYCCNT
T3640 004:776.901 - 0.537ms returns 1 (0x1)
T3640 004:776.944 JLINK_ClrBPEx(BPHandle = 0x00000001)
T3640 004:776.959 - 0.014ms returns 0x00
T3640 004:776.974 JLINK_WriteVectorCatch(0x00000000)
T3640 004:776.988 - 0.013ms returns 0
T3640 004:777.067 JLINK_ReadRegs(NumRegs = 1)
T3640 004:777.101     R14 (14) = 0x2800292B        
T3640 004:777.113 - 0.047ms returns 0x00
T3640 004:777.129 JLINK_ReadRegs(NumRegs = 1)
T3640 004:777.141     R0 (0)  = 0x00              
T3640 004:777.153 - 0.024ms returns 0x00
T3640 004:777.166 JLINK_ReadRegs(NumRegs = 1)
T3640 004:777.178     R1 (1)  = 0xFEF5EDA5        
T3640 004:777.189 - 0.023ms returns 0x00
T3640 004:777.202 JLINK_ReadRegs(NumRegs = 1)
T3640 004:777.213     R2 (2)  = 0x2800329A        
T3640 004:777.225 - 0.023ms returns 0x00
T3640 004:777.237 JLINK_ReadRegs(NumRegs = 1)
T3640 004:777.249     R3 (3)  = 0x86              
T3640 004:777.261 - 0.023ms returns 0x00
T3640 004:777.272 JLINK_ReadRegs(NumRegs = 1)
T3640 004:777.284     R4 (4)  = 0xF1000107        
T3640 004:777.296 - 0.023ms returns 0x00
T3640 004:777.307 JLINK_ReadRegs(NumRegs = 1)
T3640 004:777.319     R5 (5)  = 0xFFFF0000        
T3640 004:777.330 - 0.022ms returns 0x00
T3640 004:777.342 JLINK_ReadRegs(NumRegs = 1)
T3640 004:777.353     R6 (6)  = 0x02              
T3640 004:777.368 - 0.026ms returns 0x00
T3640 004:777.381 JLINK_ReadRegs(NumRegs = 1)
T3640 004:777.393     R7 (7)  = 0x28002979        
T3640 004:777.452 - 0.070ms returns 0x00
T3640 004:777.468 JLINK_ReadRegs(NumRegs = 1)
T3640 004:777.481     R8 (8)  = 0xD3DD8DD1        
T3640 004:777.492 - 0.023ms returns 0x00
T3640 004:777.503 JLINK_ReadRegs(NumRegs = 1)
T3640 004:777.515     R9 (9)  = 0x91FB9E6C        
T3640 004:777.526 - 0.022ms returns 0x00
T3640 004:777.538 JLINK_ReadRegs(NumRegs = 1)
T3640 004:777.550     R10 (10) = 0xD7063F35        
T3640 004:777.561 - 0.023ms returns 0x00
T3640 004:777.573 JLINK_ReadRegs(NumRegs = 1)
T3640 004:777.585     R11 (11) = 0xF1D78822        
T3640 004:777.596 - 0.022ms returns 0x00
T3640 004:777.608 JLINK_ReadRegs(NumRegs = 1)
T3640 004:777.619     R12 (12) = 0x280BF334        
T3640 004:777.631 - 0.023ms returns 0x00
T3640 004:777.643 JLINK_ReadRegs(NumRegs = 1)
T3640 004:777.655     MSP (17) = 0x2801FFF8        
T3640 004:777.666 - 0.023ms returns 0x00
T3640 004:777.678 JLINK_ReadRegs(NumRegs = 1)
T3640 004:777.691     PSP (18) = 0x2801FFF8        
T3640 004:777.702 - 0.023ms returns 0x00
T3640 004:777.714 JLINK_ReadRegs(NumRegs = 1)
T3640 004:777.726     R14 (14) = 0x2800292B        
T3640 004:777.737 - 0.022ms returns 0x00
T3640 004:777.749 JLINK_ReadRegs(NumRegs = 1)
T3640 004:777.761     R15 (PC) (15) = 0x280028D0        
T3640 004:777.773 - 0.023ms returns 0x00
T3640 004:777.785 JLINK_ReadRegs(NumRegs = 1)
T3640 004:777.798     XPSR (16) = 0x61000000        
T3640 004:777.810 - 0.024ms returns 0x00
T3640 004:777.822 JLINK_ReadRegs(NumRegs = 1)
T3640 004:777.833     CFBP (20) = 0x01              
T3640 004:777.845 - 0.022ms returns 0x00
T42B4 007:819.360 JLINK_ReadMemU32(0x28002800, 0x80 Items)
T42B4 007:819.429   CPU_ReadMem(512 bytes @ 0x28002800)
T42B4 007:823.073    -- Updating C cache (512 bytes @ 0x28002800)
T42B4 007:823.105    -- Read from C cache (512 bytes @ 0x28002800)
T42B4 007:823.119    -- Merging zombie BP[0]: 0xB580 @ 0x280028D0
T42B4 007:823.132   Data:  0C 49 0A 68 02 43 0A 60 00 20 00 21 0D 4A 03 C2 ...
T42B4 007:823.145 - 3.785ms returns 128 (0x80)
T3640 010:876.795 JLINK_SetBPEx(Addr = 0x280028D2, Type = 0xFFFFFFF2)
T3640 010:876.873   CPU_ReadMem(2 bytes @ 0x280028D2)
T3640 010:877.342 - 0.547ms returns 0x00000002
T3640 010:877.363 JLINK_WriteVectorCatch(0x00000000)
T3640 010:877.377 - 0.013ms returns 0
T3640 010:877.483 JLINK_ReadMemU16(0x280028D0, 0x1 Items)
T3640 010:877.526    -- Merging zombie BP[0]: 0xB580 @ 0x280028D0
T3640 010:877.539    -- Merging zombie BP[0]: 0xB580 @ 0x280028D0
T3640 010:877.551   Data:  80 B5
T3640 010:877.566 - 0.082ms returns 1 (0x1)
T3640 010:877.590 JLINK_WriteVectorCatch(0x00000000)
T3640 010:877.605 - 0.015ms returns 0
T3640 010:877.619 JLINK_ReadMemU32(0xE000EDFC, 0x1 Items)
T3640 010:877.635   Data:  00 00 00 01
T3640 010:877.646   Debug reg: DEMCR
T3640 010:877.658 - 0.039ms returns 1 (0x1)
T3640 010:877.672 JLINK_BeginDownload(Flags = 0x00000001)
T3640 010:877.685 - 0.012ms 
T3640 010:877.698 JLINK_WriteU32(0xE000EDFC, 0x01000000)
T3640 010:877.710   Debug reg: DEMCR
T3640 010:877.725   CPU_WriteMem(2 bytes @ 0x280028D2)
T3640 010:878.202 - 0.503ms returns 0 (0x00000000)
T3640 010:878.235 JLINK_EndDownload()
T3640 010:878.249 - 0.012ms returns 0 (0x0)
T3640 010:878.264 JLINK_BeginDownload(Flags = 0x00000001)
T3640 010:878.277 - 0.012ms 
T3640 010:878.291 JLINK_WriteU32(0xE0001028, 0x00000000)
T3640 010:878.303   Debug reg: DWT_FUNC[0]
T3640 010:878.320 - 0.029ms returns 0 (0x00000000)
T3640 010:878.333 JLINK_EndDownload()
T3640 010:878.345 - 0.011ms returns 0 (0x0)
T3640 010:878.358 JLINK_BeginDownload(Flags = 0x00000001)
T3640 010:878.369 - 0.011ms 
T3640 010:878.382 JLINK_WriteU32(0xE0001038, 0x00000000)
T3640 010:878.394   Debug reg: DWT_FUNC[1]
T3640 010:878.406 - 0.024ms returns 0 (0x00000000)
T3640 010:878.418 JLINK_EndDownload()
T3640 010:878.431 - 0.012ms returns 0 (0x0)
T3640 010:878.457 JLINK_Go()
T3640 010:878.978   CPU_ReadMem(2 bytes @ 0x280028D0)
T3640 010:879.422   CPU_WriteMem(2 bytes @ 0x280028D0)
T3640 010:879.899   CPU_ReadMem(4 bytes @ 0xE0001000)
T3640 010:880.330   CPU_WriteMem(4 bytes @ 0xE0001028)
T3640 010:880.400   CPU_WriteMem(4 bytes @ 0xE0001038)
T3640 010:881.567 - 3.109ms 
T3640 010:883.120 JLINK_GetHWStatus(...)
T3640 010:883.439 - 0.319ms returns 0
T3640 010:883.464 JLINK_IsHalted()
T3640 010:886.937   CPU_ReadMem(2 bytes @ 0x280028D2)
T3640 010:887.438 - 3.974ms returns TRUE
T3640 010:887.499 JLINK_ReadRegs(NumRegs = 1)
T3640 010:887.517     R15 (PC) (15) = 0x280028D2        
T3640 010:887.530 - 0.030ms returns 0x00
T3640 010:887.546 JLINK_ReadMemU16(0x280028D2, 0x1 Items)
T3640 010:887.560    -- Merging existing BP[0]: 0xB662 @ 0x280028D2
T3640 010:887.572    -- Merging existing BP[0]: 0xB662 @ 0x280028D2
T3640 010:887.586   Data:  62 B6
T3640 010:887.601 - 0.054ms returns 1 (0x1)
T3640 010:887.616 JLINK_ReadMemU32(0xE000EDFC, 0x1 Items)
T3640 010:887.631   Data:  00 00 00 01
T3640 010:887.644   Debug reg: DEMCR
T3640 010:887.656 - 0.040ms returns 1 (0x1)
T3640 010:887.671 JLINK_BeginDownload(Flags = 0x00000001)
T3640 010:887.684 - 0.012ms 
T3640 010:887.698 JLINK_WriteU32(0xE000EDFC, 0x01000000)
T3640 010:887.710   Debug reg: DEMCR
T3640 010:887.726 - 0.028ms returns 0 (0x00000000)
T3640 010:887.739 JLINK_EndDownload()
T3640 010:887.751 - 0.012ms returns 0 (0x0)
T3640 010:887.763 JLINK_WriteVectorCatch(0x00000000)
T3640 010:887.776 - 0.012ms returns 0
T3640 010:887.788 JLINK_BeginDownload(Flags = 0x00000001)
T3640 010:887.800 - 0.011ms 
T3640 010:887.812 JLINK_WriteU32(0xE0001028, 0x00000000)
T3640 010:887.824   Debug reg: DWT_FUNC[0]
T3640 010:887.837 - 0.024ms returns 0 (0x00000000)
T3640 010:887.850 JLINK_EndDownload()
T3640 010:887.862 - 0.011ms returns 0 (0x0)
T3640 010:887.874 JLINK_BeginDownload(Flags = 0x00000001)
T3640 010:887.886 - 0.011ms 
T3640 010:887.897 JLINK_WriteU32(0xE0001038, 0x00000000)
T3640 010:887.909   Debug reg: DWT_FUNC[1]
T3640 010:887.922 - 0.024ms returns 0 (0x00000000)
T3640 010:887.934 JLINK_EndDownload()
T3640 010:887.946 - 0.011ms returns 0 (0x0)
T3640 010:888.348 JLINK_ReadMemU32(0xE0001004, 0x1 Items)
T3640 010:888.390   CPU_ReadMem(4 bytes @ 0xE0001004)
T3640 010:888.747   Data:  00 00 00 00
T3640 010:888.764   Debug reg: DWT_CYCCNT
T3640 010:888.776 - 0.428ms returns 1 (0x1)
T3640 010:888.814 JLINK_ClrBPEx(BPHandle = 0x00000002)
T3640 010:888.829 - 0.014ms returns 0x00
T3640 010:888.843 JLINK_WriteVectorCatch(0x00000000)
T3640 010:888.856 - 0.013ms returns 0
T3640 010:888.901 JLINK_ReadRegs(NumRegs = 1)
T3640 010:888.914     R14 (14) = 0x2800292B        
T3640 010:888.926 - 0.025ms returns 0x00
T3640 010:888.941 JLINK_ReadRegs(NumRegs = 1)
T3640 010:888.953     R0 (0)  = 0x00              
T3640 010:888.964 - 0.023ms returns 0x00
T3640 010:888.976 JLINK_ReadRegs(NumRegs = 1)
T3640 010:888.988     R1 (1)  = 0xFEF5EDA5        
T3640 010:889.000 - 0.023ms returns 0x00
T3640 010:889.012 JLINK_ReadRegs(NumRegs = 1)
T3640 010:889.024     R2 (2)  = 0x2800329A        
T3640 010:889.035 - 0.023ms returns 0x00
T3640 010:889.047 JLINK_ReadRegs(NumRegs = 1)
T3640 010:889.059     R3 (3)  = 0x86              
T3640 010:889.070 - 0.023ms returns 0x00
T3640 010:889.083 JLINK_ReadRegs(NumRegs = 1)
T3640 010:889.094     R4 (4)  = 0xF1000107        
T3640 010:889.106 - 0.023ms returns 0x00
T3640 010:889.118 JLINK_ReadRegs(NumRegs = 1)
T3640 010:889.131     R5 (5)  = 0xFFFF0000        
T3640 010:889.142 - 0.023ms returns 0x00
T3640 010:889.155 JLINK_ReadRegs(NumRegs = 1)
T3640 010:889.166     R6 (6)  = 0x02              
T3640 010:889.178 - 0.023ms returns 0x00
T3640 010:889.190 JLINK_ReadRegs(NumRegs = 1)
T3640 010:889.202     R7 (7)  = 0x28002979        
T3640 010:889.214 - 0.023ms returns 0x00
T3640 010:889.281 JLINK_ReadRegs(NumRegs = 1)
T3640 010:889.330     R8 (8)  = 0xD3DD8DD1        
T3640 010:889.350 - 0.069ms returns 0x00
T3640 010:889.365 JLINK_ReadRegs(NumRegs = 1)
T3640 010:889.378     R9 (9)  = 0x91FB9E6C        
T3640 010:889.390 - 0.024ms returns 0x00
T3640 010:889.402 JLINK_ReadRegs(NumRegs = 1)
T3640 010:889.414     R10 (10) = 0xD7063F35        
T3640 010:889.426 - 0.023ms returns 0x00
T3640 010:889.446 JLINK_ReadRegs(NumRegs = 1)
T3640 010:889.458     R11 (11) = 0xF1D78822        
T3640 010:889.470 - 0.024ms returns 0x00
T3640 010:889.482 JLINK_ReadRegs(NumRegs = 1)
T3640 010:889.494     R12 (12) = 0x280BF334        
T3640 010:889.506 - 0.023ms returns 0x00
T3640 010:889.518 JLINK_ReadRegs(NumRegs = 1)
T3640 010:889.530     MSP (17) = 0x2801FFF0        
T3640 010:889.542 - 0.024ms returns 0x00
T3640 010:889.555 JLINK_ReadRegs(NumRegs = 1)
T3640 010:889.567     PSP (18) = 0x2801FFF8        
T3640 010:889.579 - 0.024ms returns 0x00
T3640 010:889.591 JLINK_ReadRegs(NumRegs = 1)
T3640 010:889.604     R14 (14) = 0x2800292B        
T3640 010:889.615 - 0.023ms returns 0x00
T3640 010:889.628 JLINK_ReadRegs(NumRegs = 1)
T3640 010:889.640     R15 (PC) (15) = 0x280028D2        
T3640 010:889.652 - 0.024ms returns 0x00
T3640 010:889.664 JLINK_ReadRegs(NumRegs = 1)
T3640 010:889.676     XPSR (16) = 0x61000000        
T3640 010:889.688 - 0.023ms returns 0x00
T3640 010:889.701 JLINK_ReadRegs(NumRegs = 1)
T3640 010:889.713     CFBP (20) = 0x01              
T3640 010:889.724 - 0.023ms returns 0x00
T42B4 010:889.861 JLINK_ReadMemU32(0x2801FE00, 0x80 Items)
T42B4 010:889.898   CPU_ReadMem(512 bytes @ 0x2801FE00)
T42B4 010:893.595    -- Updating C cache (512 bytes @ 0x2801FE00)
T42B4 010:893.619    -- Read from C cache (512 bytes @ 0x2801FE00)
T42B4 010:893.632   Data:  F7 E3 6F D8 24 5F F4 00 0A D0 CD 72 C0 98 32 73 ...
T42B4 010:893.645 - 3.783ms returns 128 (0x80)
T3640 012:276.542 JLINK_SetBPEx(Addr = 0x280028D4, Type = 0xFFFFFFF2)
T3640 012:276.621   CPU_ReadMem(2 bytes @ 0x280028D4)
T3640 012:277.154 - 0.611ms returns 0x00000003
T3640 012:277.178 JLINK_WriteVectorCatch(0x00000000)
T3640 012:277.193 - 0.014ms returns 0
T3640 012:277.294 JLINK_ReadMemU16(0x280028D2, 0x1 Items)
T3640 012:277.333    -- Merging zombie BP[0]: 0xB662 @ 0x280028D2
T3640 012:277.346    -- Merging zombie BP[0]: 0xB662 @ 0x280028D2
T3640 012:277.358   Data:  62 B6
T3640 012:277.371 - 0.077ms returns 1 (0x1)
T3640 012:277.393 JLINK_WriteVectorCatch(0x00000000)
T3640 012:277.408 - 0.015ms returns 0
T3640 012:277.422 JLINK_ReadMemU32(0xE000EDFC, 0x1 Items)
T3640 012:277.437   Data:  00 00 00 01
T3640 012:277.449   Debug reg: DEMCR
T3640 012:277.460 - 0.037ms returns 1 (0x1)
T3640 012:277.474 JLINK_BeginDownload(Flags = 0x00000001)
T3640 012:277.486 - 0.012ms 
T3640 012:277.500 JLINK_WriteU32(0xE000EDFC, 0x01000000)
T3640 012:277.511   Debug reg: DEMCR
T3640 012:277.526   CPU_WriteMem(2 bytes @ 0x280028D4)
T3640 012:278.038 - 0.538ms returns 0 (0x00000000)
T3640 012:278.070 JLINK_EndDownload()
T3640 012:278.083 - 0.012ms returns 0 (0x0)
T3640 012:278.098 JLINK_BeginDownload(Flags = 0x00000001)
T3640 012:278.111 - 0.012ms 
T3640 012:278.126 JLINK_WriteU32(0xE0001028, 0x00000000)
T3640 012:278.138   Debug reg: DWT_FUNC[0]
T3640 012:278.153 - 0.027ms returns 0 (0x00000000)
T3640 012:278.166 JLINK_EndDownload()
T3640 012:278.178 - 0.011ms returns 0 (0x0)
T3640 012:278.190 JLINK_BeginDownload(Flags = 0x00000001)
T3640 012:278.202 - 0.012ms 
T3640 012:278.215 JLINK_WriteU32(0xE0001038, 0x00000000)
T3640 012:278.227   Debug reg: DWT_FUNC[1]
T3640 012:278.240 - 0.024ms returns 0 (0x00000000)
T3640 012:278.252 JLINK_EndDownload()
T3640 012:278.264 - 0.011ms returns 0 (0x0)
T3640 012:278.289 JLINK_Go()
T3640 012:278.756   CPU_ReadMem(2 bytes @ 0x280028D2)
T3640 012:279.248   CPU_WriteMem(2 bytes @ 0x280028D2)
T3640 012:279.694   CPU_ReadMem(4 bytes @ 0xE0001000)
T3640 012:280.191   CPU_WriteMem(4 bytes @ 0xE0001028)
T3640 012:280.208   CPU_WriteMem(4 bytes @ 0xE0001038)
T3640 012:281.376 - 3.086ms 
T3640 012:283.381 JLINK_GetHWStatus(...)
T3640 012:283.680 - 0.300ms returns 0
T3640 012:283.699 JLINK_IsHalted()
T3640 012:287.128   CPU_ReadMem(2 bytes @ 0x280028D4)
T3640 012:287.562 - 3.862ms returns TRUE
T3640 012:287.623 JLINK_ReadRegs(NumRegs = 1)
T3640 012:287.654     R15 (PC) (15) = 0x280028D4        
T3640 012:287.666 - 0.043ms returns 0x00
T3640 012:287.686 JLINK_ReadMemU16(0x280028D4, 0x1 Items)
T3640 012:287.702    -- Merging existing BP[0]: 0xF7FE @ 0x280028D4
T3640 012:287.715    -- Merging existing BP[0]: 0xF7FE @ 0x280028D4
T3640 012:287.728   Data:  FE F7
T3640 012:287.740 - 0.053ms returns 1 (0x1)
T3640 012:287.755 JLINK_ReadMemU32(0xE000EDFC, 0x1 Items)
T3640 012:287.769   Data:  00 00 00 01
T3640 012:287.781   Debug reg: DEMCR
T3640 012:287.793 - 0.037ms returns 1 (0x1)
T3640 012:287.806 JLINK_BeginDownload(Flags = 0x00000001)
T3640 012:287.818 - 0.011ms 
T3640 012:287.832 JLINK_WriteU32(0xE000EDFC, 0x01000000)
T3640 012:287.845   Debug reg: DEMCR
T3640 012:287.859 - 0.027ms returns 0 (0x00000000)
T3640 012:287.873 JLINK_EndDownload()
T3640 012:287.885 - 0.012ms returns 0 (0x0)
T3640 012:287.898 JLINK_WriteVectorCatch(0x00000000)
T3640 012:287.910 - 0.012ms returns 0
T3640 012:287.922 JLINK_BeginDownload(Flags = 0x00000001)
T3640 012:287.934 - 0.011ms 
T3640 012:287.946 JLINK_WriteU32(0xE0001028, 0x00000000)
T3640 012:287.958   Debug reg: DWT_FUNC[0]
T3640 012:287.970 - 0.024ms returns 0 (0x00000000)
T3640 012:287.983 JLINK_EndDownload()
T3640 012:287.995 - 0.011ms returns 0 (0x0)
T3640 012:288.007 JLINK_BeginDownload(Flags = 0x00000001)
T3640 012:288.018 - 0.011ms 
T3640 012:288.031 JLINK_WriteU32(0xE0001038, 0x00000000)
T3640 012:288.042   Debug reg: DWT_FUNC[1]
T3640 012:288.055 - 0.024ms returns 0 (0x00000000)
T3640 012:288.067 JLINK_EndDownload()
T3640 012:288.079 - 0.011ms returns 0 (0x0)
T3640 012:288.258 JLINK_ReadMemU32(0xE0001004, 0x1 Items)
T3640 012:288.300   CPU_ReadMem(4 bytes @ 0xE0001004)
T3640 012:288.711   Data:  00 00 00 00
T3640 012:288.735   Debug reg: DWT_CYCCNT
T3640 012:288.747 - 0.489ms returns 1 (0x1)
T3640 012:288.791 JLINK_ClrBPEx(BPHandle = 0x00000003)
T3640 012:288.806 - 0.014ms returns 0x00
T3640 012:288.819 JLINK_WriteVectorCatch(0x00000000)
T3640 012:288.834 - 0.014ms returns 0
T3640 012:288.880 JLINK_ReadRegs(NumRegs = 1)
T3640 012:288.894     R14 (14) = 0x2800292B        
T3640 012:288.906 - 0.025ms returns 0x00
T3640 012:288.920 JLINK_ReadRegs(NumRegs = 1)
T3640 012:288.932     R0 (0)  = 0x00              
T3640 012:288.943 - 0.023ms returns 0x00
T3640 012:288.955 JLINK_ReadRegs(NumRegs = 1)
T3640 012:288.967     R1 (1)  = 0xFEF5EDA5        
T3640 012:288.979 - 0.023ms returns 0x00
T3640 012:288.991 JLINK_ReadRegs(NumRegs = 1)
T3640 012:289.002     R2 (2)  = 0x2800329A        
T3640 012:289.014 - 0.023ms returns 0x00
T3640 012:289.026 JLINK_ReadRegs(NumRegs = 1)
T3640 012:289.038     R3 (3)  = 0x86              
T3640 012:289.050 - 0.023ms returns 0x00
T3640 012:289.062 JLINK_ReadRegs(NumRegs = 1)
T3640 012:289.073     R4 (4)  = 0xF1000107        
T3640 012:289.084 - 0.022ms returns 0x00
T3640 012:289.096 JLINK_ReadRegs(NumRegs = 1)
T3640 012:289.107     R5 (5)  = 0xFFFF0000        
T3640 012:289.118 - 0.022ms returns 0x00
T3640 012:289.131 JLINK_ReadRegs(NumRegs = 1)
T3640 012:289.143     R6 (6)  = 0x02              
T3640 012:289.154 - 0.022ms returns 0x00
T3640 012:289.166 JLINK_ReadRegs(NumRegs = 1)
T3640 012:289.178     R7 (7)  = 0x28002979        
T3640 012:289.190 - 0.023ms returns 0x00
T3640 012:289.208 JLINK_ReadRegs(NumRegs = 1)
T3640 012:289.220     R8 (8)  = 0xD3DD8DD1        
T3640 012:289.232 - 0.024ms returns 0x00
T3640 012:289.244 JLINK_ReadRegs(NumRegs = 1)
T3640 012:289.255     R9 (9)  = 0x91FB9E6C        
T3640 012:289.266 - 0.022ms returns 0x00
T3640 012:289.278 JLINK_ReadRegs(NumRegs = 1)
T3640 012:289.290     R10 (10) = 0xD7063F35        
T3640 012:289.302 - 0.023ms returns 0x00
T3640 012:289.314 JLINK_ReadRegs(NumRegs = 1)
T3640 012:289.326     R11 (11) = 0xF1D78822        
T3640 012:289.337 - 0.023ms returns 0x00
T3640 012:289.350 JLINK_ReadRegs(NumRegs = 1)
T3640 012:289.362     R12 (12) = 0x280BF334        
T3640 012:289.373 - 0.023ms returns 0x00
T3640 012:289.385 JLINK_ReadRegs(NumRegs = 1)
T3640 012:289.397     MSP (17) = 0x2801FFF0        
T3640 012:289.408 - 0.023ms returns 0x00
T3640 012:289.421 JLINK_ReadRegs(NumRegs = 1)
T3640 012:289.435     PSP (18) = 0x2801FFF8        
T3640 012:289.449 - 0.028ms returns 0x00
T3640 012:289.462 JLINK_ReadRegs(NumRegs = 1)
T3640 012:289.474     R14 (14) = 0x2800292B        
T3640 012:289.485 - 0.023ms returns 0x00
T3640 012:289.498 JLINK_ReadRegs(NumRegs = 1)
T3640 012:289.510     R15 (PC) (15) = 0x280028D4        
T3640 012:289.522 - 0.023ms returns 0x00
T3640 012:289.534 JLINK_ReadRegs(NumRegs = 1)
T3640 012:289.546     XPSR (16) = 0x61000000        
T3640 012:289.558 - 0.023ms returns 0x00
T3640 012:289.570 JLINK_ReadRegs(NumRegs = 1)
T3640 012:289.581     CFBP (20) = 0x00              
T3640 012:289.592 - 0.022ms returns 0x00
T42B4 012:289.749 JLINK_ReadMemU32(0x2801FE00, 0x80 Items)
T42B4 012:289.786   CPU_ReadMem(512 bytes @ 0x2801FE00)
T42B4 012:293.350    -- Updating C cache (512 bytes @ 0x2801FE00)
T42B4 012:293.366    -- Read from C cache (512 bytes @ 0x2801FE00)
T42B4 012:293.379   Data:  F7 E3 6F D8 24 5F F4 00 0A D0 CD 72 C0 98 32 73 ...
T42B4 012:293.391 - 3.642ms returns 128 (0x80)
T3640 012:816.812 JLINK_SetBPEx(Addr = 0x280028D8, Type = 0xFFFFFFF2)
T3640 012:816.910   CPU_ReadMem(2 bytes @ 0x280028D8)
T3640 012:817.506 - 0.694ms returns 0x00000004
T3640 012:817.598 JLINK_WriteVectorCatch(0x00000000)
T3640 012:817.618 - 0.018ms returns 0
T3640 012:817.641 JLINK_SetBPEx(Addr = 0x280013BC, Type = 0xFFFFFFF2)
T3640 012:817.658   CPU_ReadMem(2 bytes @ 0x280013BC)
T3640 012:818.068 - 0.427ms returns 0x00000005
T3640 012:818.086 JLINK_WriteVectorCatch(0x00000000)
T3640 012:818.099 - 0.013ms returns 0
T3640 012:818.208 JLINK_ReadMemU16(0x280028D4, 0x1 Items)
T3640 012:818.230    -- Merging zombie BP[0]: 0xF7FE @ 0x280028D4
T3640 012:818.243    -- Merging zombie BP[0]: 0xF7FE @ 0x280028D4
T3640 012:818.256   Data:  FE F7
T3640 012:818.269 - 0.060ms returns 1 (0x1)
T3640 012:818.290 JLINK_WriteVectorCatch(0x00000000)
T3640 012:818.305 - 0.014ms returns 0
T3640 012:818.319 JLINK_ReadMemU32(0xE000EDFC, 0x1 Items)
T3640 012:818.333   Data:  00 00 00 01
T3640 012:818.346   Debug reg: DEMCR
T3640 012:818.357 - 0.037ms returns 1 (0x1)
T3640 012:818.370 JLINK_BeginDownload(Flags = 0x00000001)
T3640 012:818.382 - 0.012ms 
T3640 012:818.396 JLINK_WriteU32(0xE000EDFC, 0x01000000)
T3640 012:818.408   Debug reg: DEMCR
T3640 012:818.422   CPU_WriteMem(2 bytes @ 0x280013BC)
T3640 012:818.850   CPU_WriteMem(2 bytes @ 0x280028D8)
T3640 012:819.275 - 0.878ms returns 0 (0x00000000)
T3640 012:819.298 JLINK_EndDownload()
T3640 012:819.310 - 0.012ms returns 0 (0x0)
T3640 012:819.325 JLINK_BeginDownload(Flags = 0x00000001)
T3640 012:819.337 - 0.011ms 
T3640 012:819.350 JLINK_WriteU32(0xE0001028, 0x00000000)
T3640 012:819.362   Debug reg: DWT_FUNC[0]
T3640 012:819.376 - 0.025ms returns 0 (0x00000000)
T3640 012:819.389 JLINK_EndDownload()
T3640 012:819.400 - 0.011ms returns 0 (0x0)
T3640 012:819.412 JLINK_BeginDownload(Flags = 0x00000001)
T3640 012:819.434 - 0.022ms 
T3640 012:819.447 JLINK_WriteU32(0xE0001038, 0x00000000)
T3640 012:819.458   Debug reg: DWT_FUNC[1]
T3640 012:819.473 - 0.025ms returns 0 (0x00000000)
T3640 012:819.486 JLINK_EndDownload()
T3640 012:819.498 - 0.012ms returns 0 (0x0)
T3640 012:819.524 JLINK_Go()
T3640 012:820.028   CPU_ReadMem(2 bytes @ 0x280028D4)
T3640 012:820.479   CPU_WriteMem(2 bytes @ 0x280028D4)
T3640 012:820.919   CPU_ReadMem(4 bytes @ 0xE0001000)
T3640 012:821.374   CPU_WriteMem(4 bytes @ 0xE0001028)
T3640 012:821.396   CPU_WriteMem(4 bytes @ 0xE0001038)
T3640 012:822.629 - 3.104ms 
T3640 012:824.045 JLINK_GetHWStatus(...)
T3640 012:824.354 - 0.309ms returns 0
T3640 012:824.370 JLINK_IsHalted()
T3640 012:827.966   CPU_ReadMem(2 bytes @ 0x280028D8)
T3640 012:828.480   CPU_ReadMem(2 bytes @ 0x280013BC)
T3640 012:828.962 - 4.591ms returns TRUE
T3640 012:829.019 JLINK_ReadRegs(NumRegs = 1)
T3640 012:829.035     R15 (PC) (15) = 0x280013BC        
T3640 012:829.048 - 0.028ms returns 0x00
T3640 012:829.064 JLINK_ReadMemU16(0x280013BC, 0x1 Items)
T3640 012:829.078    -- Merging existing BP[1]: 0xB5F8 @ 0x280013BC
T3640 012:829.099    -- Merging existing BP[1]: 0xB5F8 @ 0x280013BC
T3640 012:829.111   Data:  F8 B5
T3640 012:829.123 - 0.059ms returns 1 (0x1)
T3640 012:829.139 JLINK_ReadMemU32(0xE000EDFC, 0x1 Items)
T3640 012:829.154   Data:  00 00 00 01
T3640 012:829.166   Debug reg: DEMCR
T3640 012:829.178 - 0.038ms returns 1 (0x1)
T3640 012:829.192 JLINK_BeginDownload(Flags = 0x00000001)
T3640 012:829.205 - 0.012ms 
T3640 012:829.218 JLINK_WriteU32(0xE000EDFC, 0x01000000)
T3640 012:829.230   Debug reg: DEMCR
T3640 012:829.245 - 0.026ms returns 0 (0x00000000)
T3640 012:829.259 JLINK_EndDownload()
T3640 012:829.271 - 0.012ms returns 0 (0x0)
T3640 012:829.284 JLINK_WriteVectorCatch(0x00000000)
T3640 012:829.297 - 0.013ms returns 0
T3640 012:829.310 JLINK_BeginDownload(Flags = 0x00000001)
T3640 012:829.321 - 0.011ms 
T3640 012:829.334 JLINK_WriteU32(0xE0001028, 0x00000000)
T3640 012:829.346   Debug reg: DWT_FUNC[0]
T3640 012:829.359 - 0.025ms returns 0 (0x00000000)
T3640 012:829.372 JLINK_EndDownload()
T3640 012:829.383 - 0.011ms returns 0 (0x0)
T3640 012:829.397 JLINK_BeginDownload(Flags = 0x00000001)
T3640 012:829.408 - 0.011ms 
T3640 012:829.421 JLINK_WriteU32(0xE0001038, 0x00000000)
T3640 012:829.432   Debug reg: DWT_FUNC[1]
T3640 012:829.445 - 0.024ms returns 0 (0x00000000)
T3640 012:829.458 JLINK_EndDownload()
T3640 012:829.470 - 0.011ms returns 0 (0x0)
T3640 012:829.587 JLINK_ReadMemU32(0xE0001004, 0x1 Items)
T3640 012:829.630   CPU_ReadMem(4 bytes @ 0xE0001004)
T3640 012:830.110   Data:  00 00 00 00
T3640 012:830.130   Debug reg: DWT_CYCCNT
T3640 012:830.142 - 0.555ms returns 1 (0x1)
T3640 012:830.179 JLINK_ClrBPEx(BPHandle = 0x00000004)
T3640 012:830.192 - 0.013ms returns 0x00
T3640 012:830.206 JLINK_WriteVectorCatch(0x00000000)
T3640 012:830.222 - 0.014ms returns 0
T3640 012:830.236 JLINK_ClrBPEx(BPHandle = 0x00000005)
T3640 012:830.248 - 0.011ms returns 0x00
T3640 012:830.260 JLINK_WriteVectorCatch(0x00000000)
T3640 012:830.273 - 0.012ms returns 0
T3640 012:830.298 JLINK_SetBPEx(Addr = 0x280013C0, Type = 0xFFFFFFF2)
T3640 012:830.314   CPU_ReadMem(2 bytes @ 0x280013C0)
T3640 012:830.729 - 0.430ms returns 0x00000006
T3640 012:830.746 JLINK_WriteVectorCatch(0x00000000)
T3640 012:830.758 - 0.012ms returns 0
T3640 012:830.824 JLINK_ReadMemU16(0x280013BC, 0x1 Items)
T3640 012:830.846    -- Merging zombie BP[1]: 0xB5F8 @ 0x280013BC
T3640 012:830.862    -- Merging zombie BP[1]: 0xB5F8 @ 0x280013BC
T3640 012:830.874   Data:  F8 B5
T3640 012:830.886 - 0.062ms returns 1 (0x1)
T3640 012:830.906 JLINK_WriteVectorCatch(0x00000000)
T3640 012:830.920 - 0.014ms returns 0
T3640 012:830.934 JLINK_ReadMemU32(0xE000EDFC, 0x1 Items)
T3640 012:830.947   Data:  00 00 00 01
T3640 012:830.960   Debug reg: DEMCR
T3640 012:830.971 - 0.037ms returns 1 (0x1)
T3640 012:830.984 JLINK_BeginDownload(Flags = 0x00000001)
T3640 012:830.996 - 0.011ms 
T3640 012:831.009 JLINK_WriteU32(0xE000EDFC, 0x01000000)
T3640 012:831.021   Debug reg: DEMCR
T3640 012:831.034   CPU_WriteMem(2 bytes @ 0x280013C0)
T3640 012:831.527 - 0.518ms returns 0 (0x00000000)
T3640 012:831.554 JLINK_EndDownload()
T3640 012:831.567 - 0.012ms returns 0 (0x0)
T3640 012:831.581 JLINK_BeginDownload(Flags = 0x00000001)
T3640 012:831.593 - 0.012ms 
T3640 012:831.606 JLINK_WriteU32(0xE0001028, 0x00000000)
T3640 012:831.618   Debug reg: DWT_FUNC[0]
T3640 012:831.633 - 0.026ms returns 0 (0x00000000)
T3640 012:831.646 JLINK_EndDownload()
T3640 012:831.658 - 0.012ms returns 0 (0x0)
T3640 012:831.672 JLINK_BeginDownload(Flags = 0x00000001)
T3640 012:831.683 - 0.011ms 
T3640 012:831.696 JLINK_WriteU32(0xE0001038, 0x00000000)
T3640 012:831.708   Debug reg: DWT_FUNC[1]
T3640 012:831.721 - 0.024ms returns 0 (0x00000000)
T3640 012:831.734 JLINK_EndDownload()
T3640 012:831.746 - 0.012ms returns 0 (0x0)
T3640 012:831.771 JLINK_Go()
T3640 012:831.786   CPU_ReadMem(2 bytes @ 0x280028D8)
T3640 012:832.261   CPU_ReadMem(2 bytes @ 0x280013BC)
T3640 012:832.692   CPU_WriteMem(2 bytes @ 0x280013BC)
T3640 012:833.150   CPU_WriteMem(2 bytes @ 0x280028D8)
T3640 012:833.665   CPU_ReadMem(4 bytes @ 0xE0001000)
T3640 012:834.208   CPU_WriteMem(4 bytes @ 0xE0001028)
T3640 012:834.225   CPU_WriteMem(4 bytes @ 0xE0001038)
T3640 012:835.588 - 3.817ms 
T3640 012:837.674 JLINK_GetHWStatus(...)
T3640 012:838.067 - 0.392ms returns 0
T3640 012:838.100 JLINK_IsHalted()
T3640 012:841.511   CPU_ReadMem(2 bytes @ 0x280013C0)
T3640 012:841.979 - 3.879ms returns TRUE
T3640 012:842.043 JLINK_ReadRegs(NumRegs = 1)
T3640 012:842.059     R15 (PC) (15) = 0x280013C0        
T3640 012:842.071 - 0.027ms returns 0x00
T3640 012:842.088 JLINK_ReadMemU16(0x280013C0, 0x1 Items)
T3640 012:842.102    -- Merging existing BP[0]: 0xF000 @ 0x280013C0
T3640 012:842.114    -- Merging existing BP[0]: 0xF000 @ 0x280013C0
T3640 012:842.126   Data:  00 F0
T3640 012:842.138 - 0.050ms returns 1 (0x1)
T3640 012:842.154 JLINK_ReadMemU32(0xE000EDFC, 0x1 Items)
T3640 012:842.167   Data:  00 00 00 01
T3640 012:842.179   Debug reg: DEMCR
T3640 012:842.217 - 0.063ms returns 1 (0x1)
T3640 012:842.231 JLINK_BeginDownload(Flags = 0x00000001)
T3640 012:842.243 - 0.012ms 
T3640 012:842.258 JLINK_WriteU32(0xE000EDFC, 0x01000000)
T3640 012:842.269   Debug reg: DEMCR
T3640 012:842.284 - 0.026ms returns 0 (0x00000000)
T3640 012:842.296 JLINK_EndDownload()
T3640 012:842.308 - 0.011ms returns 0 (0x0)
T3640 012:842.321 JLINK_WriteVectorCatch(0x00000000)
T3640 012:842.334 - 0.012ms returns 0
T3640 012:842.346 JLINK_BeginDownload(Flags = 0x00000001)
T3640 012:842.358 - 0.012ms 
T3640 012:842.371 JLINK_WriteU32(0xE0001028, 0x00000000)
T3640 012:842.383   Debug reg: DWT_FUNC[0]
T3640 012:842.396 - 0.024ms returns 0 (0x00000000)
T3640 012:842.408 JLINK_EndDownload()
T3640 012:842.425 - 0.016ms returns 0 (0x0)
T3640 012:842.438 JLINK_BeginDownload(Flags = 0x00000001)
T3640 012:842.449 - 0.011ms 
T3640 012:842.462 JLINK_WriteU32(0xE0001038, 0x00000000)
T3640 012:842.474   Debug reg: DWT_FUNC[1]
T3640 012:842.486 - 0.024ms returns 0 (0x00000000)
T3640 012:842.499 JLINK_EndDownload()
T3640 012:842.511 - 0.012ms returns 0 (0x0)
T3640 012:842.654 JLINK_ReadMemU32(0xE0001004, 0x1 Items)
T3640 012:842.679   CPU_ReadMem(4 bytes @ 0xE0001004)
T3640 012:843.052   Data:  00 00 00 00
T3640 012:843.082   Debug reg: DWT_CYCCNT
T3640 012:843.094 - 0.439ms returns 1 (0x1)
T3640 012:843.142 JLINK_ClrBPEx(BPHandle = 0x00000006)
T3640 012:843.158 - 0.014ms returns 0x00
T3640 012:843.171 JLINK_WriteVectorCatch(0x00000000)
T3640 012:843.186 - 0.013ms returns 0
T3640 012:843.238 JLINK_ReadRegs(NumRegs = 1)
T3640 012:843.252     R14 (14) = 0x280028D9        
T3640 012:843.264 - 0.026ms returns 0x00
T3640 012:843.278 JLINK_ReadRegs(NumRegs = 1)
T3640 012:843.291     R0 (0)  = 0x00              
T3640 012:843.302 - 0.024ms returns 0x00
T3640 012:843.314 JLINK_ReadRegs(NumRegs = 1)
T3640 012:843.326     R1 (1)  = 0xFEF5EDA5        
T3640 012:843.338 - 0.023ms returns 0x00
T3640 012:843.350 JLINK_ReadRegs(NumRegs = 1)
T3640 012:843.362     R2 (2)  = 0x2800329A        
T3640 012:843.373 - 0.023ms returns 0x00
T3640 012:843.385 JLINK_ReadRegs(NumRegs = 1)
T3640 012:843.397     R3 (3)  = 0x86              
T3640 012:843.408 - 0.023ms returns 0x00
T3640 012:843.420 JLINK_ReadRegs(NumRegs = 1)
T3640 012:843.432     R4 (4)  = 0xF1000107        
T3640 012:843.444 - 0.023ms returns 0x00
T3640 012:843.456 JLINK_ReadRegs(NumRegs = 1)
T3640 012:843.467     R5 (5)  = 0xFFFF0000        
T3640 012:843.479 - 0.023ms returns 0x00
T3640 012:843.491 JLINK_ReadRegs(NumRegs = 1)
T3640 012:843.502     R6 (6)  = 0x02              
T3640 012:843.514 - 0.022ms returns 0x00
T3640 012:843.526 JLINK_ReadRegs(NumRegs = 1)
T3640 012:843.538     R7 (7)  = 0x28002979        
T3640 012:843.554 - 0.027ms returns 0x00
T3640 012:843.566 JLINK_ReadRegs(NumRegs = 1)
T3640 012:843.578     R8 (8)  = 0xD3DD8DD1        
T3640 012:843.590 - 0.023ms returns 0x00
T3640 012:843.601 JLINK_ReadRegs(NumRegs = 1)
T3640 012:843.613     R9 (9)  = 0x91FB9E6C        
T3640 012:843.624 - 0.023ms returns 0x00
T3640 012:843.635 JLINK_ReadRegs(NumRegs = 1)
T3640 012:843.654     R10 (10) = 0xD7063F35        
T3640 012:843.665 - 0.029ms returns 0x00
T3640 012:843.678 JLINK_ReadRegs(NumRegs = 1)
T3640 012:843.689     R11 (11) = 0xF1D78822        
T3640 012:843.701 - 0.023ms returns 0x00
T3640 012:843.713 JLINK_ReadRegs(NumRegs = 1)
T3640 012:843.725     R12 (12) = 0x280BF334        
T3640 012:843.736 - 0.023ms returns 0x00
T3640 012:843.749 JLINK_ReadRegs(NumRegs = 1)
T3640 012:843.760     MSP (17) = 0x2801FFC8        
T3640 012:843.771 - 0.023ms returns 0x00
T3640 012:843.784 JLINK_ReadRegs(NumRegs = 1)
T3640 012:843.795     PSP (18) = 0x2801FFF8        
T3640 012:843.807 - 0.023ms returns 0x00
T3640 012:843.819 JLINK_ReadRegs(NumRegs = 1)
T3640 012:843.830     R14 (14) = 0x280028D9        
T3640 012:843.842 - 0.023ms returns 0x00
T3640 012:843.854 JLINK_ReadRegs(NumRegs = 1)
T3640 012:843.866     R15 (PC) (15) = 0x280013C0        
T3640 012:843.878 - 0.023ms returns 0x00
T3640 012:843.890 JLINK_ReadRegs(NumRegs = 1)
T3640 012:843.902     XPSR (16) = 0x61000000        
T3640 012:843.913 - 0.023ms returns 0x00
T3640 012:843.925 JLINK_ReadRegs(NumRegs = 1)
T3640 012:843.937     CFBP (20) = 0x00              
T3640 012:843.947 - 0.022ms returns 0x00
T42B4 012:844.127 JLINK_ReadMemU32(0x2801FE00, 0x80 Items)
T42B4 012:844.156   CPU_ReadMem(512 bytes @ 0x2801FE00)
T42B4 012:847.831    -- Updating C cache (512 bytes @ 0x2801FE00)
T42B4 012:847.861    -- Read from C cache (512 bytes @ 0x2801FE00)
T42B4 012:847.874   Data:  F7 E3 6F D8 24 5F F4 00 0A D0 CD 72 C0 98 32 73 ...
T42B4 012:847.886 - 3.759ms returns 128 (0x80)
T42B4 012:848.195 JLINK_ReadMemU32(0x28001200, 0x80 Items)
T42B4 012:848.220   CPU_ReadMem(512 bytes @ 0x28001200)
T42B4 012:851.858    -- Updating C cache (512 bytes @ 0x28001200)
T42B4 012:851.907    -- Read from C cache (512 bytes @ 0x28001200)
T42B4 012:851.920    -- Merging zombie BP[0]: 0xF000 @ 0x280013C0
T42B4 012:851.933   Data:  03 70 40 1C 52 1E F9 D1 70 47 00 22 03 0A 8B 42 ...
T42B4 012:851.946 - 3.750ms returns 128 (0x80)
T42B4 012:875.689 JLINK_ReadMemU32(0x28001600, 0x80 Items)
T42B4 012:875.732   CPU_ReadMem(512 bytes @ 0x28001600)
T42B4 012:879.716    -- Updating C cache (512 bytes @ 0x28001600)
T42B4 012:879.790    -- Read from C cache (512 bytes @ 0x28001600)
T42B4 012:879.804   Data:  01 68 89 4A 0A 40 02 60 91 49 02 68 0A 40 02 60 ...
T42B4 012:879.817 - 4.128ms returns 128 (0x80)
T42B4 012:880.712 JLINK_ReadMemU32(0x28001400, 0x80 Items)
T42B4 012:880.737   CPU_ReadMem(512 bytes @ 0x28001400)
T42B4 012:884.820    -- Updating C cache (512 bytes @ 0x28001400)
T42B4 012:884.888    -- Read from C cache (512 bytes @ 0x28001400)
T42B4 012:884.902   Data:  01 68 0F 22 91 43 39 43 01 60 AF 48 01 68 07 22 ...
T42B4 012:884.915 - 4.203ms returns 128 (0x80)
T3640 014:724.381 JLINK_SetBPEx(Addr = 0x280013C4, Type = 0xFFFFFFF2)
T3640 014:724.459   CPU_ReadMem(2 bytes @ 0x280013C4)
T3640 014:724.994 - 0.613ms returns 0x00000007
T3640 014:725.091 JLINK_WriteVectorCatch(0x00000000)
T3640 014:725.141 - 0.050ms returns 0
T3640 014:725.173 JLINK_SetBPEx(Addr = 0x28001B08, Type = 0xFFFFFFF2)
T3640 014:725.194   CPU_ReadMem(2 bytes @ 0x28001B08)
T3640 014:725.603 - 0.430ms returns 0x00000008
T3640 014:725.624 JLINK_WriteVectorCatch(0x00000000)
T3640 014:725.638 - 0.013ms returns 0
T3640 014:725.739 JLINK_ReadMemU16(0x280013C0, 0x1 Items)
T3640 014:725.760    -- Merging zombie BP[0]: 0xF000 @ 0x280013C0
T3640 014:725.773    -- Merging zombie BP[0]: 0xF000 @ 0x280013C0
T3640 014:725.786   Data:  00 F0
T3640 014:725.798 - 0.059ms returns 1 (0x1)
T3640 014:725.819 JLINK_WriteVectorCatch(0x00000000)
T3640 014:725.834 - 0.014ms returns 0
T3640 014:725.850 JLINK_ReadMemU32(0xE000EDFC, 0x1 Items)
T3640 014:725.862   Data:  00 00 00 01
T3640 014:725.875   Debug reg: DEMCR
T3640 014:725.888 - 0.038ms returns 1 (0x1)
T3640 014:725.901 JLINK_BeginDownload(Flags = 0x00000001)
T3640 014:725.912 - 0.011ms 
T3640 014:725.926 JLINK_WriteU32(0xE000EDFC, 0x01000000)
T3640 014:725.938   Debug reg: DEMCR
T3640 014:725.960   CPU_WriteMem(2 bytes @ 0x280013C4)
T3640 014:726.352   CPU_WriteMem(2 bytes @ 0x28001B08)
T3640 014:726.789 - 0.862ms returns 0 (0x00000000)
T3640 014:726.813 JLINK_EndDownload()
T3640 014:726.826 - 0.013ms returns 0 (0x0)
T3640 014:726.842 JLINK_BeginDownload(Flags = 0x00000001)
T3640 014:726.854 - 0.013ms 
T3640 014:726.869 JLINK_WriteU32(0xE0001028, 0x00000000)
T3640 014:726.882   Debug reg: DWT_FUNC[0]
T3640 014:726.896 - 0.027ms returns 0 (0x00000000)
T3640 014:726.910 JLINK_EndDownload()
T3640 014:726.922 - 0.011ms returns 0 (0x0)
T3640 014:726.934 JLINK_BeginDownload(Flags = 0x00000001)
T3640 014:726.946 - 0.011ms 
T3640 014:726.960 JLINK_WriteU32(0xE0001038, 0x00000000)
T3640 014:726.971   Debug reg: DWT_FUNC[1]
T3640 014:726.984 - 0.024ms returns 0 (0x00000000)
T3640 014:726.997 JLINK_EndDownload()
T3640 014:727.008 - 0.011ms returns 0 (0x0)
T3640 014:727.037 JLINK_Go()
T3640 014:727.560   CPU_ReadMem(2 bytes @ 0x280013C0)
T3640 014:727.978   CPU_WriteMem(2 bytes @ 0x280013C0)
T3640 014:728.458   CPU_ReadMem(4 bytes @ 0xE0001000)
T3640 014:728.912   CPU_WriteMem(4 bytes @ 0xE0001028)
T3640 014:728.931   CPU_WriteMem(4 bytes @ 0xE0001038)
T3640 014:730.125 - 3.088ms 
T3640 014:731.387 JLINK_GetHWStatus(...)
T3640 014:731.736 - 0.349ms returns 0
T3640 014:731.754 JLINK_IsHalted()
T3640 014:735.384   CPU_ReadMem(2 bytes @ 0x280013C4)
T3640 014:735.850   CPU_ReadMem(2 bytes @ 0x28001B08)
T3640 014:736.266 - 4.511ms returns TRUE
T3640 014:736.325 JLINK_ReadRegs(NumRegs = 1)
T3640 014:736.357     R15 (PC) (15) = 0x28001B08        
T3640 014:736.370 - 0.044ms returns 0x00
T3640 014:736.384 JLINK_ReadMemU16(0x28001B08, 0x1 Items)
T3640 014:736.398    -- Merging existing BP[1]: 0xB580 @ 0x28001B08
T3640 014:736.411    -- Merging existing BP[1]: 0xB580 @ 0x28001B08
T3640 014:736.426   Data:  80 B5
T3640 014:736.437 - 0.052ms returns 1 (0x1)
T3640 014:736.453 JLINK_ReadMemU32(0xE000EDFC, 0x1 Items)
T3640 014:736.482   Data:  00 00 00 01
T3640 014:736.493   Debug reg: DEMCR
T3640 014:736.506 - 0.053ms returns 1 (0x1)
T3640 014:736.518 JLINK_BeginDownload(Flags = 0x00000001)
T3640 014:736.531 - 0.012ms 
T3640 014:736.546 JLINK_WriteU32(0xE000EDFC, 0x01000000)
T3640 014:736.557   Debug reg: DEMCR
T3640 014:736.571 - 0.025ms returns 0 (0x00000000)
T3640 014:736.584 JLINK_EndDownload()
T3640 014:736.595 - 0.011ms returns 0 (0x0)
T3640 014:736.608 JLINK_WriteVectorCatch(0x00000000)
T3640 014:736.621 - 0.012ms returns 0
T3640 014:736.634 JLINK_BeginDownload(Flags = 0x00000001)
T3640 014:736.646 - 0.011ms 
T3640 014:736.658 JLINK_WriteU32(0xE0001028, 0x00000000)
T3640 014:736.670   Debug reg: DWT_FUNC[0]
T3640 014:736.683 - 0.025ms returns 0 (0x00000000)
T3640 014:736.696 JLINK_EndDownload()
T3640 014:736.707 - 0.011ms returns 0 (0x0)
T3640 014:736.720 JLINK_BeginDownload(Flags = 0x00000001)
T3640 014:736.731 - 0.011ms 
T3640 014:736.744 JLINK_WriteU32(0xE0001038, 0x00000000)
T3640 014:736.755   Debug reg: DWT_FUNC[1]
T3640 014:736.768 - 0.024ms returns 0 (0x00000000)
T3640 014:736.781 JLINK_EndDownload()
T3640 014:736.792 - 0.011ms returns 0 (0x0)
T3640 014:737.010 JLINK_ReadMemU32(0xE0001004, 0x1 Items)
T3640 014:737.045   CPU_ReadMem(4 bytes @ 0xE0001004)
T3640 014:737.475   Data:  00 00 00 00
T3640 014:737.494   Debug reg: DWT_CYCCNT
T3640 014:737.506 - 0.497ms returns 1 (0x1)
T3640 014:737.544 JLINK_ClrBPEx(BPHandle = 0x00000007)
T3640 014:737.558 - 0.014ms returns 0x00
T3640 014:737.573 JLINK_WriteVectorCatch(0x00000000)
T3640 014:737.586 - 0.013ms returns 0
T3640 014:737.600 JLINK_ClrBPEx(BPHandle = 0x00000008)
T3640 014:737.613 - 0.012ms returns 0x00
T3640 014:737.624 JLINK_WriteVectorCatch(0x00000000)
T3640 014:737.637 - 0.012ms returns 0
T3640 014:737.662 JLINK_SetBPEx(Addr = 0x28001B0A, Type = 0xFFFFFFF2)
T3640 014:737.677   CPU_ReadMem(2 bytes @ 0x28001B0A)
T3640 014:738.163 - 0.500ms returns 0x00000009
T3640 014:738.179 JLINK_WriteVectorCatch(0x00000000)
T3640 014:738.192 - 0.012ms returns 0
T3640 014:738.296 JLINK_ReadMemU16(0x28001B08, 0x1 Items)
T3640 014:738.330    -- Merging zombie BP[1]: 0xB580 @ 0x28001B08
T3640 014:738.342    -- Merging zombie BP[1]: 0xB580 @ 0x28001B08
T3640 014:738.355   Data:  80 B5
T3640 014:738.366 - 0.071ms returns 1 (0x1)
T3640 014:738.387 JLINK_WriteVectorCatch(0x00000000)
T3640 014:738.402 - 0.014ms returns 0
T3640 014:738.416 JLINK_ReadMemU32(0xE000EDFC, 0x1 Items)
T3640 014:738.429   Data:  00 00 00 01
T3640 014:738.442   Debug reg: DEMCR
T3640 014:738.453 - 0.037ms returns 1 (0x1)
T3640 014:738.466 JLINK_BeginDownload(Flags = 0x00000001)
T3640 014:738.477 - 0.011ms 
T3640 014:738.526 JLINK_WriteU32(0xE000EDFC, 0x01000000)
T3640 014:738.550   Debug reg: DEMCR
T3640 014:738.568   CPU_WriteMem(2 bytes @ 0x28001B0A)
T3640 014:739.045 - 0.518ms returns 0 (0x00000000)
T3640 014:739.075 JLINK_EndDownload()
T3640 014:739.088 - 0.012ms returns 0 (0x0)
T3640 014:739.101 JLINK_BeginDownload(Flags = 0x00000001)
T3640 014:739.112 - 0.011ms 
T3640 014:739.125 JLINK_WriteU32(0xE0001028, 0x00000000)
T3640 014:739.139   Debug reg: DWT_FUNC[0]
T3640 014:739.152 - 0.026ms returns 0 (0x00000000)
T3640 014:739.165 JLINK_EndDownload()
T3640 014:739.176 - 0.011ms returns 0 (0x0)
T3640 014:739.189 JLINK_BeginDownload(Flags = 0x00000001)
T3640 014:739.200 - 0.011ms 
T3640 014:739.213 JLINK_WriteU32(0xE0001038, 0x00000000)
T3640 014:739.224   Debug reg: DWT_FUNC[1]
T3640 014:739.237 - 0.024ms returns 0 (0x00000000)
T3640 014:739.250 JLINK_EndDownload()
T3640 014:739.262 - 0.012ms returns 0 (0x0)
T3640 014:739.288 JLINK_Go()
T3640 014:739.302   CPU_ReadMem(2 bytes @ 0x280013C4)
T3640 014:739.776   CPU_ReadMem(2 bytes @ 0x28001B08)
T3640 014:740.246   CPU_WriteMem(2 bytes @ 0x280013C4)
T3640 014:740.722   CPU_WriteMem(2 bytes @ 0x28001B08)
T3640 014:741.131   CPU_ReadMem(4 bytes @ 0xE0001000)
T3640 014:741.581   CPU_WriteMem(4 bytes @ 0xE0001028)
T3640 014:741.600   CPU_WriteMem(4 bytes @ 0xE0001038)
T3640 014:742.837 - 3.548ms 
T3640 014:744.339 JLINK_GetHWStatus(...)
T3640 014:744.582 - 0.244ms returns 0
T3640 014:744.598 JLINK_IsHalted()
T3640 014:748.042   CPU_ReadMem(2 bytes @ 0x28001B0A)
T3640 014:748.541 - 3.942ms returns TRUE
T3640 014:748.587 JLINK_ReadRegs(NumRegs = 1)
T3640 014:748.603     R15 (PC) (15) = 0x28001B0A        
T3640 014:748.616 - 0.027ms returns 0x00
T3640 014:748.630 JLINK_ReadMemU16(0x28001B0A, 0x1 Items)
T3640 014:748.643    -- Merging existing BP[0]: 0xF7FF @ 0x28001B0A
T3640 014:748.656    -- Merging existing BP[0]: 0xF7FF @ 0x28001B0A
T3640 014:748.669   Data:  FF F7
T3640 014:748.680 - 0.049ms returns 1 (0x1)
T3640 014:748.693 JLINK_ReadMemU32(0xE000EDFC, 0x1 Items)
T3640 014:748.707   Data:  00 00 00 01
T3640 014:748.718   Debug reg: DEMCR
T3640 014:748.731 - 0.037ms returns 1 (0x1)
T3640 014:748.744 JLINK_BeginDownload(Flags = 0x00000001)
T3640 014:748.757 - 0.013ms 
T3640 014:748.771 JLINK_WriteU32(0xE000EDFC, 0x01000000)
T3640 014:748.782   Debug reg: DEMCR
T3640 014:748.797 - 0.025ms returns 0 (0x00000000)
T3640 014:748.826 JLINK_EndDownload()
T3640 014:748.838 - 0.012ms returns 0 (0x0)
T3640 014:748.851 JLINK_WriteVectorCatch(0x00000000)
T3640 014:748.864 - 0.012ms returns 0
T3640 014:748.877 JLINK_BeginDownload(Flags = 0x00000001)
T3640 014:748.890 - 0.012ms 
T3640 014:748.902 JLINK_WriteU32(0xE0001028, 0x00000000)
T3640 014:748.915   Debug reg: DWT_FUNC[0]
T3640 014:748.930 - 0.026ms returns 0 (0x00000000)
T3640 014:748.942 JLINK_EndDownload()
T3640 014:748.955 - 0.012ms returns 0 (0x0)
T3640 014:748.966 JLINK_BeginDownload(Flags = 0x00000001)
T3640 014:748.979 - 0.012ms 
T3640 014:748.992 JLINK_WriteU32(0xE0001038, 0x00000000)
T3640 014:749.003   Debug reg: DWT_FUNC[1]
T3640 014:749.016 - 0.024ms returns 0 (0x00000000)
T3640 014:749.030 JLINK_EndDownload()
T3640 014:749.042 - 0.011ms returns 0 (0x0)
T3640 014:749.157 JLINK_ReadMemU32(0xE0001004, 0x1 Items)
T3640 014:749.194   CPU_ReadMem(4 bytes @ 0xE0001004)
T3640 014:749.578   Data:  00 00 00 00
T3640 014:749.600   Debug reg: DWT_CYCCNT
T3640 014:749.621 - 0.464ms returns 1 (0x1)
T3640 014:749.666 JLINK_ClrBPEx(BPHandle = 0x00000009)
T3640 014:749.680 - 0.014ms returns 0x00
T3640 014:749.693 JLINK_WriteVectorCatch(0x00000000)
T3640 014:749.707 - 0.014ms returns 0
T3640 014:749.763 JLINK_ReadRegs(NumRegs = 1)
T3640 014:749.782     R14 (14) = 0x280013C5        
T3640 014:749.795 - 0.032ms returns 0x00
T3640 014:749.811 JLINK_ReadRegs(NumRegs = 1)
T3640 014:749.835     R0 (0)  = 0x00              
T3640 014:749.850 - 0.038ms returns 0x00
T3640 014:749.866 JLINK_ReadRegs(NumRegs = 1)
T3640 014:749.882     R1 (1)  = 0xFEF5EDA5        
T3640 014:749.894 - 0.029ms returns 0x00
T3640 014:749.909 JLINK_ReadRegs(NumRegs = 1)
T3640 014:749.923     R2 (2)  = 0x2800329A        
T3640 014:749.939 - 0.029ms returns 0x00
T3640 014:749.954 JLINK_ReadRegs(NumRegs = 1)
T3640 014:749.970     R3 (3)  = 0x86              
T3640 014:749.984 - 0.030ms returns 0x00
T3640 014:749.998 JLINK_ReadRegs(NumRegs = 1)
T3640 014:750.013     R4 (4)  = 0xF1000107        
T3640 014:750.027 - 0.028ms returns 0x00
T3640 014:750.042 JLINK_ReadRegs(NumRegs = 1)
T3640 014:750.054     R5 (5)  = 0xFFFF0000        
T3640 014:750.125 - 0.084ms returns 0x00
T3640 014:750.138 JLINK_ReadRegs(NumRegs = 1)
T3640 014:750.150     R6 (6)  = 0x02              
T3640 014:750.162 - 0.023ms returns 0x00
T3640 014:750.174 JLINK_ReadRegs(NumRegs = 1)
T3640 014:750.187     R7 (7)  = 0x28002979        
T3640 014:750.198 - 0.023ms returns 0x00
T3640 014:750.210 JLINK_ReadRegs(NumRegs = 1)
T3640 014:750.221     R8 (8)  = 0xD3DD8DD1        
T3640 014:750.234 - 0.023ms returns 0x00
T3640 014:750.245 JLINK_ReadRegs(NumRegs = 1)
T3640 014:750.258     R9 (9)  = 0x91FB9E6C        
T3640 014:750.269 - 0.023ms returns 0x00
T3640 014:750.280 JLINK_ReadRegs(NumRegs = 1)
T3640 014:750.291     R10 (10) = 0xD7063F35        
T3640 014:750.304 - 0.023ms returns 0x00
T3640 014:750.315 JLINK_ReadRegs(NumRegs = 1)
T3640 014:750.328     R11 (11) = 0xF1D78822        
T3640 014:750.339 - 0.023ms returns 0x00
T3640 014:750.350 JLINK_ReadRegs(NumRegs = 1)
T3640 014:750.362     R12 (12) = 0x280BF334        
T3640 014:750.374 - 0.023ms returns 0x00
T3640 014:750.386 JLINK_ReadRegs(NumRegs = 1)
T3640 014:750.398     MSP (17) = 0x2801FFC0        
T3640 014:750.411 - 0.024ms returns 0x00
T3640 014:750.422 JLINK_ReadRegs(NumRegs = 1)
T3640 014:750.434     PSP (18) = 0x2801FFF8        
T3640 014:750.445 - 0.023ms returns 0x00
T3640 014:750.458 JLINK_ReadRegs(NumRegs = 1)
T3640 014:750.469     R14 (14) = 0x280013C5        
T3640 014:750.480 - 0.023ms returns 0x00
T3640 014:750.493 JLINK_ReadRegs(NumRegs = 1)
T3640 014:750.504     R15 (PC) (15) = 0x28001B0A        
T3640 014:750.517 - 0.024ms returns 0x00
T3640 014:750.528 JLINK_ReadRegs(NumRegs = 1)
T3640 014:750.541     XPSR (16) = 0x61000000        
T3640 014:750.552 - 0.023ms returns 0x00
T3640 014:750.563 JLINK_ReadRegs(NumRegs = 1)
T3640 014:750.576     CFBP (20) = 0x00              
T3640 014:750.587 - 0.023ms returns 0x00
T42B4 014:750.750 JLINK_ReadMemU32(0x2801FE00, 0x80 Items)
T42B4 014:750.795   CPU_ReadMem(512 bytes @ 0x2801FE00)
T42B4 014:754.424    -- Updating C cache (512 bytes @ 0x2801FE00)
T42B4 014:754.456    -- Read from C cache (512 bytes @ 0x2801FE00)
T42B4 014:754.470   Data:  F7 E3 6F D8 24 5F F4 00 0A D0 CD 72 C0 98 32 73 ...
T42B4 014:754.483 - 3.733ms returns 128 (0x80)
T42B4 014:758.950 JLINK_ReadMemU32(0x28001A00, 0x80 Items)
T42B4 014:758.986   CPU_ReadMem(512 bytes @ 0x28001A00)
T42B4 014:762.712    -- Updating C cache (512 bytes @ 0x28001A00)
T42B4 014:762.762    -- Read from C cache (512 bytes @ 0x28001A00)
T42B4 014:762.778    -- Merging zombie BP[0]: 0xF7FF @ 0x28001B0A
T42B4 014:762.790   Data:  40 12 26 40 08 00 20 40 08 04 20 40 08 15 26 40 ...
T42B4 014:762.805 - 3.853ms returns 128 (0x80)
T42B4 014:772.406 JLINK_ReadMemU32(0x28001C00, 0x80 Items)
T42B4 014:772.454   CPU_ReadMem(512 bytes @ 0x28001C00)
T42B4 014:776.171    -- Updating C cache (512 bytes @ 0x28001C00)
T42B4 014:776.235    -- Read from C cache (512 bytes @ 0x28001C00)
T42B4 014:776.256   Data:  FF FF FF 00 01 00 00 FF FF FF FF FF 14 E0 00 E0 ...
T42B4 014:776.269 - 3.862ms returns 128 (0x80)
T3640 015:538.496 JLINK_SetBPEx(Addr = 0x28001B0E, Type = 0xFFFFFFF2)
T3640 015:538.595   CPU_ReadMem(2 bytes @ 0x28001B0E)
T3640 015:539.208 - 0.712ms returns 0x0000000A
T3640 015:539.250 JLINK_WriteVectorCatch(0x00000000)
T3640 015:539.264 - 0.015ms returns 0
T3640 015:539.285 JLINK_SetBPEx(Addr = 0x28001AE2, Type = 0xFFFFFFF2)
T3640 015:539.299   CPU_ReadMem(2 bytes @ 0x28001AE2)
T3640 015:539.710 - 0.426ms returns 0x0000000B
T3640 015:539.730 JLINK_WriteVectorCatch(0x00000000)
T3640 015:539.746 - 0.015ms returns 0
T3640 015:539.862 JLINK_ReadMemU16(0x28001B0A, 0x1 Items)
T3640 015:539.901    -- Merging zombie BP[0]: 0xF7FF @ 0x28001B0A
T3640 015:539.914    -- Merging zombie BP[0]: 0xF7FF @ 0x28001B0A
T3640 015:539.928   Data:  FF F7
T3640 015:539.941 - 0.078ms returns 1 (0x1)
T3640 015:539.963 JLINK_WriteVectorCatch(0x00000000)
T3640 015:539.979 - 0.015ms returns 0
T3640 015:539.992 JLINK_ReadMemU32(0xE000EDFC, 0x1 Items)
T3640 015:540.006   Data:  00 00 00 01
T3640 015:540.019   Debug reg: DEMCR
T3640 015:540.032 - 0.038ms returns 1 (0x1)
T3640 015:540.045 JLINK_BeginDownload(Flags = 0x00000001)
T3640 015:540.058 - 0.012ms 
T3640 015:540.070 JLINK_WriteU32(0xE000EDFC, 0x01000000)
T3640 015:540.083   Debug reg: DEMCR
T3640 015:540.098   CPU_WriteMem(2 bytes @ 0x28001AE2)
T3640 015:540.478   CPU_WriteMem(2 bytes @ 0x28001B0E)
T3640 015:540.936 - 0.864ms returns 0 (0x00000000)
T3640 015:540.958 JLINK_EndDownload()
T3640 015:540.971 - 0.013ms returns 0 (0x0)
T3640 015:540.987 JLINK_BeginDownload(Flags = 0x00000001)
T3640 015:541.000 - 0.012ms 
T3640 015:541.014 JLINK_WriteU32(0xE0001028, 0x00000000)
T3640 015:541.027   Debug reg: DWT_FUNC[0]
T3640 015:541.042 - 0.026ms returns 0 (0x00000000)
T3640 015:541.054 JLINK_EndDownload()
T3640 015:541.066 - 0.011ms returns 0 (0x0)
T3640 015:541.078 JLINK_BeginDownload(Flags = 0x00000001)
T3640 015:541.091 - 0.012ms 
T3640 015:541.102 JLINK_WriteU32(0xE0001038, 0x00000000)
T3640 015:541.115   Debug reg: DWT_FUNC[1]
T3640 015:541.128 - 0.024ms returns 0 (0x00000000)
T3640 015:541.141 JLINK_EndDownload()
T3640 015:541.152 - 0.012ms returns 0 (0x0)
T3640 015:541.179 JLINK_Go()
T3640 015:541.707   CPU_ReadMem(2 bytes @ 0x28001B0A)
T3640 015:542.102   CPU_WriteMem(2 bytes @ 0x28001B0A)
T3640 015:542.613   CPU_ReadMem(4 bytes @ 0xE0001000)
T3640 015:543.058   CPU_WriteMem(4 bytes @ 0xE0001028)
T3640 015:543.075   CPU_WriteMem(4 bytes @ 0xE0001038)
T3640 015:544.414 - 3.235ms 
T3640 015:546.462 JLINK_GetHWStatus(...)
T3640 015:546.851 - 0.388ms returns 0
T3640 015:546.870 JLINK_IsHalted()
T3640 015:550.362   CPU_ReadMem(2 bytes @ 0x28001B0E)
T3640 015:550.834   CPU_ReadMem(2 bytes @ 0x28001AE2)
T3640 015:551.309 - 4.437ms returns TRUE
T3640 015:551.382 JLINK_ReadRegs(NumRegs = 1)
T3640 015:551.400     R15 (PC) (15) = 0x28001AE2        
T3640 015:551.414 - 0.030ms returns 0x00
T3640 015:551.430 JLINK_ReadMemU16(0x28001AE2, 0x1 Items)
T3640 015:551.445    -- Merging existing BP[1]: 0xB580 @ 0x28001AE2
T3640 015:551.458    -- Merging existing BP[1]: 0xB580 @ 0x28001AE2
T3640 015:551.470   Data:  80 B5
T3640 015:551.482 - 0.051ms returns 1 (0x1)
T3640 015:551.509 JLINK_ReadMemU32(0xE000EDFC, 0x1 Items)
T3640 015:551.523   Data:  00 00 00 01
T3640 015:551.536   Debug reg: DEMCR
T3640 015:551.547 - 0.038ms returns 1 (0x1)
T3640 015:551.562 JLINK_BeginDownload(Flags = 0x00000001)
T3640 015:551.574 - 0.012ms 
T3640 015:551.587 JLINK_WriteU32(0xE000EDFC, 0x01000000)
T3640 015:551.603   Debug reg: DEMCR
T3640 015:551.619 - 0.032ms returns 0 (0x00000000)
T3640 015:551.632 JLINK_EndDownload()
T3640 015:551.645 - 0.011ms returns 0 (0x0)
T3640 015:551.658 JLINK_WriteVectorCatch(0x00000000)
T3640 015:551.669 - 0.012ms returns 0
T3640 015:551.682 JLINK_BeginDownload(Flags = 0x00000001)
T3640 015:551.693 - 0.011ms 
T3640 015:551.706 JLINK_WriteU32(0xE0001028, 0x00000000)
T3640 015:551.723   Debug reg: DWT_FUNC[0]
T3640 015:551.739 - 0.033ms returns 0 (0x00000000)
T3640 015:551.752 JLINK_EndDownload()
T3640 015:551.765 - 0.012ms returns 0 (0x0)
T3640 015:551.778 JLINK_BeginDownload(Flags = 0x00000001)
T3640 015:551.789 - 0.012ms 
T3640 015:551.802 JLINK_WriteU32(0xE0001038, 0x00000000)
T3640 015:551.813   Debug reg: DWT_FUNC[1]
T3640 015:551.826 - 0.024ms returns 0 (0x00000000)
T3640 015:551.838 JLINK_EndDownload()
T3640 015:551.850 - 0.011ms returns 0 (0x0)
T3640 015:552.080 JLINK_ReadMemU32(0xE0001004, 0x1 Items)
T3640 015:552.120   CPU_ReadMem(4 bytes @ 0xE0001004)
T3640 015:552.675   Data:  00 00 00 00
T3640 015:552.707   Debug reg: DWT_CYCCNT
T3640 015:552.720 - 0.638ms returns 1 (0x1)
T3640 015:552.765 JLINK_ClrBPEx(BPHandle = 0x0000000A)
T3640 015:552.779 - 0.014ms returns 0x00
T3640 015:552.795 JLINK_WriteVectorCatch(0x00000000)
T3640 015:552.808 - 0.013ms returns 0
T3640 015:552.822 JLINK_ClrBPEx(BPHandle = 0x0000000B)
T3640 015:552.835 - 0.012ms returns 0x00
T3640 015:552.848 JLINK_WriteVectorCatch(0x00000000)
T3640 015:552.861 - 0.012ms returns 0
T3640 015:552.915 JLINK_SetBPEx(Addr = 0x28001AE4, Type = 0xFFFFFFF2)
T3640 015:552.933   CPU_ReadMem(2 bytes @ 0x28001AE4)
T3640 015:553.373 - 0.457ms returns 0x0000000C
T3640 015:553.390 JLINK_WriteVectorCatch(0x00000000)
T3640 015:553.403 - 0.012ms returns 0
T3640 015:553.491 JLINK_ReadMemU16(0x28001AE2, 0x1 Items)
T3640 015:553.525    -- Merging zombie BP[1]: 0xB580 @ 0x28001AE2
T3640 015:553.538    -- Merging zombie BP[1]: 0xB580 @ 0x28001AE2
T3640 015:553.550   Data:  80 B5
T3640 015:553.562 - 0.071ms returns 1 (0x1)
T3640 015:553.582 JLINK_WriteVectorCatch(0x00000000)
T3640 015:553.597 - 0.014ms returns 0
T3640 015:553.610 JLINK_ReadMemU32(0xE000EDFC, 0x1 Items)
T3640 015:553.624   Data:  00 00 00 01
T3640 015:553.637   Debug reg: DEMCR
T3640 015:553.648 - 0.038ms returns 1 (0x1)
T3640 015:553.661 JLINK_BeginDownload(Flags = 0x00000001)
T3640 015:553.674 - 0.011ms 
T3640 015:553.686 JLINK_WriteU32(0xE000EDFC, 0x01000000)
T3640 015:553.698   Debug reg: DEMCR
T3640 015:553.712   CPU_WriteMem(2 bytes @ 0x28001AE4)
T3640 015:554.150 - 0.464ms returns 0 (0x00000000)
T3640 015:554.181 JLINK_EndDownload()
T3640 015:554.194 - 0.012ms returns 0 (0x0)
T3640 015:554.206 JLINK_BeginDownload(Flags = 0x00000001)
T3640 015:554.218 - 0.011ms 
T3640 015:554.232 JLINK_WriteU32(0xE0001028, 0x00000000)
T3640 015:554.243   Debug reg: DWT_FUNC[0]
T3640 015:554.258 - 0.026ms returns 0 (0x00000000)
T3640 015:554.270 JLINK_EndDownload()
T3640 015:554.282 - 0.011ms returns 0 (0x0)
T3640 015:554.294 JLINK_BeginDownload(Flags = 0x00000001)
T3640 015:554.307 - 0.012ms 
T3640 015:554.318 JLINK_WriteU32(0xE0001038, 0x00000000)
T3640 015:554.331   Debug reg: DWT_FUNC[1]
T3640 015:554.344 - 0.025ms returns 0 (0x00000000)
T3640 015:554.357 JLINK_EndDownload()
T3640 015:554.368 - 0.011ms returns 0 (0x0)
T3640 015:554.390 JLINK_Go()
T3640 015:554.405   CPU_ReadMem(2 bytes @ 0x28001B0E)
T3640 015:554.851   CPU_ReadMem(2 bytes @ 0x28001AE2)
T3640 015:555.330   CPU_WriteMem(2 bytes @ 0x28001AE2)
T3640 015:555.789   CPU_WriteMem(2 bytes @ 0x28001B0E)
T3640 015:556.274   CPU_ReadMem(4 bytes @ 0xE0001000)
T3640 015:556.704   CPU_WriteMem(4 bytes @ 0xE0001028)
T3640 015:556.720   CPU_WriteMem(4 bytes @ 0xE0001038)
T3640 015:557.946 - 3.554ms 
T3640 015:559.016 JLINK_GetHWStatus(...)
T3640 015:559.234 - 0.217ms returns 0
T3640 015:559.250 JLINK_IsHalted()
T3640 015:562.733   CPU_ReadMem(2 bytes @ 0x28001AE4)
T3640 015:563.205 - 3.954ms returns TRUE
T3640 015:563.245 JLINK_ReadRegs(NumRegs = 1)
T3640 015:563.261     R15 (PC) (15) = 0x28001AE4        
T3640 015:563.272 - 0.027ms returns 0x00
T3640 015:563.286 JLINK_ReadMemU16(0x28001AE4, 0x1 Items)
T3640 015:563.301    -- Merging existing BP[0]: 0xF000 @ 0x28001AE4
T3640 015:563.312    -- Merging existing BP[0]: 0xF000 @ 0x28001AE4
T3640 015:563.325   Data:  00 F0
T3640 015:563.338 - 0.050ms returns 1 (0x1)
T3640 015:563.350 JLINK_ReadMemU32(0xE000EDFC, 0x1 Items)
T3640 015:563.371   Data:  00 00 00 01
T3640 015:563.384   Debug reg: DEMCR
T3640 015:563.395 - 0.044ms returns 1 (0x1)
T3640 015:563.408 JLINK_BeginDownload(Flags = 0x00000001)
T3640 015:563.421 - 0.012ms 
T3640 015:563.434 JLINK_WriteU32(0xE000EDFC, 0x01000000)
T3640 015:563.445   Debug reg: DEMCR
T3640 015:563.458 - 0.025ms returns 0 (0x00000000)
T3640 015:563.472 JLINK_EndDownload()
T3640 015:563.483 - 0.012ms returns 0 (0x0)
T3640 015:563.496 JLINK_WriteVectorCatch(0x00000000)
T3640 015:563.509 - 0.012ms returns 0
T3640 015:563.520 JLINK_BeginDownload(Flags = 0x00000001)
T3640 015:563.533 - 0.011ms 
T3640 015:563.546 JLINK_WriteU32(0xE0001028, 0x00000000)
T3640 015:563.557   Debug reg: DWT_FUNC[0]
T3640 015:563.570 - 0.024ms returns 0 (0x00000000)
T3640 015:563.582 JLINK_EndDownload()
T3640 015:563.595 - 0.012ms returns 0 (0x0)
T3640 015:563.606 JLINK_BeginDownload(Flags = 0x00000001)
T3640 015:563.619 - 0.011ms 
T3640 015:563.632 JLINK_WriteU32(0xE0001038, 0x00000000)
T3640 015:563.643   Debug reg: DWT_FUNC[1]
T3640 015:563.656 - 0.024ms returns 0 (0x00000000)
T3640 015:563.669 JLINK_EndDownload()
T3640 015:563.685 - 0.017ms returns 0 (0x0)
T3640 015:563.829 JLINK_ReadMemU32(0xE0001004, 0x1 Items)
T3640 015:563.859   CPU_ReadMem(4 bytes @ 0xE0001004)
T3640 015:564.269   Data:  00 00 00 00
T3640 015:564.291   Debug reg: DWT_CYCCNT
T3640 015:564.302 - 0.475ms returns 1 (0x1)
T3640 015:564.342 JLINK_ClrBPEx(BPHandle = 0x0000000C)
T3640 015:564.357 - 0.014ms returns 0x00
T3640 015:564.370 JLINK_WriteVectorCatch(0x00000000)
T3640 015:564.384 - 0.013ms returns 0
T3640 015:564.435 JLINK_ReadRegs(NumRegs = 1)
T3640 015:564.450     R14 (14) = 0x28001B0F        
T3640 015:564.461 - 0.026ms returns 0x00
T3640 015:564.477 JLINK_ReadRegs(NumRegs = 1)
T3640 015:564.490     R0 (0)  = 0x00              
T3640 015:564.501 - 0.024ms returns 0x00
T3640 015:564.514 JLINK_ReadRegs(NumRegs = 1)
T3640 015:564.525     R1 (1)  = 0xFEF5EDA5        
T3640 015:564.538 - 0.023ms returns 0x00
T3640 015:564.549 JLINK_ReadRegs(NumRegs = 1)
T3640 015:564.562     R2 (2)  = 0x2800329A        
T3640 015:564.573 - 0.023ms returns 0x00
T3640 015:564.586 JLINK_ReadRegs(NumRegs = 1)
T3640 015:564.597     R3 (3)  = 0x86              
T3640 015:564.610 - 0.023ms returns 0x00
T3640 015:564.621 JLINK_ReadRegs(NumRegs = 1)
T3640 015:564.632     R4 (4)  = 0xF1000107        
T3640 015:564.645 - 0.023ms returns 0x00
T3640 015:564.656 JLINK_ReadRegs(NumRegs = 1)
T3640 015:564.669     R5 (5)  = 0xFFFF0000        
T3640 015:564.680 - 0.023ms returns 0x00
T3640 015:564.691 JLINK_ReadRegs(NumRegs = 1)
T3640 015:564.704     R6 (6)  = 0x02              
T3640 015:564.715 - 0.023ms returns 0x00
T3640 015:564.728 JLINK_ReadRegs(NumRegs = 1)
T3640 015:564.739     R7 (7)  = 0x28002979        
T3640 015:564.750 - 0.023ms returns 0x00
T3640 015:564.763 JLINK_ReadRegs(NumRegs = 1)
T3640 015:564.774     R8 (8)  = 0xD3DD8DD1        
T3640 015:564.786 - 0.023ms returns 0x00
T3640 015:564.797 JLINK_ReadRegs(NumRegs = 1)
T3640 015:564.810     R9 (9)  = 0x91FB9E6C        
T3640 015:564.821 - 0.023ms returns 0x00
T3640 015:564.832 JLINK_ReadRegs(NumRegs = 1)
T3640 015:564.845     R10 (10) = 0xD7063F35        
T3640 015:564.856 - 0.023ms returns 0x00
T3640 015:564.869 JLINK_ReadRegs(NumRegs = 1)
T3640 015:564.880     R11 (11) = 0xF1D78822        
T3640 015:564.893 - 0.023ms returns 0x00
T3640 015:564.904 JLINK_ReadRegs(NumRegs = 1)
T3640 015:564.915     R12 (12) = 0x280BF334        
T3640 015:564.928 - 0.023ms returns 0x00
T3640 015:564.939 JLINK_ReadRegs(NumRegs = 1)
T3640 015:564.950     MSP (17) = 0x2801FFB8        
T3640 015:564.963 - 0.023ms returns 0x00
T3640 015:564.974 JLINK_ReadRegs(NumRegs = 1)
T3640 015:564.986     PSP (18) = 0x2801FFF8        
T3640 015:564.998 - 0.023ms returns 0x00
T3640 015:565.010 JLINK_ReadRegs(NumRegs = 1)
T3640 015:565.022     R14 (14) = 0x28001B0F        
T3640 015:565.034 - 0.023ms returns 0x00
T3640 015:565.046 JLINK_ReadRegs(NumRegs = 1)
T3640 015:565.061     R15 (PC) (15) = 0x28001AE4        
T3640 015:565.074 - 0.027ms returns 0x00
T3640 015:565.085 JLINK_ReadRegs(NumRegs = 1)
T3640 015:565.098     XPSR (16) = 0x61000000        
T3640 015:565.109 - 0.023ms returns 0x00
T3640 015:565.120 JLINK_ReadRegs(NumRegs = 1)
T3640 015:565.133     CFBP (20) = 0x00              
T3640 015:565.144 - 0.023ms returns 0x00
T42B4 015:565.301 JLINK_ReadMemU32(0x2801FE00, 0x80 Items)
T42B4 015:565.331   CPU_ReadMem(512 bytes @ 0x2801FE00)
T42B4 015:569.000    -- Updating C cache (512 bytes @ 0x2801FE00)
T42B4 015:569.045    -- Read from C cache (512 bytes @ 0x2801FE00)
T42B4 015:569.059   Data:  F7 E3 6F D8 24 5F F4 00 0A D0 CD 72 C0 98 32 73 ...
T42B4 015:569.072 - 3.770ms returns 128 (0x80)

Closed
