Logging started @ 2025-09-01 03:11
DLL version: V8.60 , Compiled: Aug 13 2025 12:08:34
T3D5C 750:877.376   Firmware: J-Link V11 compiled Apr  1 2025 10:02:30
T3D5C 750:879.168   Firmware: J-Link V11 compiled Apr  1 2025 10:02:30
T3D5C 750:898.816   Hardware: V11.00
T3D5C 750:898.880   S/N: 601002656
T3D5C 750:898.880   OEM: SEGGER
T3D5C 750:898.944   Feature(s): RDI, FlashBP, FlashDL, JFlash, GDB
T3D5C 750:900.416   Bootloader: 2019 Jul 04
T3D5C 750:901.056   USB speed mode: High speed (480 MBit/s)
T3D5C 750:901.504   TELNET listener socket opened on port 19021
T3D5C 750:901.632   WEBSRV WEBSRV_Init(): Starting webserver thread(s)
T3D5C 750:901.824   WEBSRV Webserver running on local port 19080
T3D5C 750:901.952   Looking for J-Link GUI Server exe at: D:\ProgramFiles\IAR Systems\Embedded Workbench 9.1\arm\bin\JLinkGUIServer.exe
T3D5C 750:902.080   Looking for J-Link GUI Server exe at: D:\ProgramFiles\SEGGER\JLink_V860\JLinkGUIServer.exe
T3D5C 750:902.144   Forking J-Link GUI Server: D:\ProgramFiles\SEGGER\JLink_V860\JLinkGUIServer.exe
T3D5C 750:936.512   J-Link GUI Server info: "J-Link GUI server V8.60 "
T3D5C 750:939.264 - 66.519ms returns "O.K."
T3D5C 750:939.968 JLINK_ExecCommand("ProjectFile = D:\02_ESTec\01_PRJ\07_HKMC\02_AVAS_Car_Test_Sample\03_Source\02_SDL\01_Working\tviibh4m\tools\iar\flash\cm0plus\settings\cm0plus_rev_b.jlink", ...). 
T3D5C 750:953.088   Ref file found at: D:\ProgramFiles\IAR Systems\Embedded Workbench 9.1\arm\bin\JLinkDevices.ref
T3D5C 750:953.280   REF file references invalid XML file: D:\ProgramFiles\SEGGER\JLink_V860\JLinkDevices.xml
T3D5C 750:954.240 - 14.295ms returns 0x00
T3D5C 750:954.560 JLINK_ExecCommand("device = CYT3BB_M0+", ...). 
T3D5C 750:955.200   Flash bank @ 0x10000000: SFL: Parsing sectorization info from ELF file
T3D5C 750:955.200     FlashDevice.SectorInfo[0]: .SectorSize = 0x00008000, .SectorStartAddr = 0x00000000
T3D5C 750:955.264     FlashDevice.SectorInfo[1]: .SectorSize = 0x00002000, .SectorStartAddr = 0x001F0000
T3D5C 750:955.264   FlashBank @0x10000000: Sectorization info from SFL ELF file ignored because sectorization override from DLL / XML file is active.
T3D5C 750:955.648   Flash bank @ 0x14000000: SFL: Parsing sectorization info from ELF file
T3D5C 750:955.648     FlashDevice.SectorInfo[0]: .SectorSize = 0x00000800, .SectorStartAddr = 0x00000000
T3D5C 750:955.648     FlashDevice.SectorInfo[1]: .SectorSize = 0x00000080, .SectorStartAddr = 0x00018000
T3D5C 750:955.648   FlashBank @0x14000000: Sectorization info from SFL ELF file ignored because sectorization override from DLL / XML file is active.
T3D5C 750:955.776   Flash bank @ 0x10000000: SFL: Parsing sectorization info from ELF file
T3D5C 750:955.840     FlashDevice.SectorInfo[0]: .SectorSize = 0x00000200, .SectorStartAddr = 0x17000800
T3D5C 750:955.840   FlashBank @0x17000800: Sectorization info from SFL ELF file ignored because sectorization override from DLL / XML file is active.
T3D5C 750:955.904   Device "CYT3BBBCEB_M0" selected.
T3D5C 750:956.352 - 1.750ms returns 0x00
T3D5C 750:956.416 JLINK_ExecCommand("CORESIGHT_SetMTBBaseAddr 0xf0003000", ...). 
T3D5C 750:956.416 - 0.003ms returns 0x00
T3D5C 750:956.416 JLINK_GetDLLVersion()
T3D5C 750:956.416 - 0.011ms returns 86000
T3D5C 750:956.416 JLINK_GetCompileDateTime()
T3D5C 750:956.416 - 0.012ms 
T3D5C 750:956.544 JLINK_GetFirmwareString(...)
T3D5C 750:956.544 - 0.014ms 
T3D5C 750:956.544 JLINK_TIF_Select(JLINKARM_TIF_SWD)
T3D5C 750:957.888 - 1.295ms returns 0x00
T3D5C 750:957.952 JLINK_EMU_GetProductId()
T3D5C 750:957.952 - 0.016ms 
T3D5C 750:957.952 JLINK_SelectDeviceFamily(6)
T3D5C 750:958.016 - 0.015ms 
T3D5C 750:958.016 JLINK_SetSpeed(1000)
T3D5C 750:958.272 - 0.252ms 
T3D5C 750:958.336 JLINK_SetResetType(JLINKARM_RESET_TYPE_NORMAL)
T3D5C 750:958.336 - 0.014ms returns JLINKARM_RESET_TYPE_NORMAL
T3D5C 750:958.336 JLINK_ExecCommand("SetResetPulseLen = 200", ...). 
T3D5C 750:958.400 - 0.003ms returns 0x14
T3D5C 750:958.400 JLINK_SetResetDelay(0)
T3D5C 750:958.400 - 0.011ms 
T3D5C 750:958.400 JLINK_ResetPullsRESET(ON)
T3D5C 750:958.464 - 0.055ms 
T3D5C 750:958.464 JLINK_Reset()
T3D5C 750:958.912   ConfigTargetSettings() start
T3D5C 750:958.912    J-Link Script File: Executing ConfigTargetSettings()
T3D5C 750:958.976   Disabling optimizations:
 - Compare
 - SkipBlankDataOnProg
 - Flash breakpoints
T3D5C 750:967.488   ConfigTargetSettings() end - Took 8.51ms
T3D5C 750:968.832   Found SW-DP with ID 0x6BA02477
T3D5C 750:972.928   DPIDR: 0x6BA02477
T3D5C 750:972.992   CoreSight SoC-400 or earlier
T3D5C 750:972.992   AP map detection skipped. Manually configured AP map found.
T3D5C 750:973.056   AP[0]: APB-AP (IDR: Not set, ADDR: 0x00000000)
T3D5C 750:973.056   AP[1]: AHB-AP (IDR: Not set, ADDR: 0x00000000)
T3D5C 750:973.056   AP[2]: AHB-AP (IDR: Not set, ADDR: 0x00000000)
T3D5C 750:973.056   AP[3]: AHB-AP (IDR: Not set, ADDR: 0x00000000)
T3D5C 750:974.208   AP[1]: Core found
T3D5C 750:974.272   AP[1]: AHB-AP ROM base: 0xF0000000
T3D5C 750:974.848   CPUID register: 0x410CC601. Implementer code: 0x41 (ARM)
T3D5C 750:974.848   Found Cortex-M0 r0p1, Little endian.
T3D5C 750:975.296   -- Max. mem block: 0x00005CF8
T3D5C 750:975.808   CPU_ReadMem(4 bytes @ 0xE000EDF0)
T3D5C 750:976.320   CPU_WriteMem(4 bytes @ 0xE000EDF0)
T3D5C 750:977.024   CPU_ReadMem(4 bytes @ 0xE0002000)
T3D5C 750:977.664   FPUnit: 4 code (BP) slots and 0 literal slots
T3D5C 750:977.664   CPU_ReadMem(4 bytes @ 0xE000EDFC)
T3D5C 750:978.176   CPU_WriteMem(4 bytes @ 0xE000EDFC)
T3D5C 750:978.816   CPU_ReadMem(4 bytes @ 0xE0001000)
T3D5C 750:979.456   CPU_WriteMem(4 bytes @ 0xE0001000)
T3D5C 750:980.032   CoreSight components:
T3D5C 750:980.032   ROMTbl[0] @ F0000000
T3D5C 750:980.032   CPU_ReadMem(64 bytes @ 0xF0000000)
T3D5C 750:981.440   CPU_ReadMem(32 bytes @ 0xE00FFFE0)
T3D5C 750:982.464   [0][0]: E00FF000 CID B105100D PID 000BB4C0 ROM Table
T3D5C 750:982.528   ROMTbl[1] @ E00FF000
T3D5C 750:982.528   CPU_ReadMem(64 bytes @ 0xE00FF000)
T3D5C 750:983.808   CPU_ReadMem(32 bytes @ 0xE000EFE0)
T3D5C 750:984.832   [1][0]: E000E000 CID B105E00D PID 000BB008 SCS
T3D5C 750:984.832   CPU_ReadMem(32 bytes @ 0xE0001FE0)
T3D5C 750:985.856   [1][1]: E0001000 CID B105E00D PID 000BB00A DWT
T3D5C 750:985.856   CPU_ReadMem(32 bytes @ 0xE0002FE0)
T3D5C 750:986.880   [1][2]: E0002000 CID B105E00D PID 000BB00B FPB
T3D5C 750:986.880   CPU_ReadMem(32 bytes @ 0xF0002FE0)
T3D5C 750:987.904   [0][1]: F0002000 CID B105900D PID 005BB906 CTI
T3D5C 750:987.904   CPU_ReadMem(32 bytes @ 0xF0003FE0)
T3D5C 750:988.928   [0][2]: F0003000 CID B105900D PID 001BB932 MTB-M0+
T3D5C 750:988.992   JLINK_GetResetTypeDesc
T3D5C 750:988.992   - 0.012ms 
T3D5C 750:989.056   Reset type: NORMAL (https://wiki.segger.com/J-Link_Reset_Strategies)
T3D5C 750:989.056   CPU is running
T3D5C 750:989.056   CPU_WriteMem(4 bytes @ 0xE000EDF0)
T3D5C 750:989.696   CPU is running
T3D5C 750:989.696   CPU_WriteMem(4 bytes @ 0xE000EDFC)
T3D5C 750:990.336   Reset: Halt core after reset via DEMCR.VC_CORERESET.
T3D5C 750:991.040   Reset: Reset device via AIRCR.SYSRESETREQ.
T3D5C 750:991.104   CPU is running
T3D5C 750:991.104   CPU_WriteMem(4 bytes @ 0xE000ED0C)
T3D5C 751:045.568   CPU_ReadMem(4 bytes @ 0xE000EDF0)
T3D5C 751:046.272   CPU_ReadMem(4 bytes @ 0xE000EDF0)
T3D5C 751:047.616   Core did not halt after reset, halting it manually.
T3D5C 751:047.616   CPU is running
T3D5C 751:047.680   CPU_WriteMem(4 bytes @ 0xE000EDF0)
T3D5C 751:048.320   CPU is running
T3D5C 751:048.384   CPU_WriteMem(4 bytes @ 0xE000EDFC)
T3D5C 751:054.656   CPU_ReadMem(4 bytes @ 0xE000EDF0)
T3D5C 751:061.376   CPU_WriteMem(4 bytes @ 0xE0002000)
T3D5C 751:062.144   CPU_ReadMem(4 bytes @ 0xE000EDFC)
T3D5C 751:062.848   CPU_ReadMem(4 bytes @ 0xE0001000)
T3D5C 751:063.488   CPU_WriteMem(4 bytes @ 0xE0001000)
T3D5C 751:064.192 - 105.674ms 
T3D5C 751:064.384 JLINK_IsHalted()
T3D5C 751:064.384 - 0.029ms returns TRUE
T3D5C 751:064.448 JLINK_Halt()
T3D5C 751:064.448 - 0.012ms returns 0x00
T3D5C 751:065.344 JLINK_ReadMemU32(0xE000ED00, 0x1 Items)
T3D5C 751:065.408   CPU_ReadMem(4 bytes @ 0xE000ED00)
T3D5C 751:066.048   Data:  01 C6 0C 41
T3D5C 751:066.112   Debug reg: CPUID
T3D5C 751:066.112 - 0.781ms returns 1 (0x1)
T3D5C 751:066.112 JLINK_ReadMemU32(0xE00FF000, 0x1 Items)
T3D5C 751:066.176   CPU_ReadMem(4 bytes @ 0xE00FF000)
T3D5C 751:066.752   Data:  03 F0 F0 FF
T3D5C 751:066.752 - 0.655ms returns 1 (0x1)
T3D5C 751:066.816 JLINK_ReadMemU32(0xE00FF004, 0x1 Items)
T3D5C 751:066.816   CPU_ReadMem(4 bytes @ 0xE00FF004)
T3D5C 751:067.392   Data:  03 20 F0 FF
T3D5C 751:067.392 - 0.583ms returns 1 (0x1)
T3D5C 751:067.392 JLINK_ReadMemU32(0xE00FF008, 0x1 Items)
T3D5C 751:067.392   CPU_ReadMem(4 bytes @ 0xE00FF008)
T3D5C 751:067.968   Data:  03 30 F0 FF
T3D5C 751:067.968 - 0.577ms returns 1 (0x1)
T3D5C 751:068.032 JLINK_ReadMemU32(0xE00FF00C, 0x1 Items)
T3D5C 751:068.032   CPU_ReadMem(4 bytes @ 0xE00FF00C)
T3D5C 751:068.544   Data:  00 00 00 00
T3D5C 751:068.544 - 0.555ms returns 1 (0x1)
T3D5C 751:068.544 JLINK_ReadMemU32(0xE00FFFD0, 0x1 Items)
T3D5C 751:068.544   CPU_ReadMem(4 bytes @ 0xE00FFFD0)
T3D5C 751:069.184   Data:  04 00 00 00
T3D5C 751:069.184 - 0.627ms returns 1 (0x1)
T3D5C 751:069.184 JLINK_ReadMemU32(0xE00FFFD4, 0x1 Items)
T3D5C 751:069.248   CPU_ReadMem(4 bytes @ 0xE00FFFD4)
T3D5C 751:069.824   Data:  00 00 00 00
T3D5C 751:069.824 - 0.619ms returns 1 (0x1)
T3D5C 751:069.824 JLINK_ReadMemU32(0xE00FFFD8, 0x1 Items)
T3D5C 751:069.824   CPU_ReadMem(4 bytes @ 0xE00FFFD8)
T3D5C 751:070.528   Data:  00 00 00 00
T3D5C 751:070.528 - 0.678ms returns 1 (0x1)
T3D5C 751:070.592 JLINK_ReadMemU32(0xE00FFFDC, 0x1 Items)
T3D5C 751:070.592   CPU_ReadMem(4 bytes @ 0xE00FFFDC)
T3D5C 751:071.104   Data:  00 00 00 00
T3D5C 751:071.104 - 0.590ms returns 1 (0x1)
T3D5C 751:071.168 JLINK_ReadMemU32(0xE00FFFE0, 0x1 Items)
T3D5C 751:071.168   CPU_ReadMem(4 bytes @ 0xE00FFFE0)
T3D5C 751:071.744   Data:  C0 00 00 00
T3D5C 751:071.744 - 0.603ms returns 1 (0x1)
T3D5C 751:071.808 JLINK_ReadMemU32(0xE00FFFE4, 0x1 Items)
T3D5C 751:071.808   CPU_ReadMem(4 bytes @ 0xE00FFFE4)
T3D5C 751:072.320   Data:  B4 00 00 00
T3D5C 751:072.320 - 0.550ms returns 1 (0x1)
T3D5C 751:072.384 JLINK_ReadMemU32(0xE00FFFE8, 0x1 Items)
T3D5C 751:072.384   CPU_ReadMem(4 bytes @ 0xE00FFFE8)
T3D5C 751:072.960   Data:  0B 00 00 00
T3D5C 751:072.960 - 0.628ms returns 1 (0x1)
T3D5C 751:072.960 JLINK_ReadMemU32(0xE00FFFEC, 0x1 Items)
T3D5C 751:073.024   CPU_ReadMem(4 bytes @ 0xE00FFFEC)
T3D5C 751:073.536   Data:  00 00 00 00
T3D5C 751:073.536 - 0.570ms returns 1 (0x1)
T3D5C 751:073.600 JLINK_ReadMemU32(0xE00FFFF0, 0x1 Items)
T3D5C 751:073.600   CPU_ReadMem(4 bytes @ 0xE00FFFF0)
T3D5C 751:074.176   Data:  0D 00 00 00
T3D5C 751:074.176 - 0.640ms returns 1 (0x1)
T3D5C 751:074.176 JLINK_ReadMemU32(0xE00FFFF4, 0x1 Items)
T3D5C 751:074.240   CPU_ReadMem(4 bytes @ 0xE00FFFF4)
T3D5C 751:074.944   Data:  10 00 00 00
T3D5C 751:074.944 - 0.740ms returns 1 (0x1)
T3D5C 751:074.944 JLINK_ReadMemU32(0xE00FFFF8, 0x1 Items)
T3D5C 751:075.008   CPU_ReadMem(4 bytes @ 0xE00FFFF8)
T3D5C 751:075.712   Data:  05 00 00 00
T3D5C 751:075.776 - 0.788ms returns 1 (0x1)
T3D5C 751:075.776 JLINK_ReadMemU32(0xE00FFFFC, 0x1 Items)
T3D5C 751:075.840   CPU_ReadMem(4 bytes @ 0xE00FFFFC)
T3D5C 751:076.416   Data:  B1 00 00 00
T3D5C 751:076.480 - 0.643ms returns 1 (0x1)
T3D5C 751:076.480 JLINK_ReadMemU32(0xE000EFD0, 0x1 Items)
T3D5C 751:076.480   CPU_ReadMem(4 bytes @ 0xE000EFD0)
T3D5C 751:077.184   Data:  04 00 00 00
T3D5C 751:077.184 - 0.717ms returns 1 (0x1)
T3D5C 751:077.248 JLINK_ReadMemU32(0xE000EFD4, 0x1 Items)
T3D5C 751:077.248   CPU_ReadMem(4 bytes @ 0xE000EFD4)
T3D5C 751:077.824   Data:  00 00 00 00
T3D5C 751:077.888 - 0.666ms returns 1 (0x1)
T3D5C 751:077.888 JLINK_ReadMemU32(0xE000EFD8, 0x1 Items)
T3D5C 751:077.888   CPU_ReadMem(4 bytes @ 0xE000EFD8)
T3D5C 751:078.528   Data:  00 00 00 00
T3D5C 751:078.592 - 0.696ms returns 1 (0x1)
T3D5C 751:078.592 JLINK_ReadMemU32(0xE000EFDC, 0x1 Items)
T3D5C 751:078.592   CPU_ReadMem(4 bytes @ 0xE000EFDC)
T3D5C 751:079.168   Data:  00 00 00 00
T3D5C 751:079.232 - 0.604ms returns 1 (0x1)
T3D5C 751:079.296 JLINK_ReadMemU32(0xE000EFE0, 0x1 Items)
T3D5C 751:079.296   CPU_ReadMem(4 bytes @ 0xE000EFE0)
T3D5C 751:079.936   Data:  08 00 00 00
T3D5C 751:079.936 - 0.711ms returns 1 (0x1)
T3D5C 751:080.000 JLINK_ReadMemU32(0xE000EFE4, 0x1 Items)
T3D5C 751:080.000   CPU_ReadMem(4 bytes @ 0xE000EFE4)
T3D5C 751:080.640   Data:  B0 00 00 00
T3D5C 751:080.640 - 0.693ms returns 1 (0x1)
T3D5C 751:080.704 JLINK_ReadMemU32(0xE000EFE8, 0x1 Items)
T3D5C 751:080.704   CPU_ReadMem(4 bytes @ 0xE000EFE8)
T3D5C 751:081.216   Data:  0B 00 00 00
T3D5C 751:081.280 - 0.571ms returns 1 (0x1)
T3D5C 751:081.280 JLINK_ReadMemU32(0xE000EFEC, 0x1 Items)
T3D5C 751:081.344   CPU_ReadMem(4 bytes @ 0xE000EFEC)
T3D5C 751:081.856   Data:  00 00 00 00
T3D5C 751:081.856 - 0.590ms returns 1 (0x1)
T3D5C 751:081.856 JLINK_ReadMemU32(0xE000EFF0, 0x1 Items)
T3D5C 751:081.856   CPU_ReadMem(4 bytes @ 0xE000EFF0)
T3D5C 751:082.432   Data:  0D 00 00 00
T3D5C 751:082.432 - 0.568ms returns 1 (0x1)
T3D5C 751:082.432 JLINK_ReadMemU32(0xE000EFF4, 0x1 Items)
T3D5C 751:082.496   CPU_ReadMem(4 bytes @ 0xE000EFF4)
T3D5C 751:083.072   Data:  E0 00 00 00
T3D5C 751:083.072 - 0.610ms returns 1 (0x1)
T3D5C 751:083.136 JLINK_ReadMemU32(0xE000EFF8, 0x1 Items)
T3D5C 751:083.136   CPU_ReadMem(4 bytes @ 0xE000EFF8)
T3D5C 751:083.648   Data:  05 00 00 00
T3D5C 751:083.648 - 0.572ms returns 1 (0x1)
T3D5C 751:083.648 JLINK_ReadMemU32(0xE000EFFC, 0x1 Items)
T3D5C 751:083.648   CPU_ReadMem(4 bytes @ 0xE000EFFC)
T3D5C 751:084.224   Data:  B1 00 00 00
T3D5C 751:084.224 - 0.555ms returns 1 (0x1)
T3D5C 751:084.224 JLINK_ReadMemU32(0xE0001FD0, 0x1 Items)
T3D5C 751:084.288   CPU_ReadMem(4 bytes @ 0xE0001FD0)
T3D5C 751:084.928   Data:  04 00 00 00
T3D5C 751:084.928   Debug reg: DWT_PID4
T3D5C 751:084.928 - 0.698ms returns 1 (0x1)
T3D5C 751:084.928 JLINK_ReadMemU32(0xE0001FD4, 0x1 Items)
T3D5C 751:084.928   CPU_ReadMem(4 bytes @ 0xE0001FD4)
T3D5C 751:085.568   Data:  00 00 00 00
T3D5C 751:085.632   Debug reg: DWT_PID5
T3D5C 751:085.632 - 0.656ms returns 1 (0x1)
T3D5C 751:085.632 JLINK_ReadMemU32(0xE0001FD8, 0x1 Items)
T3D5C 751:085.696   CPU_ReadMem(4 bytes @ 0xE0001FD8)
T3D5C 751:086.208   Data:  00 00 00 00
T3D5C 751:086.208   Debug reg: DWT_PID6
T3D5C 751:086.208 - 0.599ms returns 1 (0x1)
T3D5C 751:086.208 JLINK_ReadMemU32(0xE0001FDC, 0x1 Items)
T3D5C 751:086.272   CPU_ReadMem(4 bytes @ 0xE0001FDC)
T3D5C 751:086.784   Data:  00 00 00 00
T3D5C 751:086.848   Debug reg: DWT_PID7
T3D5C 751:086.848 - 0.587ms returns 1 (0x1)
T3D5C 751:086.848 JLINK_ReadMemU32(0xE0001FE0, 0x1 Items)
T3D5C 751:086.848   CPU_ReadMem(4 bytes @ 0xE0001FE0)
T3D5C 751:087.424   Data:  0A 00 00 00
T3D5C 751:087.424   Debug reg: DWT_PID[0]
T3D5C 751:087.488 - 0.586ms returns 1 (0x1)
T3D5C 751:087.488 JLINK_ReadMemU32(0xE0001FE4, 0x1 Items)
T3D5C 751:087.488   CPU_ReadMem(4 bytes @ 0xE0001FE4)
T3D5C 751:088.064   Data:  B0 00 00 00
T3D5C 751:088.064   Debug reg: DWT_PID[1]
T3D5C 751:088.064 - 0.643ms returns 1 (0x1)
T3D5C 751:088.128 JLINK_ReadMemU32(0xE0001FE8, 0x1 Items)
T3D5C 751:088.128   CPU_ReadMem(4 bytes @ 0xE0001FE8)
T3D5C 751:088.768   Data:  0B 00 00 00
T3D5C 751:088.768   Debug reg: DWT_PID[2]
T3D5C 751:088.768 - 0.686ms returns 1 (0x1)
T3D5C 751:088.768 JLINK_ReadMemU32(0xE0001FEC, 0x1 Items)
T3D5C 751:088.832   CPU_ReadMem(4 bytes @ 0xE0001FEC)
T3D5C 751:089.344   Data:  00 00 00 00
T3D5C 751:089.408   Debug reg: DWT_PID[3]
T3D5C 751:089.408 - 0.582ms returns 1 (0x1)
T3D5C 751:089.408 JLINK_ReadMemU32(0xE0001FF0, 0x1 Items)
T3D5C 751:089.408   CPU_ReadMem(4 bytes @ 0xE0001FF0)
T3D5C 751:090.048   Data:  0D 00 00 00
T3D5C 751:090.048   Debug reg: DWT_CID[0]
T3D5C 751:090.048 - 0.628ms returns 1 (0x1)
T3D5C 751:090.048 JLINK_ReadMemU32(0xE0001FF4, 0x1 Items)
T3D5C 751:090.112   CPU_ReadMem(4 bytes @ 0xE0001FF4)
T3D5C 751:090.688   Data:  E0 00 00 00
T3D5C 751:090.752   Debug reg: DWT_CID[1]
T3D5C 751:090.752 - 0.648ms returns 1 (0x1)
T3D5C 751:090.752 JLINK_ReadMemU32(0xE0001FF8, 0x1 Items)
T3D5C 751:090.816   CPU_ReadMem(4 bytes @ 0xE0001FF8)
T3D5C 751:091.520   Data:  05 00 00 00
T3D5C 751:091.520   Debug reg: DWT_CID[2]
T3D5C 751:091.520 - 0.770ms returns 1 (0x1)
T3D5C 751:091.584 JLINK_ReadMemU32(0xE0001FFC, 0x1 Items)
T3D5C 751:091.584   CPU_ReadMem(4 bytes @ 0xE0001FFC)
T3D5C 751:092.224   Data:  B1 00 00 00
T3D5C 751:092.288   Debug reg: DWT_CID[3]
T3D5C 751:092.288 - 0.749ms returns 1 (0x1)
T3D5C 751:092.352 JLINK_ReadMemU32(0xE0002FD0, 0x1 Items)
T3D5C 751:092.352   CPU_ReadMem(4 bytes @ 0xE0002FD0)
T3D5C 751:092.928   Data:  04 00 00 00
T3D5C 751:092.992   Debug reg: FP_PID4
T3D5C 751:092.992 - 0.678ms returns 1 (0x1)
T3D5C 751:092.992 JLINK_ReadMemU32(0xE0002FD4, 0x1 Items)
T3D5C 751:093.056   CPU_ReadMem(4 bytes @ 0xE0002FD4)
T3D5C 751:093.568   Data:  00 00 00 00
T3D5C 751:093.568   Debug reg: FP_PID5
T3D5C 751:093.632 - 0.579ms returns 1 (0x1)
T3D5C 751:093.632 JLINK_ReadMemU32(0xE0002FD8, 0x1 Items)
T3D5C 751:093.632   CPU_ReadMem(4 bytes @ 0xE0002FD8)
T3D5C 751:094.208   Data:  00 00 00 00
T3D5C 751:094.208   Debug reg: FP_PID6
T3D5C 751:094.272 - 0.649ms returns 1 (0x1)
T3D5C 751:094.272 JLINK_ReadMemU32(0xE0002FDC, 0x1 Items)
T3D5C 751:094.272   CPU_ReadMem(4 bytes @ 0xE0002FDC)
T3D5C 751:094.784   Data:  00 00 00 00
T3D5C 751:094.848   Debug reg: FP_PID7
T3D5C 751:094.848 - 0.572ms returns 1 (0x1)
T3D5C 751:094.848 JLINK_ReadMemU32(0xE0002FE0, 0x1 Items)
T3D5C 751:094.912   CPU_ReadMem(4 bytes @ 0xE0002FE0)
T3D5C 751:095.424   Data:  0B 00 00 00
T3D5C 751:095.424   Debug reg: FP_PID[0]
T3D5C 751:095.424 - 0.605ms returns 1 (0x1)
T3D5C 751:095.424 JLINK_ReadMemU32(0xE0002FE4, 0x1 Items)
T3D5C 751:095.488   CPU_ReadMem(4 bytes @ 0xE0002FE4)
T3D5C 751:096.192   Data:  B0 00 00 00
T3D5C 751:096.192   Debug reg: FP_PID[1]
T3D5C 751:096.192 - 0.731ms returns 1 (0x1)
T3D5C 751:096.192 JLINK_ReadMemU32(0xE0002FE8, 0x1 Items)
T3D5C 751:096.192   CPU_ReadMem(4 bytes @ 0xE0002FE8)
T3D5C 751:096.960   Data:  0B 00 00 00
T3D5C 751:096.960   Debug reg: FP_PID[2]
T3D5C 751:096.960 - 0.736ms returns 1 (0x1)
T3D5C 751:096.960 JLINK_ReadMemU32(0xE0002FEC, 0x1 Items)
T3D5C 751:096.960   CPU_ReadMem(4 bytes @ 0xE0002FEC)
T3D5C 751:097.664   Data:  00 00 00 00
T3D5C 751:097.664   Debug reg: FP_PID[3]
T3D5C 751:097.728 - 0.717ms returns 1 (0x1)
T3D5C 751:097.728 JLINK_ReadMemU32(0xE0002FF0, 0x1 Items)
T3D5C 751:097.728   CPU_ReadMem(4 bytes @ 0xE0002FF0)
T3D5C 751:098.240   Data:  0D 00 00 00
T3D5C 751:098.240   Debug reg: FP_CID[0]
T3D5C 751:098.240 - 0.553ms returns 1 (0x1)
T3D5C 751:098.240 JLINK_ReadMemU32(0xE0002FF4, 0x1 Items)
T3D5C 751:098.240   CPU_ReadMem(4 bytes @ 0xE0002FF4)
T3D5C 751:098.816   Data:  E0 00 00 00
T3D5C 751:098.880   Debug reg: FP_CID[1]
T3D5C 751:098.880 - 0.606ms returns 1 (0x1)
T3D5C 751:098.880 JLINK_ReadMemU32(0xE0002FF8, 0x1 Items)
T3D5C 751:098.880   CPU_ReadMem(4 bytes @ 0xE0002FF8)
T3D5C 751:099.456   Data:  05 00 00 00
T3D5C 751:099.456   Debug reg: FP_CID[2]
T3D5C 751:099.520 - 0.591ms returns 1 (0x1)
T3D5C 751:099.520 JLINK_ReadMemU32(0xE0002FFC, 0x1 Items)
T3D5C 751:099.520   CPU_ReadMem(4 bytes @ 0xE0002FFC)
T3D5C 751:100.032   Data:  B1 00 00 00
T3D5C 751:100.032   Debug reg: FP_CID[3]
T3D5C 751:100.032 - 0.575ms returns 1 (0x1)
T3D5C 751:105.664 JLINK_ReadMemU32(0xE000ED00, 0x1 Items)
T3D5C 751:105.664   CPU_ReadMem(4 bytes @ 0xE000ED00)
T3D5C 751:106.240   Data:  01 C6 0C 41
T3D5C 751:106.304   Debug reg: CPUID
T3D5C 751:106.304 - 0.703ms returns 1 (0x1)
T3D5C 751:107.136 JLINK_GetSpeed()
T3D5C 751:107.200 - 0.033ms returns 1000
T3D5C 751:107.200 JLINK_SetMaxSpeed()
T3D5C 751:107.392 - 0.186ms 
T3D5C 751:107.456 JLINK_BeginDownload(Flags = 0x00000003)
T3D5C 751:107.456 - 0.015ms 
T3D5C 751:351.552 JLINK_WriteMem(0x28040000, 0x800 Bytes, ...)
T3D5C 751:351.616   Data:  00 00 08 28 89 07 04 28 00 00 00 00 00 00 00 00 ...
T3D5C 751:351.808   CPU_WriteMem(2048 bytes @ 0x28040000)
T3D5C 751:364.992 - 13.469ms returns 0x800
T3D5C 751:365.120 JLINK_ReadMemU32(0x28040000, 0x200 Items)
T3D5C 751:365.184   CPU_ReadMem(2048 bytes @ 0x28040000)
T3D5C 751:378.624    -- Updating C cache (2048 bytes @ 0x28040000)
T3D5C 751:378.688    -- Read from C cache (2048 bytes @ 0x28040000)
T3D5C 751:378.752   Data:  00 00 08 28 89 07 04 28 00 00 00 00 00 00 00 00 ...
T3D5C 751:378.752 - 13.608ms returns 512 (0x200)
T3D5C 751:379.072 JLINK_ReadMemU32(0xE000EDFC, 0x1 Items)
T3D5C 751:379.136   CPU_ReadMem(4 bytes @ 0xE000EDFC)
T3D5C 751:379.776   Data:  00 00 00 01
T3D5C 751:379.840   Debug reg: DEMCR
T3D5C 751:379.840 - 0.698ms returns 1 (0x1)
T3D5C 751:379.840 JLINK_WriteU32(0xE000EDFC, 0x01000000)
T3D5C 751:379.840   Debug reg: DEMCR
T3D5C 751:380.032 - 0.202ms returns 0 (0x00000000)
T3D5C 751:380.096 JLINK_ReadMemU32(0xE0001004, 0x1 Items)
T3D5C 751:380.096   CPU_ReadMem(4 bytes @ 0xE0001004)
T3D5C 751:380.800   Data:  00 00 00 00
T3D5C 751:380.864   Debug reg: DWT_CYCCNT
T3D5C 751:380.864 - 0.843ms returns 1 (0x1)
T3D5C 751:380.928 JLINK_ReadMemU32(0x28040000, 0x1 Items)
T3D5C 751:380.928    -- Read from C cache (4 bytes @ 0x28040000)
T3D5C 751:380.928   Data:  00 00 08 28
T3D5C 751:380.928 - 0.041ms returns 1 (0x1)
T3D5C 751:380.992 JLINK_ReadMemU32(0x28040004, 0x1 Items)
T3D5C 751:380.992    -- Read from C cache (4 bytes @ 0x28040004)
T3D5C 751:380.992   Data:  89 07 04 28
T3D5C 751:380.992 - 0.035ms returns 1 (0x1)
T3D5C 751:381.056 JLINK_ReadRegs(NumRegs = 1)
T3D5C 751:381.056     MSP (17) = 0x280BF7E8        
T3D5C 751:381.056 - 0.025ms returns 0x00
T3D5C 751:381.120 JLINK_ReadRegs(NumRegs = 1)
T3D5C 751:381.120     PSP (18) = 0x4D6BD96C        
T3D5C 751:381.120 - 0.024ms returns 0x00
T3D5C 751:381.120 JLINK_ReadRegs(NumRegs = 1)
T3D5C 751:381.120     CFBP (20) = 0x00              
T3D5C 751:381.120 - 0.022ms returns 0x00
T3D5C 751:381.120 JLINK_WriteReg(MSP, 0x28080000)
T3D5C 751:381.120 - 0.015ms returns 0
T3D5C 751:381.184 JLINK_ReadRegs(NumRegs = 1)
T3D5C 751:381.184     R15 (PC) (15) = 0x17004316        
T3D5C 751:381.184 - 0.023ms returns 0x00
T3D5C 751:381.184 JLINK_WriteReg(R15 (PC), 0x28040788)
T3D5C 751:381.184 - 0.011ms returns 0
T3D5C 751:381.248 JLINK_ReadRegs(NumRegs = 1)
T3D5C 751:381.248     R0 (0)  = 0x1703741         
T3D5C 751:381.248 - 0.025ms returns 0x00
T3D5C 751:381.248 JLINK_ReadRegs(NumRegs = 1)
T3D5C 751:381.312     R1 (1)  = 0xF4240           
T3D5C 751:381.312 - 0.022ms returns 0x00
T3D5C 751:381.312 JLINK_ReadRegs(NumRegs = 1)
T3D5C 751:381.312     R2 (2)  = 0x243             
T3D5C 751:381.376 - 0.022ms returns 0x00
T3D5C 751:381.376 JLINK_ReadRegs(NumRegs = 1)
T3D5C 751:381.376     R3 (3)  = 0x20002           
T3D5C 751:381.376 - 0.022ms returns 0x00
T3D5C 751:381.376 JLINK_ReadRegs(NumRegs = 1)
T3D5C 751:381.376     R4 (4)  = 0xF1000107        
T3D5C 751:381.376 - 0.023ms returns 0x00
T3D5C 751:381.376 JLINK_ReadRegs(NumRegs = 1)
T3D5C 751:381.376     R5 (5)  = 0xFFFF0000        
T3D5C 751:381.440 - 0.022ms returns 0x00
T3D5C 751:381.440 JLINK_ReadRegs(NumRegs = 1)
T3D5C 751:381.440     R6 (6)  = 0x02              
T3D5C 751:381.440 - 0.022ms returns 0x00
T3D5C 751:381.440 JLINK_ReadRegs(NumRegs = 1)
T3D5C 751:381.504     R7 (7)  = 0x17007C00        
T3D5C 751:381.504 - 0.022ms returns 0x00
T3D5C 751:381.504 JLINK_ReadRegs(NumRegs = 1)
T3D5C 751:381.504     R8 (8)  = 0xB5FBF82F        
T3D5C 751:381.568 - 0.024ms returns 0x00
T3D5C 751:381.568 JLINK_ReadRegs(NumRegs = 1)
T3D5C 751:381.568     R9 (9)  = 0x2DDFEF84        
T3D5C 751:381.568 - 0.022ms returns 0x00
T3D5C 751:381.568 JLINK_ReadRegs(NumRegs = 1)
T3D5C 751:381.632     R10 (10) = 0x4CFEF744        
T3D5C 751:381.632 - 0.022ms returns 0x00
T3D5C 751:381.632 JLINK_ReadRegs(NumRegs = 1)
T3D5C 751:381.632     R11 (11) = 0x6A75F2B0        
T3D5C 751:381.632 - 0.022ms returns 0x00
T3D5C 751:381.632 JLINK_ReadRegs(NumRegs = 1)
T3D5C 751:381.632     R12 (12) = 0x280BF334        
T3D5C 751:381.632 - 0.022ms returns 0x00
T3D5C 751:381.632 JLINK_ReadRegs(NumRegs = 1)
T3D5C 751:381.696     MSP (17) = 0x28080000        
T3D5C 751:381.696 - 0.022ms returns 0x00
T3D5C 751:381.696 JLINK_ReadRegs(NumRegs = 1)
T3D5C 751:381.696     PSP (18) = 0x4D6BD96C        
T3D5C 751:381.760 - 0.028ms returns 0x00
T3D5C 751:381.760 JLINK_ReadRegs(NumRegs = 1)
T3D5C 751:381.760     R14 (14) = 0x1700419B        
T3D5C 751:381.760 - 0.026ms returns 0x00
T3D5C 751:381.824 JLINK_ReadRegs(NumRegs = 1)
T3D5C 751:381.824     R15 (PC) (15) = 0x28040788        
T3D5C 751:381.824 - 0.023ms returns 0x00
T3D5C 751:381.824 JLINK_ReadRegs(NumRegs = 1)
T3D5C 751:381.888     XPSR (16) = 0x21000000        
T3D5C 751:381.888 - 0.021ms returns 0x00
T3D5C 751:381.888 JLINK_ReadRegs(NumRegs = 1)
T3D5C 751:381.888     CFBP (20) = 0x00              
T3D5C 751:381.888 - 0.022ms returns 0x00
T3D5C 751:381.888 JLINK_WriteReg(XPSR, 0x21000000)
T3D5C 751:381.888 - 0.011ms returns 0
T3D5C 751:381.888 JLINK_ReadRegs(NumRegs = 1)
T3D5C 751:381.952     R15 (PC) (15) = 0x28040788        
T3D5C 751:381.952 - 0.023ms returns 0x00
T3D5C 751:382.144 JLINK_ReadMemU32(0xE000ED00, 0x1 Items)
T3D5C 751:382.144   CPU_ReadMem(4 bytes @ 0xE000ED00)
T3D5C 751:382.720   Data:  01 C6 0C 41
T3D5C 751:382.784   Debug reg: CPUID
T3D5C 751:382.784 - 0.691ms returns 1 (0x1)
T3D5C 751:382.848 JLINK_WriteU32(0xE000ED08, 0x00000000)
T3D5C 751:382.912   CPU_WriteMem(4 bytes @ 0xE000ED08)
T3D5C 751:383.424 - 0.533ms returns 0 (0x00000000)
T3D5C 751:383.424 JLINK_WriteU32(0xE000E100, 0x00000003)
T3D5C 751:383.424   CPU_WriteMem(4 bytes @ 0xE000E100)
T3D5C 751:383.872 - 0.447ms returns 0 (0x00000000)
T3D5C 751:383.936 JLINK_WriteU32(0xE000E400, 0x00000040)
T3D5C 751:383.936   CPU_WriteMem(4 bytes @ 0xE000E400)
T3D5C 751:384.384 - 0.447ms returns 0 (0x00000000)
T3D5C 751:386.624 JLINK_WriteMem(0x2807FE54, 0x4 Bytes, ...)
T3D5C 751:386.688   Data:  00 00 00 00
T3D5C 751:386.688   CPU_WriteMem(4 bytes @ 0x2807FE54)
T3D5C 751:387.136 - 0.463ms returns 0x4
T3D5C 751:387.200 JLINK_WriteMem(0x2807FE40, 0x14 Bytes, ...)
T3D5C 751:387.200   Data:  00 00 00 10 00 00 00 00 00 00 00 10 00 08 04 28 ...
T3D5C 751:387.200   CPU_WriteMem(20 bytes @ 0x2807FE40)
T3D5C 751:387.712 - 0.539ms returns 0x14
T3D5C 751:387.776 JLINK_WriteReg(R15 (PC), 0x28040788)
T3D5C 751:387.776 - 0.014ms returns 0
T3D5C 751:387.776 JLINK_ReadRegs(NumRegs = 1)
T3D5C 751:387.776     R0 (0)  = 0x1703741         
T3D5C 751:387.776 - 0.026ms returns 0x00
T3D5C 751:387.776 JLINK_ReadRegs(NumRegs = 1)
T3D5C 751:387.776     R1 (1)  = 0xF4240           
T3D5C 751:387.840 - 0.024ms returns 0x00
T3D5C 751:387.840 JLINK_ReadRegs(NumRegs = 1)
T3D5C 751:387.840     R2 (2)  = 0x243             
T3D5C 751:387.840 - 0.023ms returns 0x00
T3D5C 751:387.904 JLINK_ReadRegs(NumRegs = 1)
T3D5C 751:387.904     R3 (3)  = 0x20002           
T3D5C 751:387.904 - 0.022ms returns 0x00
T3D5C 751:387.904 JLINK_ReadRegs(NumRegs = 1)
T3D5C 751:387.968     R4 (4)  = 0xF1000107        
T3D5C 751:387.968 - 0.047ms returns 0x00
T3D5C 751:388.032 JLINK_ReadRegs(NumRegs = 1)
T3D5C 751:388.032     R5 (5)  = 0xFFFF0000        
T3D5C 751:388.032 - 0.033ms returns 0x00
T3D5C 751:388.032 JLINK_ReadRegs(NumRegs = 1)
T3D5C 751:388.032     R6 (6)  = 0x02              
T3D5C 751:388.032 - 0.024ms returns 0x00
T3D5C 751:388.032 JLINK_ReadRegs(NumRegs = 1)
T3D5C 751:388.096     R7 (7)  = 0x17007C00        
T3D5C 751:388.096 - 0.024ms returns 0x00
T3D5C 751:388.096 JLINK_ReadRegs(NumRegs = 1)
T3D5C 751:388.096     R8 (8)  = 0xB5FBF82F        
T3D5C 751:388.096 - 0.025ms returns 0x00
T3D5C 751:388.160 JLINK_ReadRegs(NumRegs = 1)
T3D5C 751:388.160     R9 (9)  = 0x2DDFEF84        
T3D5C 751:388.160 - 0.024ms returns 0x00
T3D5C 751:388.160 JLINK_ReadRegs(NumRegs = 1)
T3D5C 751:388.224     R10 (10) = 0x4CFEF744        
T3D5C 751:388.224 - 0.025ms returns 0x00
T3D5C 751:388.224 JLINK_ReadRegs(NumRegs = 1)
T3D5C 751:388.224     R11 (11) = 0x6A75F2B0        
T3D5C 751:388.288 - 0.024ms returns 0x00
T3D5C 751:388.288 JLINK_ReadRegs(NumRegs = 1)
T3D5C 751:388.288     R12 (12) = 0x280BF334        
T3D5C 751:388.288 - 0.023ms returns 0x00
T3D5C 751:388.288 JLINK_ReadRegs(NumRegs = 1)
T3D5C 751:388.288     MSP (17) = 0x28080000        
T3D5C 751:388.288 - 0.028ms returns 0x00
T3D5C 751:388.288 JLINK_ReadRegs(NumRegs = 1)
T3D5C 751:388.352     PSP (18) = 0x4D6BD96C        
T3D5C 751:388.352 - 0.024ms returns 0x00
T3D5C 751:388.352 JLINK_ReadRegs(NumRegs = 1)
T3D5C 751:388.352     R14 (14) = 0x1700419B        
T3D5C 751:388.416 - 0.023ms returns 0x00
T3D5C 751:388.416 JLINK_ReadRegs(NumRegs = 1)
T3D5C 751:388.416     R15 (PC) (15) = 0x28040788        
T3D5C 751:388.416 - 0.024ms returns 0x00
T3D5C 751:388.480 JLINK_ReadRegs(NumRegs = 1)
T3D5C 751:388.480     XPSR (16) = 0x21000000        
T3D5C 751:388.480 - 0.035ms returns 0x00
T3D5C 751:388.544 JLINK_ReadRegs(NumRegs = 1)
T3D5C 751:388.544     CFBP (20) = 0x00              
T3D5C 751:388.544 - 0.023ms returns 0x00
T3D5C 751:388.544 JLINK_WriteReg(XPSR, 0x21000000)
T3D5C 751:388.544 - 0.012ms returns 0
T3D5C 751:388.608 JLINK_SetBPEx(Addr = 0x280400A4, Type = 0xFFFFFFF2)
T3D5C 751:388.608   CPU_ReadMem(2 bytes @ 0x280400A4)
T3D5C 751:389.056 - 0.469ms returns 0x00000001
T3D5C 751:389.056 JLINK_WriteVectorCatch(0x00000000)
T3D5C 751:389.056 - 0.013ms returns 0
T086C 751:390.272 JLINK_ReadRegs(NumRegs = 1)
T086C 751:390.400     R15 (PC) (15) = 0x28040788        
T086C 751:390.464 - 0.180ms returns 0x00
T086C 751:390.464 JLINK_ReadMemU16(0x28040788, 0x1 Items)
T086C 751:390.464    -- Read from C cache (2 bytes @ 0x28040788)
T086C 751:390.528   Data:  FF F7
T086C 751:390.528 - 0.047ms returns 1 (0x1)
T086C 751:390.592 JLINK_WriteVectorCatch(0x00000000)
T086C 751:390.592 - 0.022ms returns 0
T086C 751:390.592 JLINK_ReadMemU32(0xE000EDFC, 0x1 Items)
T086C 751:390.592   Data:  00 00 00 01
T086C 751:390.592   Debug reg: DEMCR
T086C 751:390.592 - 0.045ms returns 1 (0x1)
T086C 751:390.656 JLINK_WriteU32(0xE000EDFC, 0x01000000)
T086C 751:390.656   Debug reg: DEMCR
T086C 751:390.656   CPU_WriteMem(2 bytes @ 0x280400A4)
T086C 751:391.104 - 0.474ms returns 0 (0x00000000)
T086C 751:391.168 JLINK_ReadMemU32(0xE0002000, 0x1 Items)
T086C 751:391.168   CPU_ReadMem(4 bytes @ 0xE0002000)
T086C 751:391.552   Data:  41 00 00 00
T086C 751:391.616 - 0.411ms returns 1 (0x1)
T086C 751:391.616 JLINK_ReadMemU32(0xE0002000, 0x1 Items)
T086C 751:391.616   CPU_ReadMem(4 bytes @ 0xE0002000)
T086C 751:392.000   Data:  41 00 00 00
T086C 751:392.000 - 0.420ms returns 1 (0x1)
T086C 751:392.064 JLINK_ReadMemU32(0xE0001000, 0x1 Items)
T086C 751:392.064   CPU_ReadMem(4 bytes @ 0xE0001000)
T086C 751:392.512   Data:  00 00 00 20
T086C 751:392.512   Debug reg: DWT_CTRL
T086C 751:392.512 - 0.495ms returns 1 (0x1)
T086C 751:392.576 JLINK_ReadMemU32(0xE000EDFC, 0x1 Items)
T086C 751:392.576   Data:  00 00 00 01
T086C 751:392.576   Debug reg: DEMCR
T086C 751:392.576 - 0.037ms returns 1 (0x1)
T086C 751:392.640 JLINK_WriteU32(0xE000EDFC, 0x01000000)
T086C 751:392.640   Debug reg: DEMCR
T086C 751:392.640 - 0.027ms returns 0 (0x00000000)
T086C 751:392.640 JLINK_WriteU32(0xE0001028, 0x00000000)
T086C 751:392.640   Debug reg: DWT_FUNC[0]
T086C 751:392.640 - 0.025ms returns 0 (0x00000000)
T086C 751:392.640 JLINK_WriteU32(0xE0001038, 0x00000000)
T086C 751:392.640   Debug reg: DWT_FUNC[1]
T086C 751:392.704 - 0.024ms returns 0 (0x00000000)
T086C 751:392.704 JLINK_Go()
T086C 751:392.768   CPU_ReadMem(4 bytes @ 0xE0001000)
T086C 751:393.216   CPU_WriteMem(4 bytes @ 0xE0001000)
T086C 751:393.664   CPU_WriteMem(4 bytes @ 0xE0001028)
T086C 751:393.664   CPU_WriteMem(4 bytes @ 0xE0001038)
T086C 751:393.728   CPU_WriteMem(4 bytes @ 0xE0002008)
T086C 751:393.728   CPU_WriteMem(4 bytes @ 0xE000200C)
T086C 751:393.728   CPU_WriteMem(4 bytes @ 0xE0002010)
T086C 751:393.728   CPU_WriteMem(4 bytes @ 0xE0002014)
T086C 751:397.440   Memory map 'after startup completion point' is active
T086C 751:397.504 - 4.743ms 
T086C 751:398.592 JLINK_GetHWStatus(...)
T086C 751:398.848 - 0.276ms returns 0
T086C 751:398.848 JLINK_IsHalted()
T086C 751:402.176   CPU_ReadMem(2 bytes @ 0x280400A4)
T086C 751:402.688 - 3.824ms returns TRUE
T086C 751:402.752 JLINK_ReadRegs(NumRegs = 1)
T086C 751:402.816     R15 (PC) (15) = 0x280400A4        
T086C 751:402.880 - 0.088ms returns 0x00
T086C 751:402.880 JLINK_ReadMemU16(0x280400A4, 0x1 Items)
T086C 751:402.880    -- Merging existing BP[0]: 0xE7FE @ 0x280400A4
T086C 751:402.880    -- Merging existing BP[0]: 0xE7FE @ 0x280400A4
T086C 751:402.880   Data:  FE E7
T086C 751:402.880 - 0.051ms returns 1 (0x1)
T086C 751:402.944 JLINK_ReadMemU32(0xE000EDFC, 0x1 Items)
T086C 751:402.944   Data:  00 00 00 01
T086C 751:402.944   Debug reg: DEMCR
T086C 751:403.008 - 0.038ms returns 1 (0x1)
T086C 751:403.008 JLINK_WriteU32(0xE000EDFC, 0x01000000)
T086C 751:403.008   Debug reg: DEMCR
T086C 751:403.008 - 0.026ms returns 0 (0x00000000)
T086C 751:403.072 JLINK_WriteVectorCatch(0x00000000)
T086C 751:403.072 - 0.013ms returns 0
T086C 751:403.072 JLINK_WriteU32(0xE0001028, 0x00000000)
T086C 751:403.072   Debug reg: DWT_FUNC[0]
T086C 751:403.136 - 0.025ms returns 0 (0x00000000)
T086C 751:403.136 JLINK_WriteU32(0xE0001038, 0x00000000)
T086C 751:403.136   Debug reg: DWT_FUNC[1]
T086C 751:403.136 - 0.026ms returns 0 (0x00000000)
T086C 751:403.392 JLINK_ReadMemU32(0x2807FE40, 0x5 Items)
T086C 751:403.392   CPU_ReadMem(64 bytes @ 0x2807FE40)
T086C 751:404.224    -- Updating C cache (64 bytes @ 0x2807FE40)
T086C 751:404.224    -- Read from C cache (20 bytes @ 0x2807FE40)
T086C 751:404.288   Data:  00 00 00 10 00 00 00 00 00 00 00 10 00 08 04 28 ...
T086C 751:404.288 - 0.894ms returns 5 (0x5)
T086C 751:404.672 JLINK_WriteMem(0x28040800, 0x8 Bytes, ...)
T086C 751:404.672   Data:  00 00 00 10 00 80 00 00
T086C 751:404.672   CPU_WriteMem(8 bytes @ 0x28040800)
T086C 751:405.120 - 0.447ms returns 0x8
T086C 751:405.184 JLINK_WriteMem(0x2807FE40, 0x14 Bytes, ...)
T086C 751:405.184   Data:  00 00 00 00 01 00 00 00 00 00 00 00 00 08 04 28 ...
T086C 751:405.184   CPU_WriteMem(20 bytes @ 0x2807FE40)
T086C 751:405.760 - 0.619ms returns 0x14
T086C 751:405.760 JLINK_WriteReg(R15 (PC), 0x28040798)
T086C 751:405.824 - 0.014ms returns 0
T086C 751:405.824 JLINK_ReadRegs(NumRegs = 1)
T086C 751:405.824     R0 (0)  = 0x00              
T086C 751:405.824 - 0.026ms returns 0x00
T086C 751:405.888 JLINK_ReadRegs(NumRegs = 1)
T086C 751:405.888     R1 (1)  = 0x2807FE58        
T086C 751:405.888 - 0.024ms returns 0x00
T086C 751:405.888 JLINK_ReadRegs(NumRegs = 1)
T086C 751:405.952     R2 (2)  = 0x10000000        
T086C 751:405.952 - 0.023ms returns 0x00
T086C 751:405.952 JLINK_ReadRegs(NumRegs = 1)
T086C 751:405.952     R3 (3)  = 0x00              
T086C 751:405.952 - 0.023ms returns 0x00
T086C 751:405.952 JLINK_ReadRegs(NumRegs = 1)
T086C 751:405.952     R4 (4)  = 0xF1000107        
T086C 751:405.952 - 0.023ms returns 0x00
T086C 751:405.952 JLINK_ReadRegs(NumRegs = 1)
T086C 751:406.016     R5 (5)  = 0xFFFF0000        
T086C 751:406.016 - 0.023ms returns 0x00
T086C 751:406.016 JLINK_ReadRegs(NumRegs = 1)
T086C 751:406.016     R6 (6)  = 0x02              
T086C 751:406.080 - 0.023ms returns 0x00
T086C 751:406.080 JLINK_ReadRegs(NumRegs = 1)
T086C 751:406.080     R7 (7)  = 0x17007C00        
T086C 751:406.080 - 0.023ms returns 0x00
T086C 751:406.144 JLINK_ReadRegs(NumRegs = 1)
T086C 751:406.144     R8 (8)  = 0xB5FBF82F        
T086C 751:406.144 - 0.024ms returns 0x00
T086C 751:406.144 JLINK_ReadRegs(NumRegs = 1)
T086C 751:406.144     R9 (9)  = 0x2DDFEF84        
T086C 751:406.208 - 0.023ms returns 0x00
T086C 751:406.208 JLINK_ReadRegs(NumRegs = 1)
T086C 751:406.208     R10 (10) = 0x4CFEF744        
T086C 751:406.208 - 0.023ms returns 0x00
T086C 751:406.208 JLINK_ReadRegs(NumRegs = 1)
T086C 751:406.208     R11 (11) = 0x6A75F2B0        
T086C 751:406.208 - 0.023ms returns 0x00
T086C 751:406.208 JLINK_ReadRegs(NumRegs = 1)
T086C 751:406.272     R12 (12) = 0x280BF334        
T086C 751:406.272 - 0.023ms returns 0x00
T086C 751:406.272 JLINK_ReadRegs(NumRegs = 1)
T086C 751:406.272     MSP (17) = 0x28080000        
T086C 751:406.336 - 0.024ms returns 0x00
T086C 751:406.336 JLINK_ReadRegs(NumRegs = 1)
T086C 751:406.336     PSP (18) = 0x4D6BD96C        
T086C 751:406.336 - 0.023ms returns 0x00
T086C 751:406.400 JLINK_ReadRegs(NumRegs = 1)
T086C 751:406.400     R14 (14) = 0x28040791        
T086C 751:406.400 - 0.025ms returns 0x00
T086C 751:406.400 JLINK_ReadRegs(NumRegs = 1)
T086C 751:406.464     R15 (PC) (15) = 0x28040798        
T086C 751:406.464 - 0.023ms returns 0x00
T086C 751:406.464 JLINK_ReadRegs(NumRegs = 1)
T086C 751:406.464     XPSR (16) = 0x41000000        
T086C 751:406.464 - 0.023ms returns 0x00
T086C 751:406.464 JLINK_ReadRegs(NumRegs = 1)
T086C 751:406.464     CFBP (20) = 0x00              
T086C 751:406.464 - 0.023ms returns 0x00
T086C 751:406.464 JLINK_WriteReg(XPSR, 0x41000000)
T086C 751:406.528 - 0.012ms returns 0
T086C 751:406.656 JLINK_ReadRegs(NumRegs = 1)
T086C 751:406.720     R15 (PC) (15) = 0x28040798        
T086C 751:406.720 - 0.036ms returns 0x00
T086C 751:406.720 JLINK_ReadMemU16(0x28040798, 0x1 Items)
T086C 751:406.720   CPU_ReadMem(64 bytes @ 0x28040780)
T086C 751:407.488    -- Updating C cache (64 bytes @ 0x28040780)
T086C 751:407.488    -- Read from C cache (2 bytes @ 0x28040798)
T086C 751:407.552   Data:  FF F7
T086C 751:407.552 - 0.854ms returns 1 (0x1)
T086C 751:407.552 JLINK_WriteVectorCatch(0x00000000)
T086C 751:407.616 - 0.013ms returns 0
T086C 751:407.616 JLINK_ReadMemU32(0xE000EDFC, 0x1 Items)
T086C 751:407.616   Data:  00 00 00 01
T086C 751:407.616   Debug reg: DEMCR
T086C 751:407.680 - 0.037ms returns 1 (0x1)
T086C 751:407.680 JLINK_WriteU32(0xE000EDFC, 0x01000000)
T086C 751:407.680   Debug reg: DEMCR
T086C 751:407.680 - 0.026ms returns 0 (0x00000000)
T086C 751:407.744 JLINK_WriteU32(0xE0001028, 0x00000000)
T086C 751:407.744   Debug reg: DWT_FUNC[0]
T086C 751:407.744 - 0.025ms returns 0 (0x00000000)
T086C 751:407.744 JLINK_WriteU32(0xE0001038, 0x00000000)
T086C 751:407.744   Debug reg: DWT_FUNC[1]
T086C 751:407.744 - 0.024ms returns 0 (0x00000000)
T086C 751:407.744 JLINK_Go()
T086C 751:407.808   CPU_ReadMem(4 bytes @ 0xE0001000)
T086C 751:408.256   CPU_WriteMem(4 bytes @ 0xE0001028)
T086C 751:408.320   CPU_WriteMem(4 bytes @ 0xE0001038)
T086C 751:410.112 - 2.337ms 
T086C 751:411.264 JLINK_GetHWStatus(...)
T086C 751:411.584 - 0.317ms returns 0
T086C 751:411.584 JLINK_IsHalted()
T086C 751:412.096 - 0.445ms returns FALSE
T086C 751:413.312 JLINK_GetHWStatus(...)
T086C 751:413.632 - 0.349ms returns 0
T086C 751:413.632 JLINK_IsHalted()
T086C 751:414.144 - 0.457ms returns FALSE
T086C 751:415.360 JLINK_GetHWStatus(...)
T086C 751:415.616 - 0.237ms returns 0
T086C 751:415.616 JLINK_IsHalted()
T086C 751:416.064 - 0.447ms returns FALSE
T086C 751:417.344 JLINK_GetHWStatus(...)
T086C 751:417.728 - 0.321ms returns 0
T086C 751:417.728 JLINK_IsHalted()
T086C 751:418.176 - 0.478ms returns FALSE
T086C 751:419.904 JLINK_GetHWStatus(...)
T086C 751:420.224 - 0.320ms returns 0
T086C 751:420.224 JLINK_IsHalted()
T086C 751:420.672 - 0.445ms returns FALSE
T086C 751:422.016 JLINK_GetHWStatus(...)
T086C 751:422.272 - 0.275ms returns 0
T086C 751:422.272 JLINK_IsHalted()
T086C 751:422.784 - 0.479ms returns FALSE
T086C 751:424.064 JLINK_GetHWStatus(...)
T086C 751:424.384 - 0.284ms returns 0
T086C 751:424.384 JLINK_IsHalted()
T086C 751:424.832 - 0.466ms returns FALSE
T086C 751:426.176 JLINK_GetHWStatus(...)
T086C 751:426.432 - 0.272ms returns 0
T086C 751:426.432 JLINK_IsHalted()
T086C 751:426.944 - 0.478ms returns FALSE
T086C 751:428.480 JLINK_GetHWStatus(...)
T086C 751:428.736 - 0.265ms returns 0
T086C 751:428.736 JLINK_IsHalted()
T086C 751:429.312 - 0.542ms returns FALSE
T086C 751:431.040 JLINK_GetHWStatus(...)
T086C 751:431.296 - 0.267ms returns 0
T086C 751:431.296 JLINK_IsHalted()
T086C 751:431.808 - 0.485ms returns FALSE
T086C 751:433.088 JLINK_GetHWStatus(...)
T086C 751:433.344 - 0.254ms returns 0
T086C 751:433.344 JLINK_IsHalted()
T086C 751:433.856 - 0.462ms returns FALSE
T086C 751:435.264 JLINK_GetHWStatus(...)
T086C 751:435.584 - 0.341ms returns 0
T086C 751:435.648 JLINK_IsHalted()
T086C 751:436.032 - 0.446ms returns FALSE
T086C 751:437.312 JLINK_GetHWStatus(...)
T086C 751:437.696 - 0.340ms returns 0
T086C 751:437.696 JLINK_IsHalted()
T086C 751:438.144 - 0.458ms returns FALSE
T086C 751:439.872 JLINK_GetHWStatus(...)
T086C 751:440.192 - 0.305ms returns 0
T086C 751:440.192 JLINK_IsHalted()
T086C 751:440.576 - 0.438ms returns FALSE
T086C 751:442.688 JLINK_GetHWStatus(...)
T086C 751:442.944 - 0.254ms returns 0
T086C 751:442.944 JLINK_IsHalted()
T086C 751:443.456 - 0.508ms returns FALSE
T086C 751:445.632 JLINK_GetHWStatus(...)
T086C 751:445.888 - 0.304ms returns 0
T086C 751:445.888 JLINK_IsHalted()
T086C 751:446.400 - 0.495ms returns FALSE
T086C 751:447.616 JLINK_GetHWStatus(...)
T086C 751:447.936 - 0.361ms returns 0
T086C 751:447.936 JLINK_IsHalted()
T086C 751:451.456   CPU_ReadMem(2 bytes @ 0x280400A4)
T086C 751:451.904 - 3.948ms returns TRUE
T086C 751:451.968 JLINK_ReadRegs(NumRegs = 1)
T086C 751:452.032     R15 (PC) (15) = 0x280400A4        
T086C 751:452.032 - 0.027ms returns 0x00
T086C 751:452.032 JLINK_ReadMemU16(0x280400A4, 0x1 Items)
T086C 751:452.032    -- Merging existing BP[0]: 0xE7FE @ 0x280400A4
T086C 751:452.032    -- Merging existing BP[0]: 0xE7FE @ 0x280400A4
T086C 751:452.032   Data:  FE E7
T086C 751:452.032 - 0.049ms returns 1 (0x1)
T086C 751:452.032 JLINK_ReadMemU32(0xE000EDFC, 0x1 Items)
T086C 751:452.096   Data:  00 00 00 01
T086C 751:452.096   Debug reg: DEMCR
T086C 751:452.096 - 0.037ms returns 1 (0x1)
T086C 751:452.096 JLINK_WriteU32(0xE000EDFC, 0x01000000)
T086C 751:452.160   Debug reg: DEMCR
T086C 751:452.160 - 0.028ms returns 0 (0x00000000)
T086C 751:452.160 JLINK_WriteVectorCatch(0x00000000)
T086C 751:452.224 - 0.012ms returns 0
T086C 751:452.224 JLINK_WriteU32(0xE0001028, 0x00000000)
T086C 751:452.224   Debug reg: DWT_FUNC[0]
T086C 751:452.224 - 0.025ms returns 0 (0x00000000)
T086C 751:452.288 JLINK_WriteU32(0xE0001038, 0x00000000)
T086C 751:452.288   Debug reg: DWT_FUNC[1]
T086C 751:452.288 - 0.024ms returns 0 (0x00000000)
T086C 751:452.416 JLINK_ReadMemU32(0x2807FE40, 0x5 Items)
T086C 751:452.416   CPU_ReadMem(64 bytes @ 0x2807FE40)
T086C 751:453.248    -- Updating C cache (64 bytes @ 0x2807FE40)
T086C 751:453.248    -- Read from C cache (20 bytes @ 0x2807FE40)
T086C 751:453.312   Data:  00 00 00 00 00 00 00 00 00 00 00 00 00 08 04 28 ...
T086C 751:453.312 - 0.859ms returns 5 (0x5)
T086C 751:453.376 JLINK_WriteMem(0x28040800, 0x2400 Bytes, ...)
T086C 751:453.376   Data:  00 00 02 28 E1 1F 00 10 F5 21 00 10 F1 20 00 10 ...
T086C 751:453.376   CPU_WriteMem(9216 bytes @ 0x28040800)
T086C 751:510.144 - 56.781ms returns 0x2400
T086C 751:510.528 JLINK_WriteMem(0x2807FE40, 0x14 Bytes, ...)
T086C 751:510.592   Data:  00 00 00 10 00 24 00 00 00 00 00 00 00 08 04 28 ...
T086C 751:510.656   CPU_WriteMem(20 bytes @ 0x2807FE40)
T086C 751:511.616 - 1.077ms returns 0x14
T086C 751:511.744 JLINK_WriteReg(R15 (PC), 0x28040790)
T086C 751:511.808 - 0.049ms returns 0
T086C 751:511.872 JLINK_ReadRegs(NumRegs = 1)
T086C 751:511.936     R0 (0)  = 0x00              
T086C 751:511.936 - 0.086ms returns 0x00
T086C 751:512.000 JLINK_ReadRegs(NumRegs = 1)
T086C 751:512.000     R1 (1)  = 0x01              
T086C 751:512.064 - 0.077ms returns 0x00
T086C 751:512.128 JLINK_ReadRegs(NumRegs = 1)
T086C 751:512.192     R2 (2)  = 0xA0000000        
T086C 751:512.192 - 0.077ms returns 0x00
T086C 751:512.192 JLINK_ReadRegs(NumRegs = 1)
T086C 751:512.256     R3 (3)  = 0xA0000000        
T086C 751:512.320 - 0.091ms returns 0x00
T086C 751:512.384 JLINK_ReadRegs(NumRegs = 1)
T086C 751:512.448     R4 (4)  = 0xF1000107        
T086C 751:512.448 - 0.107ms returns 0x00
T086C 751:512.512 JLINK_ReadRegs(NumRegs = 1)
T086C 751:512.576     R5 (5)  = 0xFFFF0000        
T086C 751:512.640 - 0.110ms returns 0x00
T086C 751:512.704 JLINK_ReadRegs(NumRegs = 1)
T086C 751:512.768     R6 (6)  = 0x02              
T086C 751:512.832 - 0.122ms returns 0x00
T086C 751:512.896 JLINK_ReadRegs(NumRegs = 1)
T086C 751:512.960     R7 (7)  = 0x17007C00        
T086C 751:512.960 - 0.117ms returns 0x00
T086C 751:513.088 JLINK_ReadRegs(NumRegs = 1)
T086C 751:513.152     R8 (8)  = 0xB5FBF82F        
T086C 751:513.216 - 0.127ms returns 0x00
T086C 751:513.280 JLINK_ReadRegs(NumRegs = 1)
T086C 751:513.344     R9 (9)  = 0x2DDFEF84        
T086C 751:513.408 - 0.128ms returns 0x00
T086C 751:513.472 JLINK_ReadRegs(NumRegs = 1)
T086C 751:513.536     R10 (10) = 0x4CFEF744        
T086C 751:513.600 - 0.123ms returns 0x00
T086C 751:513.664 JLINK_ReadRegs(NumRegs = 1)
T086C 751:513.728     R11 (11) = 0x6A75F2B0        
T086C 751:513.728 - 0.125ms returns 0x00
T086C 751:513.792 JLINK_ReadRegs(NumRegs = 1)
T086C 751:513.856     R12 (12) = 0x280BF334        
T086C 751:513.920 - 0.077ms returns 0x00
T086C 751:513.984 JLINK_ReadRegs(NumRegs = 1)
T086C 751:513.984     MSP (17) = 0x28080000        
T086C 751:513.984 - 0.078ms returns 0x00
T086C 751:514.048 JLINK_ReadRegs(NumRegs = 1)
T086C 751:514.112     PSP (18) = 0x4D6BD96C        
T086C 751:514.176 - 0.077ms returns 0x00
T086C 751:514.176 JLINK_ReadRegs(NumRegs = 1)
T086C 751:514.240     R14 (14) = 0x280407A1        
T086C 751:514.240 - 0.079ms returns 0x00
T086C 751:514.304 JLINK_ReadRegs(NumRegs = 1)
T086C 751:514.368     R15 (PC) (15) = 0x28040790        
T086C 751:514.368 - 0.079ms returns 0x00
T086C 751:514.432 JLINK_ReadRegs(NumRegs = 1)
T086C 751:514.496     XPSR (16) = 0x61000000        
T086C 751:514.496 - 0.077ms returns 0x00
T086C 751:514.496 JLINK_ReadRegs(NumRegs = 1)
T086C 751:514.560     CFBP (20) = 0x00              
T086C 751:514.624 - 0.078ms returns 0x00
T086C 751:514.688 JLINK_WriteReg(XPSR, 0x61000000)
T086C 751:514.752 - 0.040ms returns 0
T086C 751:515.264 JLINK_ReadRegs(NumRegs = 1)
T086C 751:515.328     R15 (PC) (15) = 0x28040790        
T086C 751:515.392 - 0.143ms returns 0x00
T086C 751:515.456 JLINK_ReadMemU16(0x28040790, 0x1 Items)
T086C 751:515.520   CPU_ReadMem(64 bytes @ 0x28040780)
T086C 751:516.800    -- Updating C cache (64 bytes @ 0x28040780)
T086C 751:516.864    -- Read from C cache (2 bytes @ 0x28040790)
T086C 751:516.928   Data:  FF F7
T086C 751:516.992 - 1.533ms returns 1 (0x1)
T086C 751:517.056 JLINK_WriteVectorCatch(0x00000000)
T086C 751:517.056 - 0.043ms returns 0
T086C 751:517.120 JLINK_ReadMemU32(0xE000EDFC, 0x1 Items)
T086C 751:517.184   Data:  00 00 00 01
T086C 751:517.184   Debug reg: DEMCR
T086C 751:517.184 - 0.048ms returns 1 (0x1)
T086C 751:517.184 JLINK_WriteU32(0xE000EDFC, 0x01000000)
T086C 751:517.184   Debug reg: DEMCR
T086C 751:517.248 - 0.027ms returns 0 (0x00000000)
T086C 751:517.248 JLINK_WriteU32(0xE0001028, 0x00000000)
T086C 751:517.248   Debug reg: DWT_FUNC[0]
T086C 751:517.312 - 0.025ms returns 0 (0x00000000)
T086C 751:517.312 JLINK_WriteU32(0xE0001038, 0x00000000)
T086C 751:517.312   Debug reg: DWT_FUNC[1]
T086C 751:517.312 - 0.025ms returns 0 (0x00000000)
T086C 751:517.312 JLINK_Go()
T086C 751:517.312   CPU_ReadMem(4 bytes @ 0xE0001000)
T086C 751:517.824   CPU_WriteMem(4 bytes @ 0xE0001028)
T086C 751:517.824   CPU_WriteMem(4 bytes @ 0xE0001038)
T086C 751:519.680 - 2.344ms 
T086C 751:521.408 JLINK_GetHWStatus(...)
T086C 751:521.792 - 0.358ms returns 0
T086C 751:521.792 JLINK_IsHalted()
T086C 751:522.368 - 0.536ms returns FALSE
T086C 751:523.520 JLINK_GetHWStatus(...)
T086C 751:523.840 - 0.324ms returns 0
T086C 751:523.904 JLINK_IsHalted()
T086C 751:524.288 - 0.445ms returns FALSE
T086C 751:525.888 JLINK_GetHWStatus(...)
T086C 751:526.272 - 0.329ms returns 0
T086C 751:526.272 JLINK_IsHalted()
T086C 751:526.720 - 0.444ms returns FALSE
T086C 751:528.320 JLINK_GetHWStatus(...)
T086C 751:528.640 - 0.310ms returns 0
T086C 751:528.640 JLINK_IsHalted()
T086C 751:532.032   CPU_ReadMem(2 bytes @ 0x280400A4)
T086C 751:532.416 - 3.789ms returns TRUE
T086C 751:532.480 JLINK_ReadRegs(NumRegs = 1)
T086C 751:532.480     R15 (PC) (15) = 0x280400A4        
T086C 751:532.544 - 0.028ms returns 0x00
T086C 751:532.544 JLINK_ReadMemU16(0x280400A4, 0x1 Items)
T086C 751:532.544    -- Merging existing BP[0]: 0xE7FE @ 0x280400A4
T086C 751:532.544    -- Merging existing BP[0]: 0xE7FE @ 0x280400A4
T086C 751:532.608   Data:  FE E7
T086C 751:532.608 - 0.049ms returns 1 (0x1)
T086C 751:532.608 JLINK_ReadMemU32(0xE000EDFC, 0x1 Items)
T086C 751:532.672   Data:  00 00 00 01
T086C 751:532.672   Debug reg: DEMCR
T086C 751:532.672 - 0.041ms returns 1 (0x1)
T086C 751:532.672 JLINK_WriteU32(0xE000EDFC, 0x01000000)
T086C 751:532.672   Debug reg: DEMCR
T086C 751:532.672 - 0.025ms returns 0 (0x00000000)
T086C 751:532.672 JLINK_WriteVectorCatch(0x00000000)
T086C 751:532.672 - 0.012ms returns 0
T086C 751:532.736 JLINK_WriteU32(0xE0001028, 0x00000000)
T086C 751:532.736   Debug reg: DWT_FUNC[0]
T086C 751:532.736 - 0.025ms returns 0 (0x00000000)
T086C 751:532.736 JLINK_WriteU32(0xE0001038, 0x00000000)
T086C 751:532.800   Debug reg: DWT_FUNC[1]
T086C 751:532.800 - 0.024ms returns 0 (0x00000000)
T086C 751:532.928 JLINK_ReadMemU32(0x2807FE40, 0x5 Items)
T086C 751:532.992   CPU_ReadMem(64 bytes @ 0x2807FE40)
T086C 751:533.952    -- Updating C cache (64 bytes @ 0x2807FE40)
T086C 751:533.952    -- Read from C cache (20 bytes @ 0x2807FE40)
T086C 751:533.952   Data:  00 00 00 10 00 00 00 00 00 00 00 00 00 08 04 28 ...
T086C 751:533.952 - 1.008ms returns 5 (0x5)
T086C 751:534.080 JLINK_WriteReg(R15 (PC), 0x280407A0)
T086C 751:534.080 - 0.014ms returns 0
T086C 751:534.080 JLINK_ReadRegs(NumRegs = 1)
T086C 751:534.080     R0 (0)  = 0x00              
T086C 751:534.144 - 0.024ms returns 0x00
T086C 751:534.144 JLINK_ReadRegs(NumRegs = 1)
T086C 751:534.144     R1 (1)  = 0xA0000000        
T086C 751:534.144 - 0.023ms returns 0x00
T086C 751:534.208 JLINK_ReadRegs(NumRegs = 1)
T086C 751:534.208     R2 (2)  = 0xA0000000        
T086C 751:534.208 - 0.023ms returns 0x00
T086C 751:534.208 JLINK_ReadRegs(NumRegs = 1)
T086C 751:534.208     R3 (3)  = 0xA0000000        
T086C 751:534.208 - 0.023ms returns 0x00
T086C 751:534.208 JLINK_ReadRegs(NumRegs = 1)
T086C 751:534.208     R4 (4)  = 0xF1000107        
T086C 751:534.208 - 0.023ms returns 0x00
T086C 751:534.272 JLINK_ReadRegs(NumRegs = 1)
T086C 751:534.272     R5 (5)  = 0xFFFF0000        
T086C 751:534.272 - 0.023ms returns 0x00
T086C 751:534.272 JLINK_ReadRegs(NumRegs = 1)
T086C 751:534.336     R6 (6)  = 0x02              
T086C 751:534.336 - 0.023ms returns 0x00
T086C 751:534.336 JLINK_ReadRegs(NumRegs = 1)
T086C 751:534.336     R7 (7)  = 0x17007C00        
T086C 751:534.336 - 0.023ms returns 0x00
T086C 751:534.400 JLINK_ReadRegs(NumRegs = 1)
T086C 751:534.400     R8 (8)  = 0xB5FBF82F        
T086C 751:534.400 - 0.023ms returns 0x00
T086C 751:534.400 JLINK_ReadRegs(NumRegs = 1)
T086C 751:534.464     R9 (9)  = 0x2DDFEF84        
T086C 751:534.464 - 0.023ms returns 0x00
T086C 751:534.464 JLINK_ReadRegs(NumRegs = 1)
T086C 751:534.464     R10 (10) = 0x4CFEF744        
T086C 751:534.464 - 0.023ms returns 0x00
T086C 751:534.464 JLINK_ReadRegs(NumRegs = 1)
T086C 751:534.464     R11 (11) = 0x6A75F2B0        
T086C 751:534.464 - 0.023ms returns 0x00
T086C 751:534.464 JLINK_ReadRegs(NumRegs = 1)
T086C 751:534.528     R12 (12) = 0x280BF334        
T086C 751:534.528 - 0.023ms returns 0x00
T086C 751:534.528 JLINK_ReadRegs(NumRegs = 1)
T086C 751:534.528     MSP (17) = 0x28080000        
T086C 751:534.592 - 0.023ms returns 0x00
T086C 751:534.592 JLINK_ReadRegs(NumRegs = 1)
T086C 751:534.592     PSP (18) = 0x4D6BD96C        
T086C 751:534.592 - 0.023ms returns 0x00
T086C 751:534.656 JLINK_ReadRegs(NumRegs = 1)
T086C 751:534.656     R14 (14) = 0x28040799        
T086C 751:534.656 - 0.023ms returns 0x00
T086C 751:534.656 JLINK_ReadRegs(NumRegs = 1)
T086C 751:534.656     R15 (PC) (15) = 0x280407A0        
T086C 751:534.720 - 0.023ms returns 0x00
T086C 751:534.720 JLINK_ReadRegs(NumRegs = 1)
T086C 751:534.720     XPSR (16) = 0x61000000        
T086C 751:534.720 - 0.023ms returns 0x00
T086C 751:534.720 JLINK_ReadRegs(NumRegs = 1)
T086C 751:534.720     CFBP (20) = 0x00              
T086C 751:534.720 - 0.023ms returns 0x00
T086C 751:534.720 JLINK_WriteReg(XPSR, 0x61000000)
T086C 751:534.784 - 0.012ms returns 0
T086C 751:534.976 JLINK_ReadRegs(NumRegs = 1)
T086C 751:534.976     R15 (PC) (15) = 0x280407A0        
T086C 751:534.976 - 0.031ms returns 0x00
T086C 751:534.976 JLINK_ReadMemU16(0x280407A0, 0x1 Items)
T086C 751:534.976   CPU_ReadMem(64 bytes @ 0x28040780)
T086C 751:535.808    -- Updating C cache (64 bytes @ 0x28040780)
T086C 751:535.872    -- Read from C cache (2 bytes @ 0x280407A0)
T086C 751:535.872   Data:  FF F7
T086C 751:535.872 - 0.898ms returns 1 (0x1)
T086C 751:535.936 JLINK_WriteVectorCatch(0x00000000)
T086C 751:535.936 - 0.014ms returns 0
T086C 751:535.936 JLINK_ReadMemU32(0xE000EDFC, 0x1 Items)
T086C 751:535.936   Data:  00 00 00 01
T086C 751:536.000   Debug reg: DEMCR
T086C 751:536.000 - 0.037ms returns 1 (0x1)
T086C 751:536.000 JLINK_WriteU32(0xE000EDFC, 0x01000000)
T086C 751:536.000   Debug reg: DEMCR
T086C 751:536.000 - 0.025ms returns 0 (0x00000000)
T086C 751:536.000 JLINK_WriteU32(0xE0001028, 0x00000000)
T086C 751:536.000   Debug reg: DWT_FUNC[0]
T086C 751:536.000 - 0.024ms returns 0 (0x00000000)
T086C 751:536.064 JLINK_WriteU32(0xE0001038, 0x00000000)
T086C 751:536.064   Debug reg: DWT_FUNC[1]
T086C 751:536.064 - 0.024ms returns 0 (0x00000000)
T086C 751:536.064 JLINK_Go()
T086C 751:536.128   CPU_ReadMem(4 bytes @ 0xE0001000)
T086C 751:536.576   CPU_WriteMem(4 bytes @ 0xE0001028)
T086C 751:536.576   CPU_WriteMem(4 bytes @ 0xE0001038)
T086C 751:538.368 - 2.281ms 
T086C 751:540.480 JLINK_GetHWStatus(...)
T086C 751:540.736 - 0.253ms returns 0
T086C 751:540.736 JLINK_IsHalted()
T086C 751:544.192   CPU_ReadMem(2 bytes @ 0x280400A4)
T086C 751:544.704 - 3.992ms returns TRUE
T086C 751:544.768 JLINK_ReadRegs(NumRegs = 1)
T086C 751:544.768     R15 (PC) (15) = 0x280400A4        
T086C 751:544.768 - 0.027ms returns 0x00
T086C 751:544.832 JLINK_ReadMemU16(0x280400A4, 0x1 Items)
T086C 751:544.832    -- Merging existing BP[0]: 0xE7FE @ 0x280400A4
T086C 751:544.832    -- Merging existing BP[0]: 0xE7FE @ 0x280400A4
T086C 751:544.896   Data:  FE E7
T086C 751:544.896 - 0.050ms returns 1 (0x1)
T086C 751:544.896 JLINK_ReadMemU32(0xE000EDFC, 0x1 Items)
T086C 751:544.896   Data:  00 00 00 01
T086C 751:544.960   Debug reg: DEMCR
T086C 751:544.960 - 0.039ms returns 1 (0x1)
T086C 751:544.960 JLINK_WriteU32(0xE000EDFC, 0x01000000)
T086C 751:544.960   Debug reg: DEMCR
T086C 751:544.960 - 0.025ms returns 0 (0x00000000)
T086C 751:544.960 JLINK_WriteVectorCatch(0x00000000)
T086C 751:544.960 - 0.012ms returns 0
T086C 751:545.024 JLINK_WriteU32(0xE0001028, 0x00000000)
T086C 751:545.024   Debug reg: DWT_FUNC[0]
T086C 751:545.024 - 0.024ms returns 0 (0x00000000)
T086C 751:545.024 JLINK_WriteU32(0xE0001038, 0x00000000)
T086C 751:545.088   Debug reg: DWT_FUNC[1]
T086C 751:545.088 - 0.024ms returns 0 (0x00000000)
T086C 751:545.280 JLINK_ReadMemU32(0x2807FE40, 0x5 Items)
T086C 751:545.344   CPU_ReadMem(64 bytes @ 0x2807FE40)
T086C 751:546.176    -- Updating C cache (64 bytes @ 0x2807FE40)
T086C 751:546.240    -- Read from C cache (20 bytes @ 0x2807FE40)
T086C 751:546.240   Data:  00 00 00 10 00 00 00 00 00 00 00 00 00 08 04 28 ...
T086C 751:546.240 - 0.920ms returns 5 (0x5)
T086C 751:546.304 JLINK_ReadRegs(NumRegs = 1)
T086C 751:546.304     R14 (14) = 0x280407A9        
T086C 751:546.304 - 0.027ms returns 0x00
T086C 751:546.304 JLINK_ReadRegs(NumRegs = 1)
T086C 751:546.368     R0 (0)  = 0x17007C00        
T086C 751:546.368 - 0.024ms returns 0x00
T086C 751:546.368 JLINK_ReadRegs(NumRegs = 1)
T086C 751:546.368     R1 (1)  = 0x2807FE40        
T086C 751:546.432 - 0.023ms returns 0x00
T086C 751:546.432 JLINK_ReadRegs(NumRegs = 1)
T086C 751:546.432     R2 (2)  = 0xA0000000        
T086C 751:546.432 - 0.023ms returns 0x00
T086C 751:546.432 JLINK_ReadRegs(NumRegs = 1)
T086C 751:546.496     R3 (3)  = 0xA0000000        
T086C 751:546.496 - 0.028ms returns 0x00
T086C 751:546.496 JLINK_ReadRegs(NumRegs = 1)
T086C 751:546.496     R4 (4)  = 0xF1000107        
T086C 751:546.496 - 0.023ms returns 0x00
T086C 751:546.496 JLINK_ReadRegs(NumRegs = 1)
T086C 751:546.496     R5 (5)  = 0xFFFF0000        
T086C 751:546.496 - 0.023ms returns 0x00
T086C 751:546.560 JLINK_ReadRegs(NumRegs = 1)
T086C 751:546.560     R6 (6)  = 0x02              
T086C 751:546.560 - 0.029ms returns 0x00
T086C 751:546.560 JLINK_ReadRegs(NumRegs = 1)
T086C 751:546.624     R7 (7)  = 0x17007C00        
T086C 751:546.624 - 0.023ms returns 0x00
T086C 751:546.624 JLINK_ReadRegs(NumRegs = 1)
T086C 751:546.624     R8 (8)  = 0xB5FBF82F        
T086C 751:546.688 - 0.023ms returns 0x00
T086C 751:546.688 JLINK_ReadRegs(NumRegs = 1)
T086C 751:546.688     R9 (9)  = 0x2DDFEF84        
T086C 751:546.688 - 0.023ms returns 0x00
T086C 751:546.752 JLINK_ReadRegs(NumRegs = 1)
T086C 751:546.752     R10 (10) = 0x4CFEF744        
T086C 751:546.752 - 0.023ms returns 0x00
T086C 751:546.752 JLINK_ReadRegs(NumRegs = 1)
T086C 751:546.752     R11 (11) = 0x6A75F2B0        
T086C 751:546.752 - 0.023ms returns 0x00
T086C 751:546.752 JLINK_ReadRegs(NumRegs = 1)
T086C 751:546.752     R12 (12) = 0x280BF334        
T086C 751:546.752 - 0.023ms returns 0x00
T086C 751:546.816 JLINK_ReadRegs(NumRegs = 1)
T086C 751:546.816     MSP (17) = 0x28080000        
T086C 751:546.816 - 0.023ms returns 0x00
T086C 751:546.816 JLINK_ReadRegs(NumRegs = 1)
T086C 751:546.880     PSP (18) = 0x4D6BD96C        
T086C 751:546.880 - 0.023ms returns 0x00
T086C 751:546.880 JLINK_ReadRegs(NumRegs = 1)
T086C 751:546.880     R14 (14) = 0x280407A9        
T086C 751:546.944 - 0.023ms returns 0x00
T086C 751:546.944 JLINK_ReadRegs(NumRegs = 1)
T086C 751:546.944     R15 (PC) (15) = 0x280400A4        
T086C 751:546.944 - 0.023ms returns 0x00
T086C 751:546.944 JLINK_ReadRegs(NumRegs = 1)
T086C 751:547.008     XPSR (16) = 0x61000000        
T086C 751:547.008 - 0.023ms returns 0x00
T086C 751:547.008 JLINK_ReadRegs(NumRegs = 1)
T086C 751:547.008     CFBP (20) = 0x00              
T086C 751:547.008 - 0.023ms returns 0x00
T3D5C 751:592.512 JLINK_ClrBPEx(BPHandle = 0x00000001)
T3D5C 751:592.640 - 0.139ms returns 0x00
T3D5C 751:592.640 JLINK_WriteVectorCatch(0x00000000)
T3D5C 751:592.704 - 0.051ms returns 0
T3D5C 751:622.272 JLINK_SetResetType(JLINKARM_CM3_RESET_TYPE_NORMAL)
T3D5C 751:622.336 - 0.052ms returns JLINKARM_CM3_RESET_TYPE_NORMAL
T3D5C 751:622.336 JLINK_ExecCommand("SetResetPulseLen = 200", ...). 
T3D5C 751:622.336 - 0.001ms returns 0xC8
T3D5C 751:622.400 JLINK_SetResetDelay(0)
T3D5C 751:622.400 - 0.011ms 
T3D5C 751:622.400 JLINK_ResetPullsRESET(ON)
T3D5C 751:622.400 - 0.012ms 
T3D5C 751:622.464 JLINK_Reset()
T3D5C 751:622.464   CPU_ReadMem(4 bytes @ 0x2807FE40)
T3D5C 751:622.912   CPU_WriteMem(4 bytes @ 0x2807FE40)
T3D5C 751:623.424   CPU_WriteMem(4 bytes @ 0xE0001028)
T3D5C 751:623.424   CPU_WriteMem(4 bytes @ 0xE0001038)
T3D5C 751:624.064   Memory map 'before startup completion point' is active
T3D5C 751:624.064   JLINK_GetResetTypeDesc
T3D5C 751:624.064   - 0.013ms 
T3D5C 751:624.064   Reset type: NORMAL (https://wiki.segger.com/J-Link_Reset_Strategies)
T3D5C 751:624.064   CPU_WriteMem(4 bytes @ 0xE000EDF0)
T3D5C 751:624.576   CPU_WriteMem(4 bytes @ 0xE000EDFC)
T3D5C 751:625.088   Reset: Halt core after reset via DEMCR.VC_CORERESET.
T3D5C 751:625.792   Reset: Reset device via AIRCR.SYSRESETREQ.
T3D5C 751:625.856   CPU_WriteMem(4 bytes @ 0xE000ED0C)
T3D5C 751:780.224   CPU_ReadMem(4 bytes @ 0xE000EDF0)
T3D5C 751:781.184   CPU_ReadMem(4 bytes @ 0xE000EDF0)
T3D5C 751:781.824   CPU_WriteMem(4 bytes @ 0xE000EDFC)
T3D5C 751:787.904   CPU_ReadMem(4 bytes @ 0xE000EDF0)
T3D5C 751:792.000   CPU_WriteMem(4 bytes @ 0xE0002000)
T3D5C 751:792.512   CPU_ReadMem(4 bytes @ 0xE000EDFC)
T3D5C 751:792.960   CPU_ReadMem(4 bytes @ 0xE0001000)
T3D5C 751:793.408   CPU_WriteMem(4 bytes @ 0xE0001000)
T3D5C 751:793.856 - 171.437ms 
T3D5C 751:793.984 JLINK_GetHWStatus(...)
T3D5C 751:794.304 - 0.357ms returns 0
T3D5C 751:794.304 JLINK_IsHalted()
T3D5C 751:794.368 - 0.049ms returns TRUE
T3D5C 751:794.432 JLINK_ReadMemU32(0xE000EDFC, 0x1 Items)
T3D5C 751:794.432   CPU_ReadMem(4 bytes @ 0xE000EDFC)
T3D5C 751:794.880   Data:  00 00 00 01
T3D5C 751:794.944   Debug reg: DEMCR
T3D5C 751:794.944 - 0.521ms returns 1 (0x1)
T3D5C 751:794.944 JLINK_WriteU32(0xE000EDFC, 0x01000000)
T3D5C 751:795.008   Debug reg: DEMCR
T3D5C 751:795.008 - 0.036ms returns 0 (0x00000000)
T3D5C 751:795.008 JLINK_ReadMemU32(0xE0001004, 0x1 Items)
T3D5C 751:795.008   CPU_ReadMem(4 bytes @ 0xE0001004)
T3D5C 751:795.392   Data:  00 00 00 00
T3D5C 751:795.392   Debug reg: DWT_CYCCNT
T3D5C 751:795.392 - 0.407ms returns 1 (0x1)
T3D5C 751:814.912 JLINK_ReadMemU32(0x40240000, 0x1 Items)
T3D5C 751:814.976   CPU_ReadMem(4 bytes @ 0x40240000)
T3D5C 751:815.360   Data:  00 00 01 01
T3D5C 751:815.360 - 0.470ms returns 1 (0x1)
T3D5C 751:827.968 JLINK_BeginDownload(Flags = 0x00000003)
T3D5C 751:827.968 - 0.042ms 
T3D5C 752:185.024 JLINK_EndDownload()
T3D5C 752:185.088 - 0.055ms returns 0 (0x0)
T3D5C 752:185.152 JLINK_ReadMemU32(0x10000000, 0x800 Items)
T3D5C 752:185.152   CPU_ReadMem(8192 bytes @ 0x10000000)
T3D5C 752:236.928    -- Updating C cache (8192 bytes @ 0x10000000)
T3D5C 752:237.056    -- Read from C cache (8192 bytes @ 0x10000000)
T3D5C 752:237.184   Data:  00 00 02 28 E1 1F 00 10 F5 21 00 10 F1 20 00 10 ...
T3D5C 752:237.184 - 52.091ms returns 2048 (0x800)
T3D5C 752:237.312 JLINK_ReadMemU32(0x10002000, 0xD2 Items)
T3D5C 752:237.376   CPU_ReadMem(896 bytes @ 0x10002000)
T3D5C 752:243.776    -- Updating C cache (896 bytes @ 0x10002000)
T3D5C 752:243.840    -- Read from C cache (840 bytes @ 0x10002000)
T3D5C 752:243.904   Data:  0C 49 0A 68 02 43 0A 60 00 20 00 21 0D 4A 03 C2 ...
T3D5C 752:243.968 - 6.667ms returns 210 (0xD2)
T3D5C 752:256.384 JLINK_CORESIGHT_WriteAPDPReg(DP reg 0x02, 0x01000000)
T3D5C 752:256.896 - 0.431ms returns 0
T3D5C 752:256.896 JLINK_CORESIGHT_ReadAPDPReg(AP reg 0x00)
T3D5C 752:257.152   Value=0x03800052
T3D5C 752:257.152 - 0.283ms returns 0
T3D5C 752:257.152 JLINK_CORESIGHT_WriteAPDPReg(AP reg 0x00, 0x03800042)
T3D5C 752:257.408 - 0.243ms returns 0
T3D5C 752:257.472 JLINK_CORESIGHT_WriteAPDPReg(AP reg 0x01, 0x17000000)
T3D5C 752:257.728 - 0.293ms returns 0
T3D5C 752:257.792 JLINK_CORESIGHT_ReadAPDPReg(AP reg 0x03)
T3D5C 752:258.176   Value=0xE91A12FF
T3D5C 752:258.240 - 0.469ms returns 0
T3D5C 752:258.368 JLINK_CORESIGHT_WriteAPDPReg(DP reg 0x02, 0x01000000)
T3D5C 752:258.688 - 0.385ms returns 0
T3D5C 752:258.688 JLINK_CORESIGHT_ReadAPDPReg(AP reg 0x00)
T3D5C 752:259.072   Value=0x03800042
T3D5C 752:259.072 - 0.335ms returns 0
T3D5C 752:259.072 JLINK_CORESIGHT_WriteAPDPReg(AP reg 0x01, 0xF0000FEC)
T3D5C 752:259.328 - 0.234ms returns 0
T3D5C 752:259.328 JLINK_CORESIGHT_ReadAPDPReg(AP reg 0x03)
T3D5C 752:259.712   Value=0x00000020
T3D5C 752:259.712 - 0.384ms returns 0
T3D5C 752:259.712 JLINK_CORESIGHT_WriteAPDPReg(DP reg 0x02, 0x01000000)
T3D5C 752:260.096 - 0.346ms returns 0
T3D5C 752:260.096 JLINK_CORESIGHT_ReadAPDPReg(AP reg 0x00)
T3D5C 752:260.480   Value=0x03800042
T3D5C 752:260.480 - 0.345ms returns 0
T3D5C 752:260.480 JLINK_CORESIGHT_WriteAPDPReg(AP reg 0x01, 0x17002004)
T3D5C 752:260.736 - 0.227ms returns 0
T3D5C 752:260.736 JLINK_CORESIGHT_ReadAPDPReg(AP reg 0x03)
T3D5C 752:261.120   Value=0x23018001
T3D5C 752:261.120 - 0.399ms returns 0
T3D5C 752:261.120 JLINK_CORESIGHT_WriteAPDPReg(DP reg 0x02, 0x01000000)
T3D5C 752:261.504 - 0.368ms returns 0
T3D5C 752:261.504 JLINK_CORESIGHT_ReadAPDPReg(AP reg 0x00)
T3D5C 752:261.824   Value=0x03800042
T3D5C 752:261.824 - 0.317ms returns 0
T3D5C 752:261.824 JLINK_CORESIGHT_WriteAPDPReg(AP reg 0x01, 0x17007DF8)
T3D5C 752:262.144 - 0.274ms returns 0
T3D5C 752:262.144 JLINK_CORESIGHT_ReadAPDPReg(AP reg 0x03)
T3D5C 752:262.464   Value=0x00000243
T3D5C 752:262.464 - 0.325ms returns 0
T3D5C 752:262.528 JLINK_CORESIGHT_WriteAPDPReg(DP reg 0x02, 0x01000000)
T3D5C 752:262.784 - 0.263ms returns 0
T3D5C 752:262.784 JLINK_CORESIGHT_ReadAPDPReg(AP reg 0x00)
T3D5C 752:263.104   Value=0x03800042
T3D5C 752:263.104 - 0.349ms returns 0
T3D5C 752:263.104 JLINK_CORESIGHT_WriteAPDPReg(AP reg 0x01, 0x402020C4)
T3D5C 752:263.360 - 0.244ms returns 0
T3D5C 752:263.360 JLINK_CORESIGHT_ReadAPDPReg(AP reg 0x03)
T3D5C 752:263.744   Value=0x00000002
T3D5C 752:263.744 - 0.351ms returns 0
T3D5C 752:263.808 JLINK_CORESIGHT_WriteAPDPReg(DP reg 0x02, 0x01000000)
T3D5C 752:264.128 - 0.352ms returns 0
T3D5C 752:264.128 JLINK_CORESIGHT_ReadAPDPReg(AP reg 0x00)
T3D5C 752:264.512   Value=0x03800042
T3D5C 752:264.576 - 0.370ms returns 0
T3D5C 752:264.576 JLINK_CORESIGHT_WriteAPDPReg(AP reg 0x01, 0x17002018)
T3D5C 752:264.832 - 0.244ms returns 0
T3D5C 752:264.832 JLINK_CORESIGHT_ReadAPDPReg(AP reg 0x03)
T3D5C 752:265.088   Value=0x0000022A
T3D5C 752:265.152 - 0.353ms returns 0
T3D5C 752:265.216 JLINK_CORESIGHT_WriteAPDPReg(DP reg 0x02, 0x01000000)
T3D5C 752:265.536 - 0.323ms returns 0
T3D5C 752:265.600 JLINK_CORESIGHT_ReadAPDPReg(AP reg 0x00)
T3D5C 752:265.856   Value=0x03800042
T3D5C 752:265.856 - 0.345ms returns 0
T3D5C 752:265.920 JLINK_CORESIGHT_WriteAPDPReg(AP reg 0x01, 0xF0000FE0)
T3D5C 752:266.240 - 0.318ms returns 0
T3D5C 752:266.240 JLINK_CORESIGHT_ReadAPDPReg(AP reg 0x03)
T3D5C 752:266.560   Value=0x00000007
T3D5C 752:266.560 - 0.299ms returns 0
T3D5C 752:266.560 JLINK_CORESIGHT_WriteAPDPReg(DP reg 0x02, 0x01000000)
T3D5C 752:266.816 - 0.241ms returns 0
T3D5C 752:266.816 JLINK_CORESIGHT_ReadAPDPReg(AP reg 0x00)
T3D5C 752:267.200   Value=0x03800042
T3D5C 752:267.200 - 0.393ms returns 0
T3D5C 752:267.200 JLINK_CORESIGHT_WriteAPDPReg(AP reg 0x01, 0xF0000FE4)
T3D5C 752:267.392 - 0.206ms returns 0
T3D5C 752:267.456 JLINK_CORESIGHT_ReadAPDPReg(AP reg 0x03)
T3D5C 752:267.840   Value=0x00000041
T3D5C 752:267.840 - 0.394ms returns 0
T3D5C 752:267.904 JLINK_CORESIGHT_WriteAPDPReg(DP reg 0x02, 0x01000000)
T3D5C 752:268.224 - 0.284ms returns 0
T3D5C 752:268.224 JLINK_CORESIGHT_ReadAPDPReg(AP reg 0x00)
T3D5C 752:268.544   Value=0x03800042
T3D5C 752:268.608 - 0.339ms returns 0
T3D5C 752:268.608 JLINK_CORESIGHT_WriteAPDPReg(AP reg 0x01, 0xF0000FE8)
T3D5C 752:268.864 - 0.253ms returns 0
T3D5C 752:268.864 JLINK_CORESIGHT_ReadAPDPReg(AP reg 0x03)
T3D5C 752:269.184   Value=0x0000001B
T3D5C 752:269.184 - 0.369ms returns 0
T3D5C 752:269.440 JLINK_SetResetType(JLINKARM_CM3_RESET_TYPE_NORMAL)
T3D5C 752:269.440 - 0.018ms returns JLINKARM_CM3_RESET_TYPE_NORMAL
T3D5C 752:269.440 JLINK_ExecCommand("SetResetPulseLen = 200", ...). 
T3D5C 752:269.440 - 0.001ms returns 0xC8
T3D5C 752:269.440 JLINK_SetResetDelay(0)
T3D5C 752:269.440 - 0.011ms 
T3D5C 752:269.440 JLINK_ResetPullsRESET(ON)
T3D5C 752:269.440 - 0.011ms 
T3D5C 752:269.504 JLINK_Reset()
T3D5C 752:269.504   JLINK_GetResetTypeDesc
T3D5C 752:269.504   - 0.012ms 
T3D5C 752:269.568   Reset type: NORMAL (https://wiki.segger.com/J-Link_Reset_Strategies)
T3D5C 752:269.568   CPU_WriteMem(4 bytes @ 0xE000EDF0)
T3D5C 752:270.144   CPU_WriteMem(4 bytes @ 0xE000EDFC)
T3D5C 752:270.720   Reset: Halt core after reset via DEMCR.VC_CORERESET.
T3D5C 752:271.296   Reset: Reset device via AIRCR.SYSRESETREQ.
T3D5C 752:271.360   CPU_WriteMem(4 bytes @ 0xE000ED0C)
T3D5C 752:326.400   CPU_ReadMem(4 bytes @ 0xE000EDF0)
T3D5C 752:327.296   CPU_ReadMem(4 bytes @ 0xE000EDF0)
T3D5C 752:328.320   CPU_WriteMem(4 bytes @ 0xE000EDFC)
T3D5C 752:334.976   CPU_ReadMem(4 bytes @ 0xE000EDF0)
T3D5C 752:338.880   CPU_WriteMem(4 bytes @ 0xE0002000)
T3D5C 752:339.392   CPU_ReadMem(4 bytes @ 0xE000EDFC)
T3D5C 752:339.840   CPU_ReadMem(4 bytes @ 0xE0001000)
T3D5C 752:340.352   CPU_WriteMem(4 bytes @ 0xE0001000)
T3D5C 752:340.800 - 71.308ms 
T3D5C 752:340.864 JLINK_GetHWStatus(...)
T3D5C 752:341.248 - 0.357ms returns 0
T3D5C 752:341.312 JLINK_IsHalted()
T3D5C 752:341.312 - 0.013ms returns TRUE
T3D5C 752:341.312 JLINK_ReadMemU32(0xE000EDFC, 0x1 Items)
T3D5C 752:341.312   CPU_ReadMem(4 bytes @ 0xE000EDFC)
T3D5C 752:341.696   Data:  00 00 00 01
T3D5C 752:341.696   Debug reg: DEMCR
T3D5C 752:341.696 - 0.412ms returns 1 (0x1)
T3D5C 752:341.696 JLINK_BeginDownload(Flags = 0x00000001)
T3D5C 752:341.760 - 0.012ms 
T3D5C 752:341.760 JLINK_WriteU32(0xE000EDFC, 0x01000000)
T3D5C 752:341.760   Debug reg: DEMCR
T3D5C 752:341.760 - 0.028ms returns 0 (0x00000000)
T3D5C 752:341.824 JLINK_EndDownload()
T3D5C 752:341.824 - 0.011ms returns 0 (0x0)
T3D5C 752:341.824 JLINK_ReadMemU32(0xE0001004, 0x1 Items)
T3D5C 752:341.888   CPU_ReadMem(4 bytes @ 0xE0001004)
T3D5C 752:342.336   Data:  00 00 00 00
T3D5C 752:342.400   Debug reg: DWT_CYCCNT
T3D5C 752:342.400 - 0.542ms returns 1 (0x1)
T3D5C 752:342.400 JLINK_ReadMemU32(0x10000000, 0x1 Items)
T3D5C 752:342.400   CPU_ReadMem(64 bytes @ 0x10000000)
T3D5C 752:343.168    -- Updating C cache (64 bytes @ 0x10000000)
T3D5C 752:343.168    -- Read from C cache (4 bytes @ 0x10000000)
T3D5C 752:343.168   Data:  00 00 02 28
T3D5C 752:343.232 - 0.843ms returns 1 (0x1)
T3D5C 752:343.232 JLINK_ReadMemU32(0x10000004, 0x1 Items)
T3D5C 752:343.232    -- Read from C cache (4 bytes @ 0x10000004)
T3D5C 752:343.232   Data:  E1 1F 00 10
T3D5C 752:343.296 - 0.036ms returns 1 (0x1)
T3D5C 752:343.296 JLINK_ReadRegs(NumRegs = 1)
T3D5C 752:343.296     MSP (17) = 0x280BF800        
T3D5C 752:343.296 - 0.025ms returns 0x00
T3D5C 752:343.360 JLINK_ReadRegs(NumRegs = 1)
T3D5C 752:343.360     PSP (18) = 0x4D6BD96C        
T3D5C 752:343.360 - 0.023ms returns 0x00
T3D5C 752:343.360 JLINK_ReadRegs(NumRegs = 1)
T3D5C 752:343.424     CFBP (20) = 0x00              
T3D5C 752:343.424 - 0.023ms returns 0x00
T3D5C 752:343.424 JLINK_WriteReg(MSP, 0x28020000)
T3D5C 752:343.424 - 0.012ms returns 0
T3D5C 752:343.424 JLINK_ReadRegs(NumRegs = 1)
T3D5C 752:343.424     R15 (PC) (15) = 0x114             
T3D5C 752:343.424 - 0.024ms returns 0x00
T3D5C 752:343.424 JLINK_WriteReg(R15 (PC), 0x10001FE0)
T3D5C 752:343.488 - 0.012ms returns 0
T3D5C 752:343.488 JLINK_ReadRegs(NumRegs = 1)
T3D5C 752:343.488     R0 (0)  = 0x5FA0000         
T3D5C 752:343.488 - 0.024ms returns 0x00
T3D5C 752:343.552 JLINK_ReadRegs(NumRegs = 1)
T3D5C 752:343.552     R1 (1)  = 0x40201000        
T3D5C 752:343.552 - 0.023ms returns 0x00
T3D5C 752:343.552 JLINK_ReadRegs(NumRegs = 1)
T3D5C 752:343.616     R2 (2)  = 0x4E20            
T3D5C 752:343.616 - 0.023ms returns 0x00
T3D5C 752:343.616 JLINK_ReadRegs(NumRegs = 1)
T3D5C 752:343.616     R3 (3)  = 0x20002           
T3D5C 752:343.616 - 0.024ms returns 0x00
T3D5C 752:343.680 JLINK_ReadRegs(NumRegs = 1)
T3D5C 752:343.680     R4 (4)  = 0x01              
T3D5C 752:343.680 - 0.023ms returns 0x00
T3D5C 752:343.680 JLINK_ReadRegs(NumRegs = 1)
T3D5C 752:343.680     R5 (5)  = 0x17007C00        
T3D5C 752:343.680 - 0.023ms returns 0x00
T3D5C 752:343.680 JLINK_ReadRegs(NumRegs = 1)
T3D5C 752:343.680     R6 (6)  = 0x10000000        
T3D5C 752:343.744 - 0.023ms returns 0x00
T3D5C 752:343.744 JLINK_ReadRegs(NumRegs = 1)
T3D5C 752:343.744     R7 (7)  = 0x17007C00        
T3D5C 752:343.744 - 0.023ms returns 0x00
T3D5C 752:343.744 JLINK_ReadRegs(NumRegs = 1)
T3D5C 752:343.808     R8 (8)  = 0xB5FBF82F        
T3D5C 752:343.808 - 0.023ms returns 0x00
T3D5C 752:343.808 JLINK_ReadRegs(NumRegs = 1)
T3D5C 752:343.808     R9 (9)  = 0x2DDFEF84        
T3D5C 752:343.872 - 0.023ms returns 0x00
T3D5C 752:343.872 JLINK_ReadRegs(NumRegs = 1)
T3D5C 752:343.872     R10 (10) = 0x4CFEF744        
T3D5C 752:343.872 - 0.023ms returns 0x00
T3D5C 752:343.936 JLINK_ReadRegs(NumRegs = 1)
T3D5C 752:343.936     R11 (11) = 0x6A75F2B0        
T3D5C 752:343.936 - 0.023ms returns 0x00
T3D5C 752:343.936 JLINK_ReadRegs(NumRegs = 1)
T3D5C 752:343.936     R12 (12) = 0x280BF334        
T3D5C 752:343.936 - 0.022ms returns 0x00
T3D5C 752:343.936 JLINK_ReadRegs(NumRegs = 1)
T3D5C 752:343.936     MSP (17) = 0x28020000        
T3D5C 752:343.936 - 0.023ms returns 0x00
T3D5C 752:344.000 JLINK_ReadRegs(NumRegs = 1)
T3D5C 752:344.000     PSP (18) = 0x4D6BD96C        
T3D5C 752:344.000 - 0.022ms returns 0x00
T3D5C 752:344.000 JLINK_ReadRegs(NumRegs = 1)
T3D5C 752:344.064     R14 (14) = 0x17003883        
T3D5C 752:344.064 - 0.023ms returns 0x00
T3D5C 752:344.064 JLINK_ReadRegs(NumRegs = 1)
T3D5C 752:344.064     R15 (PC) (15) = 0x10001FE0        
T3D5C 752:344.064 - 0.023ms returns 0x00
T3D5C 752:344.128 JLINK_ReadRegs(NumRegs = 1)
T3D5C 752:344.128     XPSR (16) = 0x61000000        
T3D5C 752:344.128 - 0.023ms returns 0x00
T3D5C 752:344.128 JLINK_ReadRegs(NumRegs = 1)
T3D5C 752:344.192     CFBP (20) = 0x00              
T3D5C 752:344.192 - 0.026ms returns 0x00
T3D5C 752:344.192 JLINK_WriteReg(XPSR, 0x61000000)
T3D5C 752:344.192 - 0.012ms returns 0
T3D5C 752:344.192 JLINK_ReadRegs(NumRegs = 1)
T3D5C 752:344.192     R15 (PC) (15) = 0x10001FE0        
T3D5C 752:344.192 - 0.024ms returns 0x00
T3D5C 752:344.448 JLINK_SetBPEx(Addr = 0x100020D0, Type = 0xFFFFFFF2)
T3D5C 752:344.448 - 0.020ms returns 0x00000002
T3D5C 752:344.448 JLINK_WriteVectorCatch(0x00000000)
T3D5C 752:344.512 - 0.013ms returns 0
T3D5C 755:539.328 JLINK_ReadMemU32(0x10001E00, 0x80 Items)
T3D5C 755:539.328   CPU_ReadMem(512 bytes @ 0x10001E00)
T3D5C 755:542.976    -- Updating C cache (512 bytes @ 0x10001E00)
T3D5C 755:543.040    -- Read from C cache (512 bytes @ 0x10001E00)
T3D5C 755:543.040   Data:  58 08 0A 18 00 98 80 68 DB 07 01 D5 4B 46 C0 18 ...
T3D5C 755:543.040 - 3.765ms returns 128 (0x80)
T3D5C 755:550.464 JLINK_ReadMemU32(0x10002000, 0x80 Items)
T3D5C 755:550.528   CPU_ReadMem(512 bytes @ 0x10002000)
T3D5C 755:554.176    -- Updating C cache (512 bytes @ 0x10002000)
T3D5C 755:554.176    -- Read from C cache (512 bytes @ 0x10002000)
T3D5C 755:554.176   Data:  0C 49 0A 68 02 43 0A 60 00 20 00 21 0D 4A 03 C2 ...
T3D5C 755:554.176 - 3.745ms returns 128 (0x80)
T3D5C 775:577.984 JLINK_ClrBPEx(BPHandle = 0x00000002)
T3D5C 775:578.496 - 0.487ms returns 0x00
T3D5C 775:578.496 JLINK_WriteVectorCatch(0x00000000)
T3D5C 775:578.496 - 0.018ms returns 0

Closed
